Determining if the __INTEL_COMPILER exist failed with the following output:
Change Dir: /home/peder/GitHub/JANUS-ROV-communicator/src/nodecomx_cpp_py/include/lib/janus-c-3.0.5/bin/CMakeFiles/CMakeTmp

Run Build Command(s):/usr/bin/gmake -f Makefile cmTC_de082/fast && /usr/bin/gmake  -f CMakeFiles/cmTC_de082.dir/build.make CMakeFiles/cmTC_de082.dir/build
gmake[1]: Entering directory '/home/peder/GitHub/JANUS-ROV-communicator/src/nodecomx_cpp_py/include/lib/janus-c-3.0.5/bin/CMakeFiles/CMakeTmp'
Building C object CMakeFiles/cmTC_de082.dir/CheckSymbolExists.c.o
/usr/bin/cc    -o CMakeFiles/cmTC_de082.dir/CheckSymbolExists.c.o -c /home/peder/GitHub/JANUS-ROV-communicator/src/nodecomx_cpp_py/include/lib/janus-c-3.0.5/bin/CMakeFiles/CMakeTmp/CheckSymbolExists.c
/home/peder/GitHub/JANUS-ROV-communicator/src/nodecomx_cpp_py/include/lib/janus-c-3.0.5/bin/CMakeFiles/CMakeTmp/CheckSymbolExists.c: In function ‘main’:
/home/peder/GitHub/JANUS-ROV-communicator/src/nodecomx_cpp_py/include/lib/janus-c-3.0.5/bin/CMakeFiles/CMakeTmp/CheckSymbolExists.c:8:19: error: ‘__INTEL_COMPILER’ undeclared (first use in this function)
    8 |   return ((int*)(&__INTEL_COMPILER))[argc];
      |                   ^~~~~~~~~~~~~~~~
/home/peder/GitHub/JANUS-ROV-communicator/src/nodecomx_cpp_py/include/lib/janus-c-3.0.5/bin/CMakeFiles/CMakeTmp/CheckSymbolExists.c:8:19: note: each undeclared identifier is reported only once for each function it appears in
gmake[1]: *** [CMakeFiles/cmTC_de082.dir/build.make:78: CMakeFiles/cmTC_de082.dir/CheckSymbolExists.c.o] Error 1
gmake[1]: Leaving directory '/home/peder/GitHub/JANUS-ROV-communicator/src/nodecomx_cpp_py/include/lib/janus-c-3.0.5/bin/CMakeFiles/CMakeTmp'
gmake: *** [Makefile:127: cmTC_de082/fast] Error 2


File /home/peder/GitHub/JANUS-ROV-communicator/src/nodecomx_cpp_py/include/lib/janus-c-3.0.5/bin/CMakeFiles/CMakeTmp/CheckSymbolExists.c:
/* */
#include <stdio.h>

int main(int argc, char** argv)
{
  (void)argv;
#ifndef __INTEL_COMPILER
  return ((int*)(&__INTEL_COMPILER))[argc];
#else
  (void)argc;
  return 0;
#endif
}
Determining if the __SUNPRO_C exist failed with the following output:
Change Dir: /home/peder/GitHub/JANUS-ROV-communicator/src/nodecomx_cpp_py/include/lib/janus-c-3.0.5/bin/CMakeFiles/CMakeTmp

Run Build Command(s):/usr/bin/gmake -f Makefile cmTC_28287/fast && /usr/bin/gmake  -f CMakeFiles/cmTC_28287.dir/build.make CMakeFiles/cmTC_28287.dir/build
gmake[1]: Entering directory '/home/peder/GitHub/JANUS-ROV-communicator/src/nodecomx_cpp_py/include/lib/janus-c-3.0.5/bin/CMakeFiles/CMakeTmp'
Building C object CMakeFiles/cmTC_28287.dir/CheckSymbolExists.c.o
/usr/bin/cc    -o CMakeFiles/cmTC_28287.dir/CheckSymbolExists.c.o -c /home/peder/GitHub/JANUS-ROV-communicator/src/nodecomx_cpp_py/include/lib/janus-c-3.0.5/bin/CMakeFiles/CMakeTmp/CheckSymbolExists.c
/home/peder/GitHub/JANUS-ROV-communicator/src/nodecomx_cpp_py/include/lib/janus-c-3.0.5/bin/CMakeFiles/CMakeTmp/CheckSymbolExists.c: In function ‘main’:
/home/peder/GitHub/JANUS-ROV-communicator/src/nodecomx_cpp_py/include/lib/janus-c-3.0.5/bin/CMakeFiles/CMakeTmp/CheckSymbolExists.c:8:19: error: ‘__SUNPRO_C’ undeclared (first use in this function)
    8 |   return ((int*)(&__SUNPRO_C))[argc];
      |                   ^~~~~~~~~~
/home/peder/GitHub/JANUS-ROV-communicator/src/nodecomx_cpp_py/include/lib/janus-c-3.0.5/bin/CMakeFiles/CMakeTmp/CheckSymbolExists.c:8:19: note: each undeclared identifier is reported only once for each function it appears in
gmake[1]: *** [CMakeFiles/cmTC_28287.dir/build.make:78: CMakeFiles/cmTC_28287.dir/CheckSymbolExists.c.o] Error 1
gmake[1]: Leaving directory '/home/peder/GitHub/JANUS-ROV-communicator/src/nodecomx_cpp_py/include/lib/janus-c-3.0.5/bin/CMakeFiles/CMakeTmp'
gmake: *** [Makefile:127: cmTC_28287/fast] Error 2


File /home/peder/GitHub/JANUS-ROV-communicator/src/nodecomx_cpp_py/include/lib/janus-c-3.0.5/bin/CMakeFiles/CMakeTmp/CheckSymbolExists.c:
/* */
#include <stdio.h>

int main(int argc, char** argv)
{
  (void)argv;
#ifndef __SUNPRO_C
  return ((int*)(&__SUNPRO_C))[argc];
#else
  (void)argc;
  return 0;
#endif
}
Determining if the __clang__ exist failed with the following output:
Change Dir: /home/peder/GitHub/JANUS-ROV-communicator/src/nodecomx_cpp_py/include/lib/janus-c-3.0.5/bin/CMakeFiles/CMakeTmp

Run Build Command(s):/usr/bin/gmake -f Makefile cmTC_75f5e/fast && /usr/bin/gmake  -f CMakeFiles/cmTC_75f5e.dir/build.make CMakeFiles/cmTC_75f5e.dir/build
gmake[1]: Entering directory '/home/peder/GitHub/JANUS-ROV-communicator/src/nodecomx_cpp_py/include/lib/janus-c-3.0.5/bin/CMakeFiles/CMakeTmp'
Building C object CMakeFiles/cmTC_75f5e.dir/CheckSymbolExists.c.o
/usr/bin/cc    -o CMakeFiles/cmTC_75f5e.dir/CheckSymbolExists.c.o -c /home/peder/GitHub/JANUS-ROV-communicator/src/nodecomx_cpp_py/include/lib/janus-c-3.0.5/bin/CMakeFiles/CMakeTmp/CheckSymbolExists.c
/home/peder/GitHub/JANUS-ROV-communicator/src/nodecomx_cpp_py/include/lib/janus-c-3.0.5/bin/CMakeFiles/CMakeTmp/CheckSymbolExists.c: In function ‘main’:
/home/peder/GitHub/JANUS-ROV-communicator/src/nodecomx_cpp_py/include/lib/janus-c-3.0.5/bin/CMakeFiles/CMakeTmp/CheckSymbolExists.c:8:19: error: ‘__clang__’ undeclared (first use in this function)
    8 |   return ((int*)(&__clang__))[argc];
      |                   ^~~~~~~~~
/home/peder/GitHub/JANUS-ROV-communicator/src/nodecomx_cpp_py/include/lib/janus-c-3.0.5/bin/CMakeFiles/CMakeTmp/CheckSymbolExists.c:8:19: note: each undeclared identifier is reported only once for each function it appears in
gmake[1]: *** [CMakeFiles/cmTC_75f5e.dir/build.make:78: CMakeFiles/cmTC_75f5e.dir/CheckSymbolExists.c.o] Error 1
gmake[1]: Leaving directory '/home/peder/GitHub/JANUS-ROV-communicator/src/nodecomx_cpp_py/include/lib/janus-c-3.0.5/bin/CMakeFiles/CMakeTmp'
gmake: *** [Makefile:127: cmTC_75f5e/fast] Error 2


File /home/peder/GitHub/JANUS-ROV-communicator/src/nodecomx_cpp_py/include/lib/janus-c-3.0.5/bin/CMakeFiles/CMakeTmp/CheckSymbolExists.c:
/* */
#include <stdio.h>

int main(int argc, char** argv)
{
  (void)argv;
#ifndef __clang__
  return ((int*)(&__clang__))[argc];
#else
  (void)argc;
  return 0;
#endif
}
Performing C SOURCE FILE Test __ARCH64__ failed with the following output:
Change Dir: /home/peder/GitHub/JANUS-ROV-communicator/src/nodecomx_cpp_py/include/lib/janus-c-3.0.5/bin/CMakeFiles/CMakeTmp

Run Build Command(s):/usr/bin/gmake -f Makefile cmTC_e70be/fast && /usr/bin/gmake  -f CMakeFiles/cmTC_e70be.dir/build.make CMakeFiles/cmTC_e70be.dir/build
gmake[1]: Entering directory '/home/peder/GitHub/JANUS-ROV-communicator/src/nodecomx_cpp_py/include/lib/janus-c-3.0.5/bin/CMakeFiles/CMakeTmp'
Building C object CMakeFiles/cmTC_e70be.dir/src.c.o
/usr/bin/cc -D__ARCH64__  -fPIC  -o CMakeFiles/cmTC_e70be.dir/src.c.o -c /home/peder/GitHub/JANUS-ROV-communicator/src/nodecomx_cpp_py/include/lib/janus-c-3.0.5/bin/CMakeFiles/CMakeTmp/src.c
/home/peder/GitHub/JANUS-ROV-communicator/src/nodecomx_cpp_py/include/lib/janus-c-3.0.5/bin/CMakeFiles/CMakeTmp/src.c:3:2: error: #error not defined
    3 | #error not defined
      |  ^~~~~
gmake[1]: *** [CMakeFiles/cmTC_e70be.dir/build.make:78: CMakeFiles/cmTC_e70be.dir/src.c.o] Error 1
gmake[1]: Leaving directory '/home/peder/GitHub/JANUS-ROV-communicator/src/nodecomx_cpp_py/include/lib/janus-c-3.0.5/bin/CMakeFiles/CMakeTmp'
gmake: *** [Makefile:127: cmTC_e70be/fast] Error 2


Source file was:
#if defined(__arch64__)
#else
#error not defined
#endif
int main(void) {return 0; }

Performing C SOURCE FILE Test JANUS_CPU_MIXED_ENDIAN_DOUBLES failed with the following output:
Change Dir: /home/peder/GitHub/JANUS-ROV-communicator/src/nodecomx_cpp_py/include/lib/janus-c-3.0.5/bin/CMakeFiles/CMakeTmp

Run Build Command(s):/usr/bin/gmake -f Makefile cmTC_52118/fast && /usr/bin/gmake  -f CMakeFiles/cmTC_52118.dir/build.make CMakeFiles/cmTC_52118.dir/build
gmake[1]: Entering directory '/home/peder/GitHub/JANUS-ROV-communicator/src/nodecomx_cpp_py/include/lib/janus-c-3.0.5/bin/CMakeFiles/CMakeTmp'
Building C object CMakeFiles/cmTC_52118.dir/src.c.o
/usr/bin/cc -DJANUS_CPU_MIXED_ENDIAN_DOUBLES  -fPIC  -o CMakeFiles/cmTC_52118.dir/src.c.o -c /home/peder/GitHub/JANUS-ROV-communicator/src/nodecomx_cpp_py/include/lib/janus-c-3.0.5/bin/CMakeFiles/CMakeTmp/src.c
/home/peder/GitHub/JANUS-ROV-communicator/src/nodecomx_cpp_py/include/lib/janus-c-3.0.5/bin/CMakeFiles/CMakeTmp/src.c:3:4: error: #error not ARM architecture
    3 | #  error not ARM architecture
      |    ^~~~~
gmake[1]: *** [CMakeFiles/cmTC_52118.dir/build.make:78: CMakeFiles/cmTC_52118.dir/src.c.o] Error 1
gmake[1]: Leaving directory '/home/peder/GitHub/JANUS-ROV-communicator/src/nodecomx_cpp_py/include/lib/janus-c-3.0.5/bin/CMakeFiles/CMakeTmp'
gmake: *** [Makefile:127: cmTC_52118/fast] Error 2


Source file was:

#if !defined(__arm__)
#  error not ARM architecture
#endif

#if defined(__VFP_FP__)
#  error normal doubles.
#endif

int main(void) { return 0; }

Performing C SOURCE FILE Test OS_LINUX24 failed with the following output:
Change Dir: /home/peder/GitHub/JANUS-ROV-communicator/src/nodecomx_cpp_py/include/lib/janus-c-3.0.5/bin/CMakeFiles/CMakeTmp

Run Build Command(s):/usr/bin/gmake -f Makefile cmTC_69efd/fast && /usr/bin/gmake  -f CMakeFiles/cmTC_69efd.dir/build.make CMakeFiles/cmTC_69efd.dir/build
gmake[1]: Entering directory '/home/peder/GitHub/JANUS-ROV-communicator/src/nodecomx_cpp_py/include/lib/janus-c-3.0.5/bin/CMakeFiles/CMakeTmp'
Building C object CMakeFiles/cmTC_69efd.dir/src.c.o
/usr/bin/cc -DOS_LINUX24  -fPIC  -o CMakeFiles/cmTC_69efd.dir/src.c.o -c /home/peder/GitHub/JANUS-ROV-communicator/src/nodecomx_cpp_py/include/lib/janus-c-3.0.5/bin/CMakeFiles/CMakeTmp/src.c
/home/peder/GitHub/JANUS-ROV-communicator/src/nodecomx_cpp_py/include/lib/janus-c-3.0.5/bin/CMakeFiles/CMakeTmp/src.c:4:4: error: #error Linux 2.5 or superior
    4 | #  error Linux 2.5 or superior
      |    ^~~~~
gmake[1]: *** [CMakeFiles/cmTC_69efd.dir/build.make:78: CMakeFiles/cmTC_69efd.dir/src.c.o] Error 1
gmake[1]: Leaving directory '/home/peder/GitHub/JANUS-ROV-communicator/src/nodecomx_cpp_py/include/lib/janus-c-3.0.5/bin/CMakeFiles/CMakeTmp'
gmake: *** [Makefile:127: cmTC_69efd/fast] Error 2


Source file was:

#include <linux/version.h>
#if LINUX_VERSION_CODE >= KERNEL_VERSION(2, 5, 0)
#  error Linux 2.5 or superior
#endif

Performing C SOURCE FILE Test LLVM_LIBC failed with the following output:
Change Dir: /home/peder/GitHub/JANUS-ROV-communicator/src/nodecomx_cpp_py/include/lib/janus-c-3.0.5/bin/CMakeFiles/CMakeTmp

Run Build Command(s):/usr/bin/gmake -f Makefile cmTC_6a59d/fast && /usr/bin/gmake  -f CMakeFiles/cmTC_6a59d.dir/build.make CMakeFiles/cmTC_6a59d.dir/build
gmake[1]: Entering directory '/home/peder/GitHub/JANUS-ROV-communicator/src/nodecomx_cpp_py/include/lib/janus-c-3.0.5/bin/CMakeFiles/CMakeTmp'
Building C object CMakeFiles/cmTC_6a59d.dir/src.c.o
/usr/bin/cc -DLLVM_LIBC  -fPIC  -o CMakeFiles/cmTC_6a59d.dir/src.c.o -c /home/peder/GitHub/JANUS-ROV-communicator/src/nodecomx_cpp_py/include/lib/janus-c-3.0.5/bin/CMakeFiles/CMakeTmp/src.c
/home/peder/GitHub/JANUS-ROV-communicator/src/nodecomx_cpp_py/include/lib/janus-c-3.0.5/bin/CMakeFiles/CMakeTmp/src.c:1:10: fatal error: cstddef: No such file or directory
    1 | #include <cstddef>
      |          ^~~~~~~~~
compilation terminated.
gmake[1]: *** [CMakeFiles/cmTC_6a59d.dir/build.make:78: CMakeFiles/cmTC_6a59d.dir/src.c.o] Error 1
gmake[1]: Leaving directory '/home/peder/GitHub/JANUS-ROV-communicator/src/nodecomx_cpp_py/include/lib/janus-c-3.0.5/bin/CMakeFiles/CMakeTmp'
gmake: *** [Makefile:127: cmTC_6a59d/fast] Error 2


Source file was:
#include <cstddef>
 int main(void) { return _LIBCPP_VERSION; }
Determining if the __UCLIBC__ exist failed with the following output:
Change Dir: /home/peder/GitHub/JANUS-ROV-communicator/src/nodecomx_cpp_py/include/lib/janus-c-3.0.5/bin/CMakeFiles/CMakeTmp

Run Build Command(s):/usr/bin/gmake -f Makefile cmTC_a9b07/fast && /usr/bin/gmake  -f CMakeFiles/cmTC_a9b07.dir/build.make CMakeFiles/cmTC_a9b07.dir/build
gmake[1]: Entering directory '/home/peder/GitHub/JANUS-ROV-communicator/src/nodecomx_cpp_py/include/lib/janus-c-3.0.5/bin/CMakeFiles/CMakeTmp'
Building C object CMakeFiles/cmTC_a9b07.dir/CheckSymbolExists.c.o
/usr/bin/cc   -fPIC  -o CMakeFiles/cmTC_a9b07.dir/CheckSymbolExists.c.o -c /home/peder/GitHub/JANUS-ROV-communicator/src/nodecomx_cpp_py/include/lib/janus-c-3.0.5/bin/CMakeFiles/CMakeTmp/CheckSymbolExists.c
/home/peder/GitHub/JANUS-ROV-communicator/src/nodecomx_cpp_py/include/lib/janus-c-3.0.5/bin/CMakeFiles/CMakeTmp/CheckSymbolExists.c: In function ‘main’:
/home/peder/GitHub/JANUS-ROV-communicator/src/nodecomx_cpp_py/include/lib/janus-c-3.0.5/bin/CMakeFiles/CMakeTmp/CheckSymbolExists.c:8:19: error: ‘__UCLIBC__’ undeclared (first use in this function); did you mean ‘__LINE__’?
    8 |   return ((int*)(&__UCLIBC__))[argc];
      |                   ^~~~~~~~~~
      |                   __LINE__
/home/peder/GitHub/JANUS-ROV-communicator/src/nodecomx_cpp_py/include/lib/janus-c-3.0.5/bin/CMakeFiles/CMakeTmp/CheckSymbolExists.c:8:19: note: each undeclared identifier is reported only once for each function it appears in
gmake[1]: *** [CMakeFiles/cmTC_a9b07.dir/build.make:78: CMakeFiles/cmTC_a9b07.dir/CheckSymbolExists.c.o] Error 1
gmake[1]: Leaving directory '/home/peder/GitHub/JANUS-ROV-communicator/src/nodecomx_cpp_py/include/lib/janus-c-3.0.5/bin/CMakeFiles/CMakeTmp'
gmake: *** [Makefile:127: cmTC_a9b07/fast] Error 2


File /home/peder/GitHub/JANUS-ROV-communicator/src/nodecomx_cpp_py/include/lib/janus-c-3.0.5/bin/CMakeFiles/CMakeTmp/CheckSymbolExists.c:
/* */
#include <stdio.h>

int main(int argc, char** argv)
{
  (void)argv;
#ifndef __UCLIBC__
  return ((int*)(&__UCLIBC__))[argc];
#else
  (void)argc;
  return 0;
#endif
}
Determining if the function getch exists in the ws2_32 failed with the following output:
Change Dir: /home/peder/GitHub/JANUS-ROV-communicator/src/nodecomx_cpp_py/include/lib/janus-c-3.0.5/bin/CMakeFiles/CMakeTmp

Run Build Command(s):/usr/bin/gmake -f Makefile cmTC_a49ab/fast && /usr/bin/gmake  -f CMakeFiles/cmTC_a49ab.dir/build.make CMakeFiles/cmTC_a49ab.dir/build
gmake[1]: Entering directory '/home/peder/GitHub/JANUS-ROV-communicator/src/nodecomx_cpp_py/include/lib/janus-c-3.0.5/bin/CMakeFiles/CMakeTmp'
Building C object CMakeFiles/cmTC_a49ab.dir/CheckFunctionExists.c.o
/usr/bin/cc   -fPIC -DCHECK_FUNCTION_EXISTS=getch -L"/home/peder/GitHub/JANUS-ROV-communicator/src/nodecomx_cpp_py/include/lib/janus-c-3.0.5/external/libraries/x86-64bit-linux-glibc-gcc113/lib" -o CMakeFiles/cmTC_a49ab.dir/CheckFunctionExists.c.o -c /usr/share/cmake-3.22/Modules/CheckFunctionExists.c
Linking C executable cmTC_a49ab
/usr/bin/cmake -E cmake_link_script CMakeFiles/cmTC_a49ab.dir/link.txt --verbose=1
/usr/bin/cc  -fPIC -DCHECK_FUNCTION_EXISTS=getch -L"/home/peder/GitHub/JANUS-ROV-communicator/src/nodecomx_cpp_py/include/lib/janus-c-3.0.5/external/libraries/x86-64bit-linux-glibc-gcc113/lib" -rdynamic CMakeFiles/cmTC_a49ab.dir/CheckFunctionExists.c.o -o cmTC_a49ab  -lws2_32 -lrt 
/usr/bin/ld: cannot find -lws2_32: No such file or directory
collect2: error: ld returned 1 exit status
gmake[1]: *** [CMakeFiles/cmTC_a49ab.dir/build.make:99: cmTC_a49ab] Error 1
gmake[1]: Leaving directory '/home/peder/GitHub/JANUS-ROV-communicator/src/nodecomx_cpp_py/include/lib/janus-c-3.0.5/bin/CMakeFiles/CMakeTmp'
gmake: *** [Makefile:127: cmTC_a49ab/fast] Error 2



Determining if the function getch exists in the wsock32 failed with the following output:
Change Dir: /home/peder/GitHub/JANUS-ROV-communicator/src/nodecomx_cpp_py/include/lib/janus-c-3.0.5/bin/CMakeFiles/CMakeTmp

Run Build Command(s):/usr/bin/gmake -f Makefile cmTC_5e5f9/fast && /usr/bin/gmake  -f CMakeFiles/cmTC_5e5f9.dir/build.make CMakeFiles/cmTC_5e5f9.dir/build
gmake[1]: Entering directory '/home/peder/GitHub/JANUS-ROV-communicator/src/nodecomx_cpp_py/include/lib/janus-c-3.0.5/bin/CMakeFiles/CMakeTmp'
Building C object CMakeFiles/cmTC_5e5f9.dir/CheckFunctionExists.c.o
/usr/bin/cc   -fPIC -DCHECK_FUNCTION_EXISTS=getch -L"/home/peder/GitHub/JANUS-ROV-communicator/src/nodecomx_cpp_py/include/lib/janus-c-3.0.5/external/libraries/x86-64bit-linux-glibc-gcc113/lib" -o CMakeFiles/cmTC_5e5f9.dir/CheckFunctionExists.c.o -c /usr/share/cmake-3.22/Modules/CheckFunctionExists.c
Linking C executable cmTC_5e5f9
/usr/bin/cmake -E cmake_link_script CMakeFiles/cmTC_5e5f9.dir/link.txt --verbose=1
/usr/bin/cc  -fPIC -DCHECK_FUNCTION_EXISTS=getch -L"/home/peder/GitHub/JANUS-ROV-communicator/src/nodecomx_cpp_py/include/lib/janus-c-3.0.5/external/libraries/x86-64bit-linux-glibc-gcc113/lib" -rdynamic CMakeFiles/cmTC_5e5f9.dir/CheckFunctionExists.c.o -o cmTC_5e5f9  -lwsock32 -lrt 
/usr/bin/ld: cannot find -lwsock32: No such file or directory
collect2: error: ld returned 1 exit status
gmake[1]: *** [CMakeFiles/cmTC_5e5f9.dir/build.make:99: cmTC_5e5f9] Error 1
gmake[1]: Leaving directory '/home/peder/GitHub/JANUS-ROV-communicator/src/nodecomx_cpp_py/include/lib/janus-c-3.0.5/bin/CMakeFiles/CMakeTmp'
gmake: *** [Makefile:127: cmTC_5e5f9/fast] Error 2



Determining if the function getch exists in the iphlpapi failed with the following output:
Change Dir: /home/peder/GitHub/JANUS-ROV-communicator/src/nodecomx_cpp_py/include/lib/janus-c-3.0.5/bin/CMakeFiles/CMakeTmp

Run Build Command(s):/usr/bin/gmake -f Makefile cmTC_fe30f/fast && /usr/bin/gmake  -f CMakeFiles/cmTC_fe30f.dir/build.make CMakeFiles/cmTC_fe30f.dir/build
gmake[1]: Entering directory '/home/peder/GitHub/JANUS-ROV-communicator/src/nodecomx_cpp_py/include/lib/janus-c-3.0.5/bin/CMakeFiles/CMakeTmp'
Building C object CMakeFiles/cmTC_fe30f.dir/CheckFunctionExists.c.o
/usr/bin/cc   -fPIC -DCHECK_FUNCTION_EXISTS=getch -L"/home/peder/GitHub/JANUS-ROV-communicator/src/nodecomx_cpp_py/include/lib/janus-c-3.0.5/external/libraries/x86-64bit-linux-glibc-gcc113/lib" -o CMakeFiles/cmTC_fe30f.dir/CheckFunctionExists.c.o -c /usr/share/cmake-3.22/Modules/CheckFunctionExists.c
Linking C executable cmTC_fe30f
/usr/bin/cmake -E cmake_link_script CMakeFiles/cmTC_fe30f.dir/link.txt --verbose=1
/usr/bin/cc  -fPIC -DCHECK_FUNCTION_EXISTS=getch -L"/home/peder/GitHub/JANUS-ROV-communicator/src/nodecomx_cpp_py/include/lib/janus-c-3.0.5/external/libraries/x86-64bit-linux-glibc-gcc113/lib" -rdynamic CMakeFiles/cmTC_fe30f.dir/CheckFunctionExists.c.o -o cmTC_fe30f  -liphlpapi -lrt 
/usr/bin/ld: cannot find -liphlpapi: No such file or directory
collect2: error: ld returned 1 exit status
gmake[1]: *** [CMakeFiles/cmTC_fe30f.dir/build.make:99: cmTC_fe30f] Error 1
gmake[1]: Leaving directory '/home/peder/GitHub/JANUS-ROV-communicator/src/nodecomx_cpp_py/include/lib/janus-c-3.0.5/bin/CMakeFiles/CMakeTmp'
gmake: *** [Makefile:127: cmTC_fe30f/fast] Error 2



Determining if the function setsockopt exists in the socket failed with the following output:
Change Dir: /home/peder/GitHub/JANUS-ROV-communicator/src/nodecomx_cpp_py/include/lib/janus-c-3.0.5/bin/CMakeFiles/CMakeTmp

Run Build Command(s):/usr/bin/gmake -f Makefile cmTC_e5b33/fast && /usr/bin/gmake  -f CMakeFiles/cmTC_e5b33.dir/build.make CMakeFiles/cmTC_e5b33.dir/build
gmake[1]: Entering directory '/home/peder/GitHub/JANUS-ROV-communicator/src/nodecomx_cpp_py/include/lib/janus-c-3.0.5/bin/CMakeFiles/CMakeTmp'
Building C object CMakeFiles/cmTC_e5b33.dir/CheckFunctionExists.c.o
/usr/bin/cc   -fPIC -DCHECK_FUNCTION_EXISTS=setsockopt -L"/home/peder/GitHub/JANUS-ROV-communicator/src/nodecomx_cpp_py/include/lib/janus-c-3.0.5/external/libraries/x86-64bit-linux-glibc-gcc113/lib" -o CMakeFiles/cmTC_e5b33.dir/CheckFunctionExists.c.o -c /usr/share/cmake-3.22/Modules/CheckFunctionExists.c
Linking C executable cmTC_e5b33
/usr/bin/cmake -E cmake_link_script CMakeFiles/cmTC_e5b33.dir/link.txt --verbose=1
/usr/bin/cc  -fPIC -DCHECK_FUNCTION_EXISTS=setsockopt -L"/home/peder/GitHub/JANUS-ROV-communicator/src/nodecomx_cpp_py/include/lib/janus-c-3.0.5/external/libraries/x86-64bit-linux-glibc-gcc113/lib" -rdynamic CMakeFiles/cmTC_e5b33.dir/CheckFunctionExists.c.o -o cmTC_e5b33  -lsocket -lrt 
/usr/bin/ld: cannot find -lsocket: No such file or directory
collect2: error: ld returned 1 exit status
gmake[1]: *** [CMakeFiles/cmTC_e5b33.dir/build.make:99: cmTC_e5b33] Error 1
gmake[1]: Leaving directory '/home/peder/GitHub/JANUS-ROV-communicator/src/nodecomx_cpp_py/include/lib/janus-c-3.0.5/bin/CMakeFiles/CMakeTmp'
gmake: *** [Makefile:127: cmTC_e5b33/fast] Error 2



Determining if the function inet_addr exists in the xnet failed with the following output:
Change Dir: /home/peder/GitHub/JANUS-ROV-communicator/src/nodecomx_cpp_py/include/lib/janus-c-3.0.5/bin/CMakeFiles/CMakeTmp

Run Build Command(s):/usr/bin/gmake -f Makefile cmTC_3c1b1/fast && /usr/bin/gmake  -f CMakeFiles/cmTC_3c1b1.dir/build.make CMakeFiles/cmTC_3c1b1.dir/build
gmake[1]: Entering directory '/home/peder/GitHub/JANUS-ROV-communicator/src/nodecomx_cpp_py/include/lib/janus-c-3.0.5/bin/CMakeFiles/CMakeTmp'
Building C object CMakeFiles/cmTC_3c1b1.dir/CheckFunctionExists.c.o
/usr/bin/cc   -fPIC -DCHECK_FUNCTION_EXISTS=inet_addr -L"/home/peder/GitHub/JANUS-ROV-communicator/src/nodecomx_cpp_py/include/lib/janus-c-3.0.5/external/libraries/x86-64bit-linux-glibc-gcc113/lib" -o CMakeFiles/cmTC_3c1b1.dir/CheckFunctionExists.c.o -c /usr/share/cmake-3.22/Modules/CheckFunctionExists.c
Linking C executable cmTC_3c1b1
/usr/bin/cmake -E cmake_link_script CMakeFiles/cmTC_3c1b1.dir/link.txt --verbose=1
/usr/bin/cc  -fPIC -DCHECK_FUNCTION_EXISTS=inet_addr -L"/home/peder/GitHub/JANUS-ROV-communicator/src/nodecomx_cpp_py/include/lib/janus-c-3.0.5/external/libraries/x86-64bit-linux-glibc-gcc113/lib" -rdynamic CMakeFiles/cmTC_3c1b1.dir/CheckFunctionExists.c.o -o cmTC_3c1b1  -lxnet -lrt -lpthread -lm 
/usr/bin/ld: cannot find -lxnet: No such file or directory
collect2: error: ld returned 1 exit status
gmake[1]: *** [CMakeFiles/cmTC_3c1b1.dir/build.make:99: cmTC_3c1b1] Error 1
gmake[1]: Leaving directory '/home/peder/GitHub/JANUS-ROV-communicator/src/nodecomx_cpp_py/include/lib/janus-c-3.0.5/bin/CMakeFiles/CMakeTmp'
gmake: *** [Makefile:127: cmTC_3c1b1/fast] Error 2



Determining if the include file windows.h exists failed with the following output:
Change Dir: /home/peder/GitHub/JANUS-ROV-communicator/src/nodecomx_cpp_py/include/lib/janus-c-3.0.5/bin/CMakeFiles/CMakeTmp

Run Build Command(s):/usr/bin/gmake -f Makefile cmTC_26e7e/fast && /usr/bin/gmake  -f CMakeFiles/cmTC_26e7e.dir/build.make CMakeFiles/cmTC_26e7e.dir/build
gmake[1]: Entering directory '/home/peder/GitHub/JANUS-ROV-communicator/src/nodecomx_cpp_py/include/lib/janus-c-3.0.5/bin/CMakeFiles/CMakeTmp'
Building C object CMakeFiles/cmTC_26e7e.dir/CheckIncludeFile.c.o
/usr/bin/cc  -I/home/peder/GitHub/JANUS-ROV-communicator/src/nodecomx_cpp_py/include/lib/janus-c-3.0.5/external/libraries/x86-64bit-linux-glibc-gcc113/include -fPIC -L"/home/peder/GitHub/JANUS-ROV-communicator/src/nodecomx_cpp_py/include/lib/janus-c-3.0.5/external/libraries/x86-64bit-linux-glibc-gcc113/lib" -o CMakeFiles/cmTC_26e7e.dir/CheckIncludeFile.c.o -c /home/peder/GitHub/JANUS-ROV-communicator/src/nodecomx_cpp_py/include/lib/janus-c-3.0.5/bin/CMakeFiles/CMakeTmp/CheckIncludeFile.c
/home/peder/GitHub/JANUS-ROV-communicator/src/nodecomx_cpp_py/include/lib/janus-c-3.0.5/bin/CMakeFiles/CMakeTmp/CheckIncludeFile.c:1:10: fatal error: windows.h: No such file or directory
    1 | #include <windows.h>
      |          ^~~~~~~~~~~
compilation terminated.
gmake[1]: *** [CMakeFiles/cmTC_26e7e.dir/build.make:78: CMakeFiles/cmTC_26e7e.dir/CheckIncludeFile.c.o] Error 1
gmake[1]: Leaving directory '/home/peder/GitHub/JANUS-ROV-communicator/src/nodecomx_cpp_py/include/lib/janus-c-3.0.5/bin/CMakeFiles/CMakeTmp'
gmake: *** [Makefile:127: cmTC_26e7e/fast] Error 2



Determining if the include file direct.h exists failed with the following output:
Change Dir: /home/peder/GitHub/JANUS-ROV-communicator/src/nodecomx_cpp_py/include/lib/janus-c-3.0.5/bin/CMakeFiles/CMakeTmp

Run Build Command(s):/usr/bin/gmake -f Makefile cmTC_2839c/fast && /usr/bin/gmake  -f CMakeFiles/cmTC_2839c.dir/build.make CMakeFiles/cmTC_2839c.dir/build
gmake[1]: Entering directory '/home/peder/GitHub/JANUS-ROV-communicator/src/nodecomx_cpp_py/include/lib/janus-c-3.0.5/bin/CMakeFiles/CMakeTmp'
Building C object CMakeFiles/cmTC_2839c.dir/CheckIncludeFile.c.o
/usr/bin/cc  -I/home/peder/GitHub/JANUS-ROV-communicator/src/nodecomx_cpp_py/include/lib/janus-c-3.0.5/external/libraries/x86-64bit-linux-glibc-gcc113/include -fPIC -L"/home/peder/GitHub/JANUS-ROV-communicator/src/nodecomx_cpp_py/include/lib/janus-c-3.0.5/external/libraries/x86-64bit-linux-glibc-gcc113/lib" -o CMakeFiles/cmTC_2839c.dir/CheckIncludeFile.c.o -c /home/peder/GitHub/JANUS-ROV-communicator/src/nodecomx_cpp_py/include/lib/janus-c-3.0.5/bin/CMakeFiles/CMakeTmp/CheckIncludeFile.c
/home/peder/GitHub/JANUS-ROV-communicator/src/nodecomx_cpp_py/include/lib/janus-c-3.0.5/bin/CMakeFiles/CMakeTmp/CheckIncludeFile.c:1:10: fatal error: direct.h: No such file or directory
    1 | #include <direct.h>
      |          ^~~~~~~~~~
compilation terminated.
gmake[1]: *** [CMakeFiles/cmTC_2839c.dir/build.make:78: CMakeFiles/cmTC_2839c.dir/CheckIncludeFile.c.o] Error 1
gmake[1]: Leaving directory '/home/peder/GitHub/JANUS-ROV-communicator/src/nodecomx_cpp_py/include/lib/janus-c-3.0.5/bin/CMakeFiles/CMakeTmp'
gmake: *** [Makefile:127: cmTC_2839c/fast] Error 2



Determining if the include file winsock2.h exists failed with the following output:
Change Dir: /home/peder/GitHub/JANUS-ROV-communicator/src/nodecomx_cpp_py/include/lib/janus-c-3.0.5/bin/CMakeFiles/CMakeTmp

Run Build Command(s):/usr/bin/gmake -f Makefile cmTC_b9e05/fast && /usr/bin/gmake  -f CMakeFiles/cmTC_b9e05.dir/build.make CMakeFiles/cmTC_b9e05.dir/build
gmake[1]: Entering directory '/home/peder/GitHub/JANUS-ROV-communicator/src/nodecomx_cpp_py/include/lib/janus-c-3.0.5/bin/CMakeFiles/CMakeTmp'
Building C object CMakeFiles/cmTC_b9e05.dir/CheckIncludeFile.c.o
/usr/bin/cc  -I/home/peder/GitHub/JANUS-ROV-communicator/src/nodecomx_cpp_py/include/lib/janus-c-3.0.5/external/libraries/x86-64bit-linux-glibc-gcc113/include -fPIC -L"/home/peder/GitHub/JANUS-ROV-communicator/src/nodecomx_cpp_py/include/lib/janus-c-3.0.5/external/libraries/x86-64bit-linux-glibc-gcc113/lib" -o CMakeFiles/cmTC_b9e05.dir/CheckIncludeFile.c.o -c /home/peder/GitHub/JANUS-ROV-communicator/src/nodecomx_cpp_py/include/lib/janus-c-3.0.5/bin/CMakeFiles/CMakeTmp/CheckIncludeFile.c
/home/peder/GitHub/JANUS-ROV-communicator/src/nodecomx_cpp_py/include/lib/janus-c-3.0.5/bin/CMakeFiles/CMakeTmp/CheckIncludeFile.c:1:10: fatal error: winsock2.h: No such file or directory
    1 | #include <winsock2.h>
      |          ^~~~~~~~~~~~
compilation terminated.
gmake[1]: *** [CMakeFiles/cmTC_b9e05.dir/build.make:78: CMakeFiles/cmTC_b9e05.dir/CheckIncludeFile.c.o] Error 1
gmake[1]: Leaving directory '/home/peder/GitHub/JANUS-ROV-communicator/src/nodecomx_cpp_py/include/lib/janus-c-3.0.5/bin/CMakeFiles/CMakeTmp'
gmake: *** [Makefile:127: cmTC_b9e05/fast] Error 2



Determining if the include file ws2tcpip.h exists failed with the following output:
Change Dir: /home/peder/GitHub/JANUS-ROV-communicator/src/nodecomx_cpp_py/include/lib/janus-c-3.0.5/bin/CMakeFiles/CMakeTmp

Run Build Command(s):/usr/bin/gmake -f Makefile cmTC_dd707/fast && /usr/bin/gmake  -f CMakeFiles/cmTC_dd707.dir/build.make CMakeFiles/cmTC_dd707.dir/build
gmake[1]: Entering directory '/home/peder/GitHub/JANUS-ROV-communicator/src/nodecomx_cpp_py/include/lib/janus-c-3.0.5/bin/CMakeFiles/CMakeTmp'
Building C object CMakeFiles/cmTC_dd707.dir/CheckIncludeFile.c.o
/usr/bin/cc  -I/home/peder/GitHub/JANUS-ROV-communicator/src/nodecomx_cpp_py/include/lib/janus-c-3.0.5/external/libraries/x86-64bit-linux-glibc-gcc113/include -fPIC -L"/home/peder/GitHub/JANUS-ROV-communicator/src/nodecomx_cpp_py/include/lib/janus-c-3.0.5/external/libraries/x86-64bit-linux-glibc-gcc113/lib" -o CMakeFiles/cmTC_dd707.dir/CheckIncludeFile.c.o -c /home/peder/GitHub/JANUS-ROV-communicator/src/nodecomx_cpp_py/include/lib/janus-c-3.0.5/bin/CMakeFiles/CMakeTmp/CheckIncludeFile.c
/home/peder/GitHub/JANUS-ROV-communicator/src/nodecomx_cpp_py/include/lib/janus-c-3.0.5/bin/CMakeFiles/CMakeTmp/CheckIncludeFile.c:1:10: fatal error: ws2tcpip.h: No such file or directory
    1 | #include <ws2tcpip.h>
      |          ^~~~~~~~~~~~
compilation terminated.
gmake[1]: *** [CMakeFiles/cmTC_dd707.dir/build.make:78: CMakeFiles/cmTC_dd707.dir/CheckIncludeFile.c.o] Error 1
gmake[1]: Leaving directory '/home/peder/GitHub/JANUS-ROV-communicator/src/nodecomx_cpp_py/include/lib/janus-c-3.0.5/bin/CMakeFiles/CMakeTmp'
gmake: *** [Makefile:127: cmTC_dd707/fast] Error 2



Determining if the include file wspiapi.h exists failed with the following output:
Change Dir: /home/peder/GitHub/JANUS-ROV-communicator/src/nodecomx_cpp_py/include/lib/janus-c-3.0.5/bin/CMakeFiles/CMakeTmp

Run Build Command(s):/usr/bin/gmake -f Makefile cmTC_91ea2/fast && /usr/bin/gmake  -f CMakeFiles/cmTC_91ea2.dir/build.make CMakeFiles/cmTC_91ea2.dir/build
gmake[1]: Entering directory '/home/peder/GitHub/JANUS-ROV-communicator/src/nodecomx_cpp_py/include/lib/janus-c-3.0.5/bin/CMakeFiles/CMakeTmp'
Building C object CMakeFiles/cmTC_91ea2.dir/CheckIncludeFile.c.o
/usr/bin/cc  -I/home/peder/GitHub/JANUS-ROV-communicator/src/nodecomx_cpp_py/include/lib/janus-c-3.0.5/external/libraries/x86-64bit-linux-glibc-gcc113/include -fPIC -L"/home/peder/GitHub/JANUS-ROV-communicator/src/nodecomx_cpp_py/include/lib/janus-c-3.0.5/external/libraries/x86-64bit-linux-glibc-gcc113/lib" -o CMakeFiles/cmTC_91ea2.dir/CheckIncludeFile.c.o -c /home/peder/GitHub/JANUS-ROV-communicator/src/nodecomx_cpp_py/include/lib/janus-c-3.0.5/bin/CMakeFiles/CMakeTmp/CheckIncludeFile.c
/home/peder/GitHub/JANUS-ROV-communicator/src/nodecomx_cpp_py/include/lib/janus-c-3.0.5/bin/CMakeFiles/CMakeTmp/CheckIncludeFile.c:1:10: fatal error: wspiapi.h: No such file or directory
    1 | #include <wspiapi.h>
      |          ^~~~~~~~~~~
compilation terminated.
gmake[1]: *** [CMakeFiles/cmTC_91ea2.dir/build.make:78: CMakeFiles/cmTC_91ea2.dir/CheckIncludeFile.c.o] Error 1
gmake[1]: Leaving directory '/home/peder/GitHub/JANUS-ROV-communicator/src/nodecomx_cpp_py/include/lib/janus-c-3.0.5/bin/CMakeFiles/CMakeTmp'
gmake: *** [Makefile:127: cmTC_91ea2/fast] Error 2



Determining if the include file ws2spi.h exists failed with the following output:
Change Dir: /home/peder/GitHub/JANUS-ROV-communicator/src/nodecomx_cpp_py/include/lib/janus-c-3.0.5/bin/CMakeFiles/CMakeTmp

Run Build Command(s):/usr/bin/gmake -f Makefile cmTC_bfca0/fast && /usr/bin/gmake  -f CMakeFiles/cmTC_bfca0.dir/build.make CMakeFiles/cmTC_bfca0.dir/build
gmake[1]: Entering directory '/home/peder/GitHub/JANUS-ROV-communicator/src/nodecomx_cpp_py/include/lib/janus-c-3.0.5/bin/CMakeFiles/CMakeTmp'
Building C object CMakeFiles/cmTC_bfca0.dir/CheckIncludeFile.c.o
/usr/bin/cc  -I/home/peder/GitHub/JANUS-ROV-communicator/src/nodecomx_cpp_py/include/lib/janus-c-3.0.5/external/libraries/x86-64bit-linux-glibc-gcc113/include -fPIC -L"/home/peder/GitHub/JANUS-ROV-communicator/src/nodecomx_cpp_py/include/lib/janus-c-3.0.5/external/libraries/x86-64bit-linux-glibc-gcc113/lib" -o CMakeFiles/cmTC_bfca0.dir/CheckIncludeFile.c.o -c /home/peder/GitHub/JANUS-ROV-communicator/src/nodecomx_cpp_py/include/lib/janus-c-3.0.5/bin/CMakeFiles/CMakeTmp/CheckIncludeFile.c
/home/peder/GitHub/JANUS-ROV-communicator/src/nodecomx_cpp_py/include/lib/janus-c-3.0.5/bin/CMakeFiles/CMakeTmp/CheckIncludeFile.c:1:10: fatal error: ws2spi.h: No such file or directory
    1 | #include <ws2spi.h>
      |          ^~~~~~~~~~
compilation terminated.
gmake[1]: *** [CMakeFiles/cmTC_bfca0.dir/build.make:78: CMakeFiles/cmTC_bfca0.dir/CheckIncludeFile.c.o] Error 1
gmake[1]: Leaving directory '/home/peder/GitHub/JANUS-ROV-communicator/src/nodecomx_cpp_py/include/lib/janus-c-3.0.5/bin/CMakeFiles/CMakeTmp'
gmake: *** [Makefile:127: cmTC_bfca0/fast] Error 2



Determining if the include file mach-o/dyld.h exists failed with the following output:
Change Dir: /home/peder/GitHub/JANUS-ROV-communicator/src/nodecomx_cpp_py/include/lib/janus-c-3.0.5/bin/CMakeFiles/CMakeTmp

Run Build Command(s):/usr/bin/gmake -f Makefile cmTC_7c606/fast && /usr/bin/gmake  -f CMakeFiles/cmTC_7c606.dir/build.make CMakeFiles/cmTC_7c606.dir/build
gmake[1]: Entering directory '/home/peder/GitHub/JANUS-ROV-communicator/src/nodecomx_cpp_py/include/lib/janus-c-3.0.5/bin/CMakeFiles/CMakeTmp'
Building C object CMakeFiles/cmTC_7c606.dir/CheckIncludeFile.c.o
/usr/bin/cc  -I/home/peder/GitHub/JANUS-ROV-communicator/src/nodecomx_cpp_py/include/lib/janus-c-3.0.5/external/libraries/x86-64bit-linux-glibc-gcc113/include -fPIC -L"/home/peder/GitHub/JANUS-ROV-communicator/src/nodecomx_cpp_py/include/lib/janus-c-3.0.5/external/libraries/x86-64bit-linux-glibc-gcc113/lib" -o CMakeFiles/cmTC_7c606.dir/CheckIncludeFile.c.o -c /home/peder/GitHub/JANUS-ROV-communicator/src/nodecomx_cpp_py/include/lib/janus-c-3.0.5/bin/CMakeFiles/CMakeTmp/CheckIncludeFile.c
/home/peder/GitHub/JANUS-ROV-communicator/src/nodecomx_cpp_py/include/lib/janus-c-3.0.5/bin/CMakeFiles/CMakeTmp/CheckIncludeFile.c:1:10: fatal error: mach-o/dyld.h: No such file or directory
    1 | #include <mach-o/dyld.h>
      |          ^~~~~~~~~~~~~~~
compilation terminated.
gmake[1]: *** [CMakeFiles/cmTC_7c606.dir/build.make:78: CMakeFiles/cmTC_7c606.dir/CheckIncludeFile.c.o] Error 1
gmake[1]: Leaving directory '/home/peder/GitHub/JANUS-ROV-communicator/src/nodecomx_cpp_py/include/lib/janus-c-3.0.5/bin/CMakeFiles/CMakeTmp'
gmake: *** [Makefile:127: cmTC_7c606/fast] Error 2



Determining if the include file process.h exists failed with the following output:
Change Dir: /home/peder/GitHub/JANUS-ROV-communicator/src/nodecomx_cpp_py/include/lib/janus-c-3.0.5/bin/CMakeFiles/CMakeTmp

Run Build Command(s):/usr/bin/gmake -f Makefile cmTC_34e27/fast && /usr/bin/gmake  -f CMakeFiles/cmTC_34e27.dir/build.make CMakeFiles/cmTC_34e27.dir/build
gmake[1]: Entering directory '/home/peder/GitHub/JANUS-ROV-communicator/src/nodecomx_cpp_py/include/lib/janus-c-3.0.5/bin/CMakeFiles/CMakeTmp'
Building C object CMakeFiles/cmTC_34e27.dir/CheckIncludeFile.c.o
/usr/bin/cc  -I/home/peder/GitHub/JANUS-ROV-communicator/src/nodecomx_cpp_py/include/lib/janus-c-3.0.5/external/libraries/x86-64bit-linux-glibc-gcc113/include -fPIC -L"/home/peder/GitHub/JANUS-ROV-communicator/src/nodecomx_cpp_py/include/lib/janus-c-3.0.5/external/libraries/x86-64bit-linux-glibc-gcc113/lib" -o CMakeFiles/cmTC_34e27.dir/CheckIncludeFile.c.o -c /home/peder/GitHub/JANUS-ROV-communicator/src/nodecomx_cpp_py/include/lib/janus-c-3.0.5/bin/CMakeFiles/CMakeTmp/CheckIncludeFile.c
/home/peder/GitHub/JANUS-ROV-communicator/src/nodecomx_cpp_py/include/lib/janus-c-3.0.5/bin/CMakeFiles/CMakeTmp/CheckIncludeFile.c:1:10: fatal error: process.h: No such file or directory
    1 | #include <process.h>
      |          ^~~~~~~~~~~
compilation terminated.
gmake[1]: *** [CMakeFiles/cmTC_34e27.dir/build.make:78: CMakeFiles/cmTC_34e27.dir/CheckIncludeFile.c.o] Error 1
gmake[1]: Leaving directory '/home/peder/GitHub/JANUS-ROV-communicator/src/nodecomx_cpp_py/include/lib/janus-c-3.0.5/bin/CMakeFiles/CMakeTmp'
gmake: *** [Makefile:127: cmTC_34e27/fast] Error 2



Determining if the include file bsp.h exists failed with the following output:
Change Dir: /home/peder/GitHub/JANUS-ROV-communicator/src/nodecomx_cpp_py/include/lib/janus-c-3.0.5/bin/CMakeFiles/CMakeTmp

Run Build Command(s):/usr/bin/gmake -f Makefile cmTC_e68ba/fast && /usr/bin/gmake  -f CMakeFiles/cmTC_e68ba.dir/build.make CMakeFiles/cmTC_e68ba.dir/build
gmake[1]: Entering directory '/home/peder/GitHub/JANUS-ROV-communicator/src/nodecomx_cpp_py/include/lib/janus-c-3.0.5/bin/CMakeFiles/CMakeTmp'
Building C object CMakeFiles/cmTC_e68ba.dir/CheckIncludeFile.c.o
/usr/bin/cc  -I/home/peder/GitHub/JANUS-ROV-communicator/src/nodecomx_cpp_py/include/lib/janus-c-3.0.5/external/libraries/x86-64bit-linux-glibc-gcc113/include -fPIC -L"/home/peder/GitHub/JANUS-ROV-communicator/src/nodecomx_cpp_py/include/lib/janus-c-3.0.5/external/libraries/x86-64bit-linux-glibc-gcc113/lib" -o CMakeFiles/cmTC_e68ba.dir/CheckIncludeFile.c.o -c /home/peder/GitHub/JANUS-ROV-communicator/src/nodecomx_cpp_py/include/lib/janus-c-3.0.5/bin/CMakeFiles/CMakeTmp/CheckIncludeFile.c
/home/peder/GitHub/JANUS-ROV-communicator/src/nodecomx_cpp_py/include/lib/janus-c-3.0.5/bin/CMakeFiles/CMakeTmp/CheckIncludeFile.c:1:10: fatal error: bsp.h: No such file or directory
    1 | #include <bsp.h>
      |          ^~~~~~~
compilation terminated.
gmake[1]: *** [CMakeFiles/cmTC_e68ba.dir/build.make:78: CMakeFiles/cmTC_e68ba.dir/CheckIncludeFile.c.o] Error 1
gmake[1]: Leaving directory '/home/peder/GitHub/JANUS-ROV-communicator/src/nodecomx_cpp_py/include/lib/janus-c-3.0.5/bin/CMakeFiles/CMakeTmp'
gmake: *** [Makefile:127: cmTC_e68ba/fast] Error 2



Performing C SOURCE FILE Test JANUS_SYS_HAS_SYS_SYSCTL_H failed with the following output:
Change Dir: /home/peder/GitHub/JANUS-ROV-communicator/src/nodecomx_cpp_py/include/lib/janus-c-3.0.5/bin/CMakeFiles/CMakeTmp

Run Build Command(s):/usr/bin/gmake -f Makefile cmTC_67dfc/fast && /usr/bin/gmake  -f CMakeFiles/cmTC_67dfc.dir/build.make CMakeFiles/cmTC_67dfc.dir/build
gmake[1]: Entering directory '/home/peder/GitHub/JANUS-ROV-communicator/src/nodecomx_cpp_py/include/lib/janus-c-3.0.5/bin/CMakeFiles/CMakeTmp'
Building C object CMakeFiles/cmTC_67dfc.dir/src.c.o
/usr/bin/cc -DJANUS_SYS_HAS_SYS_SYSCTL_H -I/home/peder/GitHub/JANUS-ROV-communicator/src/nodecomx_cpp_py/include/lib/janus-c-3.0.5/external/libraries/x86-64bit-linux-glibc-gcc113/include -fPIC -L"/home/peder/GitHub/JANUS-ROV-communicator/src/nodecomx_cpp_py/include/lib/janus-c-3.0.5/external/libraries/x86-64bit-linux-glibc-gcc113/lib" -o CMakeFiles/cmTC_67dfc.dir/src.c.o -c /home/peder/GitHub/JANUS-ROV-communicator/src/nodecomx_cpp_py/include/lib/janus-c-3.0.5/bin/CMakeFiles/CMakeTmp/src.c
/home/peder/GitHub/JANUS-ROV-communicator/src/nodecomx_cpp_py/include/lib/janus-c-3.0.5/bin/CMakeFiles/CMakeTmp/src.c:3:10: fatal error: sys/sysctl.h: No such file or directory
    3 | #include <sys/sysctl.h>
      |          ^~~~~~~~~~~~~~
compilation terminated.
gmake[1]: *** [CMakeFiles/cmTC_67dfc.dir/build.make:78: CMakeFiles/cmTC_67dfc.dir/src.c.o] Error 1
gmake[1]: Leaving directory '/home/peder/GitHub/JANUS-ROV-communicator/src/nodecomx_cpp_py/include/lib/janus-c-3.0.5/bin/CMakeFiles/CMakeTmp'
gmake: *** [Makefile:127: cmTC_67dfc/fast] Error 2


Source file was:
#include <sys/types.h>

#include <sys/sysctl.h>
int main(void){ return 0; }

Performing C SOURCE FILE Test JANUS_SYS_HAS_TIMEPPS_H failed with the following output:
Change Dir: /home/peder/GitHub/JANUS-ROV-communicator/src/nodecomx_cpp_py/include/lib/janus-c-3.0.5/bin/CMakeFiles/CMakeTmp

Run Build Command(s):/usr/bin/gmake -f Makefile cmTC_af0ed/fast && /usr/bin/gmake  -f CMakeFiles/cmTC_af0ed.dir/build.make CMakeFiles/cmTC_af0ed.dir/build
gmake[1]: Entering directory '/home/peder/GitHub/JANUS-ROV-communicator/src/nodecomx_cpp_py/include/lib/janus-c-3.0.5/bin/CMakeFiles/CMakeTmp'
Building C object CMakeFiles/cmTC_af0ed.dir/src.c.o
/usr/bin/cc -DJANUS_SYS_HAS_TIMEPPS_H -I/home/peder/GitHub/JANUS-ROV-communicator/src/nodecomx_cpp_py/include/lib/janus-c-3.0.5/external/libraries/x86-64bit-linux-glibc-gcc113/include -fPIC -L"/home/peder/GitHub/JANUS-ROV-communicator/src/nodecomx_cpp_py/include/lib/janus-c-3.0.5/external/libraries/x86-64bit-linux-glibc-gcc113/lib" -o CMakeFiles/cmTC_af0ed.dir/src.c.o -c /home/peder/GitHub/JANUS-ROV-communicator/src/nodecomx_cpp_py/include/lib/janus-c-3.0.5/bin/CMakeFiles/CMakeTmp/src.c
/home/peder/GitHub/JANUS-ROV-communicator/src/nodecomx_cpp_py/include/lib/janus-c-3.0.5/bin/CMakeFiles/CMakeTmp/src.c:3:10: fatal error: timepps.h: No such file or directory
    3 | #include <timepps.h>
      |          ^~~~~~~~~~~
compilation terminated.
gmake[1]: *** [CMakeFiles/cmTC_af0ed.dir/build.make:78: CMakeFiles/cmTC_af0ed.dir/src.c.o] Error 1
gmake[1]: Leaving directory '/home/peder/GitHub/JANUS-ROV-communicator/src/nodecomx_cpp_py/include/lib/janus-c-3.0.5/bin/CMakeFiles/CMakeTmp'
gmake: *** [Makefile:127: cmTC_af0ed/fast] Error 2


Source file was:
#include <unistd.h>

#include <timepps.h>
int main(void){ return 0; }

Performing C SOURCE FILE Test JANUS_SYS_HAS_IPHLPAPI_H failed with the following output:
Change Dir: /home/peder/GitHub/JANUS-ROV-communicator/src/nodecomx_cpp_py/include/lib/janus-c-3.0.5/bin/CMakeFiles/CMakeTmp

Run Build Command(s):/usr/bin/gmake -f Makefile cmTC_aa4b4/fast && /usr/bin/gmake  -f CMakeFiles/cmTC_aa4b4.dir/build.make CMakeFiles/cmTC_aa4b4.dir/build
gmake[1]: Entering directory '/home/peder/GitHub/JANUS-ROV-communicator/src/nodecomx_cpp_py/include/lib/janus-c-3.0.5/bin/CMakeFiles/CMakeTmp'
Building C object CMakeFiles/cmTC_aa4b4.dir/src.c.o
/usr/bin/cc -DJANUS_SYS_HAS_IPHLPAPI_H -I/home/peder/GitHub/JANUS-ROV-communicator/src/nodecomx_cpp_py/include/lib/janus-c-3.0.5/external/libraries/x86-64bit-linux-glibc-gcc113/include -fPIC -L"/home/peder/GitHub/JANUS-ROV-communicator/src/nodecomx_cpp_py/include/lib/janus-c-3.0.5/external/libraries/x86-64bit-linux-glibc-gcc113/lib" -o CMakeFiles/cmTC_aa4b4.dir/src.c.o -c /home/peder/GitHub/JANUS-ROV-communicator/src/nodecomx_cpp_py/include/lib/janus-c-3.0.5/bin/CMakeFiles/CMakeTmp/src.c
/home/peder/GitHub/JANUS-ROV-communicator/src/nodecomx_cpp_py/include/lib/janus-c-3.0.5/bin/CMakeFiles/CMakeTmp/src.c:2:10: fatal error: iphlpapi.h: No such file or directory
    2 | #include <iphlpapi.h>
      |          ^~~~~~~~~~~~
compilation terminated.
gmake[1]: *** [CMakeFiles/cmTC_aa4b4.dir/build.make:78: CMakeFiles/cmTC_aa4b4.dir/src.c.o] Error 1
gmake[1]: Leaving directory '/home/peder/GitHub/JANUS-ROV-communicator/src/nodecomx_cpp_py/include/lib/janus-c-3.0.5/bin/CMakeFiles/CMakeTmp'
gmake: *** [Makefile:127: cmTC_aa4b4/fast] Error 2


Source file was:

#include <iphlpapi.h>
int main(void){ return 0; }

Performing C SOURCE FILE Test JANUS_SYS_HAS_STRNCPY_S failed with the following output:
Change Dir: /home/peder/GitHub/JANUS-ROV-communicator/src/nodecomx_cpp_py/include/lib/janus-c-3.0.5/bin/CMakeFiles/CMakeTmp

Run Build Command(s):/usr/bin/gmake -f Makefile cmTC_a7d8e/fast && /usr/bin/gmake  -f CMakeFiles/cmTC_a7d8e.dir/build.make CMakeFiles/cmTC_a7d8e.dir/build
gmake[1]: Entering directory '/home/peder/GitHub/JANUS-ROV-communicator/src/nodecomx_cpp_py/include/lib/janus-c-3.0.5/bin/CMakeFiles/CMakeTmp'
Building C object CMakeFiles/cmTC_a7d8e.dir/src.c.o
/usr/bin/cc -DJANUS_SYS_HAS_STRNCPY_S -I/home/peder/GitHub/JANUS-ROV-communicator/src/nodecomx_cpp_py/include/lib/janus-c-3.0.5/external/libraries/x86-64bit-linux-glibc-gcc113/include -fPIC -std=c99 -Wall -Wshadow -pedantic -o CMakeFiles/cmTC_a7d8e.dir/src.c.o -c /home/peder/GitHub/JANUS-ROV-communicator/src/nodecomx_cpp_py/include/lib/janus-c-3.0.5/bin/CMakeFiles/CMakeTmp/src.c
/home/peder/GitHub/JANUS-ROV-communicator/src/nodecomx_cpp_py/include/lib/janus-c-3.0.5/bin/CMakeFiles/CMakeTmp/src.c: In function ‘main’:
/home/peder/GitHub/JANUS-ROV-communicator/src/nodecomx_cpp_py/include/lib/janus-c-3.0.5/bin/CMakeFiles/CMakeTmp/src.c:4:1: error: unknown type name ‘size_t’
    4 | size_t xx;
      | ^~~~~~
/home/peder/GitHub/JANUS-ROV-communicator/src/nodecomx_cpp_py/include/lib/janus-c-3.0.5/bin/CMakeFiles/CMakeTmp/src.c:1:1: note: ‘size_t’ is defined in header ‘<stddef.h>’; did you forget to ‘#include <stddef.h>’?
  +++ |+#include <stddef.h>
    1 | 
/home/peder/GitHub/JANUS-ROV-communicator/src/nodecomx_cpp_py/include/lib/janus-c-3.0.5/bin/CMakeFiles/CMakeTmp/src.c:6:1: error: unknown type name ‘size_t’
    6 | size_t xxxx;
      | ^~~~~~
/home/peder/GitHub/JANUS-ROV-communicator/src/nodecomx_cpp_py/include/lib/janus-c-3.0.5/bin/CMakeFiles/CMakeTmp/src.c:6:1: note: ‘size_t’ is defined in header ‘<stddef.h>’; did you forget to ‘#include <stddef.h>’?
/home/peder/GitHub/JANUS-ROV-communicator/src/nodecomx_cpp_py/include/lib/janus-c-3.0.5/bin/CMakeFiles/CMakeTmp/src.c:8:2: error: unknown type name ‘errno_t’
    8 |  errno_t rv = strncpy_s(&x, xx, &xxx, xxxx);
      |  ^~~~~~~
/home/peder/GitHub/JANUS-ROV-communicator/src/nodecomx_cpp_py/include/lib/janus-c-3.0.5/bin/CMakeFiles/CMakeTmp/src.c:8:15: warning: implicit declaration of function ‘strncpy_s’ [-Wimplicit-function-declaration]
    8 |  errno_t rv = strncpy_s(&x, xx, &xxx, xxxx);
      |               ^~~~~~~~~
/home/peder/GitHub/JANUS-ROV-communicator/src/nodecomx_cpp_py/include/lib/janus-c-3.0.5/bin/CMakeFiles/CMakeTmp/src.c:8:10: warning: unused variable ‘rv’ [-Wunused-variable]
    8 |  errno_t rv = strncpy_s(&x, xx, &xxx, xxxx);
      |          ^~
gmake[1]: *** [CMakeFiles/cmTC_a7d8e.dir/build.make:78: CMakeFiles/cmTC_a7d8e.dir/src.c.o] Error 1
gmake[1]: Leaving directory '/home/peder/GitHub/JANUS-ROV-communicator/src/nodecomx_cpp_py/include/lib/janus-c-3.0.5/bin/CMakeFiles/CMakeTmp'
gmake: *** [Makefile:127: cmTC_a7d8e/fast] Error 2


Source file was:

int main(void) {
char x;
size_t xx;
char xxx;
size_t xxxx;

 errno_t rv = strncpy_s(&x, xx, &xxx, xxxx);
return 0;
}

Performing C SOURCE FILE Test JANUS_SYS_HAS_STRNCPY failed with the following output:
Change Dir: /home/peder/GitHub/JANUS-ROV-communicator/src/nodecomx_cpp_py/include/lib/janus-c-3.0.5/bin/CMakeFiles/CMakeTmp

Run Build Command(s):/usr/bin/gmake -f Makefile cmTC_8b7f0/fast && /usr/bin/gmake  -f CMakeFiles/cmTC_8b7f0.dir/build.make CMakeFiles/cmTC_8b7f0.dir/build
gmake[1]: Entering directory '/home/peder/GitHub/JANUS-ROV-communicator/src/nodecomx_cpp_py/include/lib/janus-c-3.0.5/bin/CMakeFiles/CMakeTmp'
Building C object CMakeFiles/cmTC_8b7f0.dir/src.c.o
/usr/bin/cc -DJANUS_SYS_HAS_STRNCPY -I/home/peder/GitHub/JANUS-ROV-communicator/src/nodecomx_cpp_py/include/lib/janus-c-3.0.5/external/libraries/x86-64bit-linux-glibc-gcc113/include -fPIC -std=c99 -Wall -Wshadow -pedantic -o CMakeFiles/cmTC_8b7f0.dir/src.c.o -c /home/peder/GitHub/JANUS-ROV-communicator/src/nodecomx_cpp_py/include/lib/janus-c-3.0.5/bin/CMakeFiles/CMakeTmp/src.c
/home/peder/GitHub/JANUS-ROV-communicator/src/nodecomx_cpp_py/include/lib/janus-c-3.0.5/bin/CMakeFiles/CMakeTmp/src.c: In function ‘main’:
/home/peder/GitHub/JANUS-ROV-communicator/src/nodecomx_cpp_py/include/lib/janus-c-3.0.5/bin/CMakeFiles/CMakeTmp/src.c:5:1: error: unknown type name ‘size_t’
    5 | size_t xxx;
      | ^~~~~~
/home/peder/GitHub/JANUS-ROV-communicator/src/nodecomx_cpp_py/include/lib/janus-c-3.0.5/bin/CMakeFiles/CMakeTmp/src.c:1:1: note: ‘size_t’ is defined in header ‘<stddef.h>’; did you forget to ‘#include <stddef.h>’?
  +++ |+#include <stddef.h>
    1 | 
/home/peder/GitHub/JANUS-ROV-communicator/src/nodecomx_cpp_py/include/lib/janus-c-3.0.5/bin/CMakeFiles/CMakeTmp/src.c:7:13: warning: implicit declaration of function ‘strncpy’ [-Wimplicit-function-declaration]
    7 |  char* rv = strncpy(&x, &xx, xxx);
      |             ^~~~~~~
/home/peder/GitHub/JANUS-ROV-communicator/src/nodecomx_cpp_py/include/lib/janus-c-3.0.5/bin/CMakeFiles/CMakeTmp/src.c:1:1: note: include ‘<string.h>’ or provide a declaration of ‘strncpy’
  +++ |+#include <string.h>
    1 | 
/home/peder/GitHub/JANUS-ROV-communicator/src/nodecomx_cpp_py/include/lib/janus-c-3.0.5/bin/CMakeFiles/CMakeTmp/src.c:7:13: warning: incompatible implicit declaration of built-in function ‘strncpy’ [-Wbuiltin-declaration-mismatch]
    7 |  char* rv = strncpy(&x, &xx, xxx);
      |             ^~~~~~~
/home/peder/GitHub/JANUS-ROV-communicator/src/nodecomx_cpp_py/include/lib/janus-c-3.0.5/bin/CMakeFiles/CMakeTmp/src.c:7:13: note: include ‘<string.h>’ or provide a declaration of ‘strncpy’
/home/peder/GitHub/JANUS-ROV-communicator/src/nodecomx_cpp_py/include/lib/janus-c-3.0.5/bin/CMakeFiles/CMakeTmp/src.c:7:8: warning: unused variable ‘rv’ [-Wunused-variable]
    7 |  char* rv = strncpy(&x, &xx, xxx);
      |        ^~
gmake[1]: *** [CMakeFiles/cmTC_8b7f0.dir/build.make:78: CMakeFiles/cmTC_8b7f0.dir/src.c.o] Error 1
gmake[1]: Leaving directory '/home/peder/GitHub/JANUS-ROV-communicator/src/nodecomx_cpp_py/include/lib/janus-c-3.0.5/bin/CMakeFiles/CMakeTmp'
gmake: *** [Makefile:127: cmTC_8b7f0/fast] Error 2


Source file was:

int main(void) {
char x;
char xx;
size_t xxx;

 char* rv = strncpy(&x, &xx, xxx);
return 0;
}

Performing C SOURCE FILE Test JANUS_SYS_HAS_VSNPRINTF failed with the following output:
Change Dir: /home/peder/GitHub/JANUS-ROV-communicator/src/nodecomx_cpp_py/include/lib/janus-c-3.0.5/bin/CMakeFiles/CMakeTmp

Run Build Command(s):/usr/bin/gmake -f Makefile cmTC_73d35/fast && /usr/bin/gmake  -f CMakeFiles/cmTC_73d35.dir/build.make CMakeFiles/cmTC_73d35.dir/build
gmake[1]: Entering directory '/home/peder/GitHub/JANUS-ROV-communicator/src/nodecomx_cpp_py/include/lib/janus-c-3.0.5/bin/CMakeFiles/CMakeTmp'
Building C object CMakeFiles/cmTC_73d35.dir/src.c.o
/usr/bin/cc -DJANUS_SYS_HAS_VSNPRINTF -I/home/peder/GitHub/JANUS-ROV-communicator/src/nodecomx_cpp_py/include/lib/janus-c-3.0.5/external/libraries/x86-64bit-linux-glibc-gcc113/include -fPIC -std=c99 -Wall -Wshadow -pedantic -o CMakeFiles/cmTC_73d35.dir/src.c.o -c /home/peder/GitHub/JANUS-ROV-communicator/src/nodecomx_cpp_py/include/lib/janus-c-3.0.5/bin/CMakeFiles/CMakeTmp/src.c
/home/peder/GitHub/JANUS-ROV-communicator/src/nodecomx_cpp_py/include/lib/janus-c-3.0.5/bin/CMakeFiles/CMakeTmp/src.c: In function ‘main’:
/home/peder/GitHub/JANUS-ROV-communicator/src/nodecomx_cpp_py/include/lib/janus-c-3.0.5/bin/CMakeFiles/CMakeTmp/src.c:4:1: error: unknown type name ‘size_t’
    4 | size_t xx;
      | ^~~~~~
/home/peder/GitHub/JANUS-ROV-communicator/src/nodecomx_cpp_py/include/lib/janus-c-3.0.5/bin/CMakeFiles/CMakeTmp/src.c:1:1: note: ‘size_t’ is defined in header ‘<stddef.h>’; did you forget to ‘#include <stddef.h>’?
  +++ |+#include <stddef.h>
    1 | 
/home/peder/GitHub/JANUS-ROV-communicator/src/nodecomx_cpp_py/include/lib/janus-c-3.0.5/bin/CMakeFiles/CMakeTmp/src.c:6:1: error: unknown type name ‘va_list’
    6 | va_list xxxx;
      | ^~~~~~~
/home/peder/GitHub/JANUS-ROV-communicator/src/nodecomx_cpp_py/include/lib/janus-c-3.0.5/bin/CMakeFiles/CMakeTmp/src.c:1:1: note: ‘va_list’ is defined in header ‘<stdarg.h>’; did you forget to ‘#include <stdarg.h>’?
  +++ |+#include <stdarg.h>
    1 | 
/home/peder/GitHub/JANUS-ROV-communicator/src/nodecomx_cpp_py/include/lib/janus-c-3.0.5/bin/CMakeFiles/CMakeTmp/src.c:8:11: warning: implicit declaration of function ‘vsnprintf’ [-Wimplicit-function-declaration]
    8 |  int rv = vsnprintf(&x, xx, &xxx, xxxx);
      |           ^~~~~~~~~
/home/peder/GitHub/JANUS-ROV-communicator/src/nodecomx_cpp_py/include/lib/janus-c-3.0.5/bin/CMakeFiles/CMakeTmp/src.c:1:1: note: include ‘<stdio.h>’ or provide a declaration of ‘vsnprintf’
  +++ |+#include <stdio.h>
    1 | 
/home/peder/GitHub/JANUS-ROV-communicator/src/nodecomx_cpp_py/include/lib/janus-c-3.0.5/bin/CMakeFiles/CMakeTmp/src.c:8:25: warning: ‘vsnprintf’ argument 2 type is ‘int’ where ‘long unsigned int’ is expected in a call to built-in function declared without prototype [-Wbuiltin-declaration-mismatch]
    8 |  int rv = vsnprintf(&x, xx, &xxx, xxxx);
      |                         ^~
<built-in>: note: built-in ‘vsnprintf’ declared here
/home/peder/GitHub/JANUS-ROV-communicator/src/nodecomx_cpp_py/include/lib/janus-c-3.0.5/bin/CMakeFiles/CMakeTmp/src.c:8:35: warning: passing argument 4 of ‘vsnprintf’ makes pointer from integer without a cast [-Wint-conversion]
    8 |  int rv = vsnprintf(&x, xx, &xxx, xxxx);
      |                                   ^~~~
      |                                   |
      |                                   int
/home/peder/GitHub/JANUS-ROV-communicator/src/nodecomx_cpp_py/include/lib/janus-c-3.0.5/bin/CMakeFiles/CMakeTmp/src.c:8:35: note: expected ‘__va_list_tag *’ but argument is of type ‘int’
/home/peder/GitHub/JANUS-ROV-communicator/src/nodecomx_cpp_py/include/lib/janus-c-3.0.5/bin/CMakeFiles/CMakeTmp/src.c:8:6: warning: unused variable ‘rv’ [-Wunused-variable]
    8 |  int rv = vsnprintf(&x, xx, &xxx, xxxx);
      |      ^~
gmake[1]: *** [CMakeFiles/cmTC_73d35.dir/build.make:78: CMakeFiles/cmTC_73d35.dir/src.c.o] Error 1
gmake[1]: Leaving directory '/home/peder/GitHub/JANUS-ROV-communicator/src/nodecomx_cpp_py/include/lib/janus-c-3.0.5/bin/CMakeFiles/CMakeTmp'
gmake: *** [Makefile:127: cmTC_73d35/fast] Error 2


Source file was:

int main(void) {
char x;
size_t xx;
char xxx;
va_list xxxx;

 int rv = vsnprintf(&x, xx, &xxx, xxxx);
return 0;
}

Performing C SOURCE FILE Test JANUS_SYS_HAS_VSNPRINTF_S failed with the following output:
Change Dir: /home/peder/GitHub/JANUS-ROV-communicator/src/nodecomx_cpp_py/include/lib/janus-c-3.0.5/bin/CMakeFiles/CMakeTmp

Run Build Command(s):/usr/bin/gmake -f Makefile cmTC_d6d5a/fast && /usr/bin/gmake  -f CMakeFiles/cmTC_d6d5a.dir/build.make CMakeFiles/cmTC_d6d5a.dir/build
gmake[1]: Entering directory '/home/peder/GitHub/JANUS-ROV-communicator/src/nodecomx_cpp_py/include/lib/janus-c-3.0.5/bin/CMakeFiles/CMakeTmp'
Building C object CMakeFiles/cmTC_d6d5a.dir/src.c.o
/usr/bin/cc -DJANUS_SYS_HAS_VSNPRINTF_S -I/home/peder/GitHub/JANUS-ROV-communicator/src/nodecomx_cpp_py/include/lib/janus-c-3.0.5/external/libraries/x86-64bit-linux-glibc-gcc113/include -fPIC -std=c99 -Wall -Wshadow -pedantic -o CMakeFiles/cmTC_d6d5a.dir/src.c.o -c /home/peder/GitHub/JANUS-ROV-communicator/src/nodecomx_cpp_py/include/lib/janus-c-3.0.5/bin/CMakeFiles/CMakeTmp/src.c
/home/peder/GitHub/JANUS-ROV-communicator/src/nodecomx_cpp_py/include/lib/janus-c-3.0.5/bin/CMakeFiles/CMakeTmp/src.c: In function ‘main’:
/home/peder/GitHub/JANUS-ROV-communicator/src/nodecomx_cpp_py/include/lib/janus-c-3.0.5/bin/CMakeFiles/CMakeTmp/src.c:4:1: error: unknown type name ‘size_t’
    4 | size_t xx;
      | ^~~~~~
/home/peder/GitHub/JANUS-ROV-communicator/src/nodecomx_cpp_py/include/lib/janus-c-3.0.5/bin/CMakeFiles/CMakeTmp/src.c:1:1: note: ‘size_t’ is defined in header ‘<stddef.h>’; did you forget to ‘#include <stddef.h>’?
  +++ |+#include <stddef.h>
    1 | 
/home/peder/GitHub/JANUS-ROV-communicator/src/nodecomx_cpp_py/include/lib/janus-c-3.0.5/bin/CMakeFiles/CMakeTmp/src.c:5:1: error: unknown type name ‘size_t’
    5 | size_t xxx;
      | ^~~~~~
/home/peder/GitHub/JANUS-ROV-communicator/src/nodecomx_cpp_py/include/lib/janus-c-3.0.5/bin/CMakeFiles/CMakeTmp/src.c:5:1: note: ‘size_t’ is defined in header ‘<stddef.h>’; did you forget to ‘#include <stddef.h>’?
/home/peder/GitHub/JANUS-ROV-communicator/src/nodecomx_cpp_py/include/lib/janus-c-3.0.5/bin/CMakeFiles/CMakeTmp/src.c:7:2: error: unknown type name ‘va_list’
    7 |  va_list xxxxx;
      |  ^~~~~~~
/home/peder/GitHub/JANUS-ROV-communicator/src/nodecomx_cpp_py/include/lib/janus-c-3.0.5/bin/CMakeFiles/CMakeTmp/src.c:1:1: note: ‘va_list’ is defined in header ‘<stdarg.h>’; did you forget to ‘#include <stdarg.h>’?
  +++ |+#include <stdarg.h>
    1 | 
/home/peder/GitHub/JANUS-ROV-communicator/src/nodecomx_cpp_py/include/lib/janus-c-3.0.5/bin/CMakeFiles/CMakeTmp/src.c:9:11: warning: implicit declaration of function ‘vsnprintf_s’ [-Wimplicit-function-declaration]
    9 |  int rv = vsnprintf_s(&x, xx, xxx, &xxxx, xxxxx);
      |           ^~~~~~~~~~~
/home/peder/GitHub/JANUS-ROV-communicator/src/nodecomx_cpp_py/include/lib/janus-c-3.0.5/bin/CMakeFiles/CMakeTmp/src.c:9:6: warning: unused variable ‘rv’ [-Wunused-variable]
    9 |  int rv = vsnprintf_s(&x, xx, xxx, &xxxx, xxxxx);
      |      ^~
gmake[1]: *** [CMakeFiles/cmTC_d6d5a.dir/build.make:78: CMakeFiles/cmTC_d6d5a.dir/src.c.o] Error 1
gmake[1]: Leaving directory '/home/peder/GitHub/JANUS-ROV-communicator/src/nodecomx_cpp_py/include/lib/janus-c-3.0.5/bin/CMakeFiles/CMakeTmp'
gmake: *** [Makefile:127: cmTC_d6d5a/fast] Error 2


Source file was:

int main(void) {
char x;
size_t xx;
size_t xxx;
char xxxx;
 va_list xxxxx;

 int rv = vsnprintf_s(&x, xx, xxx, &xxxx, xxxxx);
return 0;
}

Performing C SOURCE FILE Test JANUS_SYS_HAS_CLOSESOCKET failed with the following output:
Change Dir: /home/peder/GitHub/JANUS-ROV-communicator/src/nodecomx_cpp_py/include/lib/janus-c-3.0.5/bin/CMakeFiles/CMakeTmp

Run Build Command(s):/usr/bin/gmake -f Makefile cmTC_345a1/fast && /usr/bin/gmake  -f CMakeFiles/cmTC_345a1.dir/build.make CMakeFiles/cmTC_345a1.dir/build
gmake[1]: Entering directory '/home/peder/GitHub/JANUS-ROV-communicator/src/nodecomx_cpp_py/include/lib/janus-c-3.0.5/bin/CMakeFiles/CMakeTmp'
Building C object CMakeFiles/cmTC_345a1.dir/src.c.o
/usr/bin/cc -DJANUS_SYS_HAS_CLOSESOCKET -I/home/peder/GitHub/JANUS-ROV-communicator/src/nodecomx_cpp_py/include/lib/janus-c-3.0.5/external/libraries/x86-64bit-linux-glibc-gcc113/include -fPIC -std=c99 -Wall -Wshadow -pedantic -o CMakeFiles/cmTC_345a1.dir/src.c.o -c /home/peder/GitHub/JANUS-ROV-communicator/src/nodecomx_cpp_py/include/lib/janus-c-3.0.5/bin/CMakeFiles/CMakeTmp/src.c
/home/peder/GitHub/JANUS-ROV-communicator/src/nodecomx_cpp_py/include/lib/janus-c-3.0.5/bin/CMakeFiles/CMakeTmp/src.c: In function ‘main’:
/home/peder/GitHub/JANUS-ROV-communicator/src/nodecomx_cpp_py/include/lib/janus-c-3.0.5/bin/CMakeFiles/CMakeTmp/src.c:3:1: error: unknown type name ‘SOCKET’
    3 | SOCKET x;
      | ^~~~~~
/home/peder/GitHub/JANUS-ROV-communicator/src/nodecomx_cpp_py/include/lib/janus-c-3.0.5/bin/CMakeFiles/CMakeTmp/src.c:5:11: warning: implicit declaration of function ‘closesocket’ [-Wimplicit-function-declaration]
    5 |  int rv = closesocket(x);
      |           ^~~~~~~~~~~
/home/peder/GitHub/JANUS-ROV-communicator/src/nodecomx_cpp_py/include/lib/janus-c-3.0.5/bin/CMakeFiles/CMakeTmp/src.c:5:6: warning: unused variable ‘rv’ [-Wunused-variable]
    5 |  int rv = closesocket(x);
      |      ^~
gmake[1]: *** [CMakeFiles/cmTC_345a1.dir/build.make:78: CMakeFiles/cmTC_345a1.dir/src.c.o] Error 1
gmake[1]: Leaving directory '/home/peder/GitHub/JANUS-ROV-communicator/src/nodecomx_cpp_py/include/lib/janus-c-3.0.5/bin/CMakeFiles/CMakeTmp'
gmake: *** [Makefile:127: cmTC_345a1/fast] Error 2


Source file was:

int main(void) {
SOCKET x;

 int rv = closesocket(x);
return 0;
}

Performing C SOURCE FILE Test JANUS_SYS_HAS_PTHREAD_SIGMASK failed with the following output:
Change Dir: /home/peder/GitHub/JANUS-ROV-communicator/src/nodecomx_cpp_py/include/lib/janus-c-3.0.5/bin/CMakeFiles/CMakeTmp

Run Build Command(s):/usr/bin/gmake -f Makefile cmTC_54d4e/fast && /usr/bin/gmake  -f CMakeFiles/cmTC_54d4e.dir/build.make CMakeFiles/cmTC_54d4e.dir/build
gmake[1]: Entering directory '/home/peder/GitHub/JANUS-ROV-communicator/src/nodecomx_cpp_py/include/lib/janus-c-3.0.5/bin/CMakeFiles/CMakeTmp'
Building C object CMakeFiles/cmTC_54d4e.dir/src.c.o
/usr/bin/cc -DJANUS_SYS_HAS_PTHREAD_SIGMASK -I/home/peder/GitHub/JANUS-ROV-communicator/src/nodecomx_cpp_py/include/lib/janus-c-3.0.5/external/libraries/x86-64bit-linux-glibc-gcc113/include -fPIC -std=c99 -Wall -Wshadow -pedantic -o CMakeFiles/cmTC_54d4e.dir/src.c.o -c /home/peder/GitHub/JANUS-ROV-communicator/src/nodecomx_cpp_py/include/lib/janus-c-3.0.5/bin/CMakeFiles/CMakeTmp/src.c
/home/peder/GitHub/JANUS-ROV-communicator/src/nodecomx_cpp_py/include/lib/janus-c-3.0.5/bin/CMakeFiles/CMakeTmp/src.c: In function ‘main’:
/home/peder/GitHub/JANUS-ROV-communicator/src/nodecomx_cpp_py/include/lib/janus-c-3.0.5/bin/CMakeFiles/CMakeTmp/src.c:5:1: error: unknown type name ‘sigset_t’
    5 | sigset_t xx;
      | ^~~~~~~~
/home/peder/GitHub/JANUS-ROV-communicator/src/nodecomx_cpp_py/include/lib/janus-c-3.0.5/bin/CMakeFiles/CMakeTmp/src.c:6:1: error: unknown type name ‘sigset_t’
    6 | sigset_t xxx;
      | ^~~~~~~~
/home/peder/GitHub/JANUS-ROV-communicator/src/nodecomx_cpp_py/include/lib/janus-c-3.0.5/bin/CMakeFiles/CMakeTmp/src.c:8:11: warning: implicit declaration of function ‘pthread_sigmask’ [-Wimplicit-function-declaration]
    8 |  int rv = pthread_sigmask(x, &xx, &xxx);
      |           ^~~~~~~~~~~~~~~
/home/peder/GitHub/JANUS-ROV-communicator/src/nodecomx_cpp_py/include/lib/janus-c-3.0.5/bin/CMakeFiles/CMakeTmp/src.c:8:6: warning: unused variable ‘rv’ [-Wunused-variable]
    8 |  int rv = pthread_sigmask(x, &xx, &xxx);
      |      ^~
gmake[1]: *** [CMakeFiles/cmTC_54d4e.dir/build.make:78: CMakeFiles/cmTC_54d4e.dir/src.c.o] Error 1
gmake[1]: Leaving directory '/home/peder/GitHub/JANUS-ROV-communicator/src/nodecomx_cpp_py/include/lib/janus-c-3.0.5/bin/CMakeFiles/CMakeTmp'
gmake: *** [Makefile:127: cmTC_54d4e/fast] Error 2


Source file was:
#include <signal.h>

int main(void) {
int x;
sigset_t xx;
sigset_t xxx;

 int rv = pthread_sigmask(x, &xx, &xxx);
return 0;
}

Performing C SOURCE FILE Test JANUS_SYS_HAS_PTHREAD_KILL failed with the following output:
Change Dir: /home/peder/GitHub/JANUS-ROV-communicator/src/nodecomx_cpp_py/include/lib/janus-c-3.0.5/bin/CMakeFiles/CMakeTmp

Run Build Command(s):/usr/bin/gmake -f Makefile cmTC_febfa/fast && /usr/bin/gmake  -f CMakeFiles/cmTC_febfa.dir/build.make CMakeFiles/cmTC_febfa.dir/build
gmake[1]: Entering directory '/home/peder/GitHub/JANUS-ROV-communicator/src/nodecomx_cpp_py/include/lib/janus-c-3.0.5/bin/CMakeFiles/CMakeTmp'
Building C object CMakeFiles/cmTC_febfa.dir/src.c.o
/usr/bin/cc -DJANUS_SYS_HAS_PTHREAD_KILL -I/home/peder/GitHub/JANUS-ROV-communicator/src/nodecomx_cpp_py/include/lib/janus-c-3.0.5/external/libraries/x86-64bit-linux-glibc-gcc113/include -fPIC -std=c99 -Wall -Wshadow -pedantic -o CMakeFiles/cmTC_febfa.dir/src.c.o -c /home/peder/GitHub/JANUS-ROV-communicator/src/nodecomx_cpp_py/include/lib/janus-c-3.0.5/bin/CMakeFiles/CMakeTmp/src.c
/home/peder/GitHub/JANUS-ROV-communicator/src/nodecomx_cpp_py/include/lib/janus-c-3.0.5/bin/CMakeFiles/CMakeTmp/src.c: In function ‘main’:
/home/peder/GitHub/JANUS-ROV-communicator/src/nodecomx_cpp_py/include/lib/janus-c-3.0.5/bin/CMakeFiles/CMakeTmp/src.c:4:1: error: unknown type name ‘pthread_t’
    4 | pthread_t x;
      | ^~~~~~~~~
/home/peder/GitHub/JANUS-ROV-communicator/src/nodecomx_cpp_py/include/lib/janus-c-3.0.5/bin/CMakeFiles/CMakeTmp/src.c:7:11: warning: implicit declaration of function ‘pthread_kill’ [-Wimplicit-function-declaration]
    7 |  int rv = pthread_kill(x, xx);
      |           ^~~~~~~~~~~~
/home/peder/GitHub/JANUS-ROV-communicator/src/nodecomx_cpp_py/include/lib/janus-c-3.0.5/bin/CMakeFiles/CMakeTmp/src.c:7:6: warning: unused variable ‘rv’ [-Wunused-variable]
    7 |  int rv = pthread_kill(x, xx);
      |      ^~
gmake[1]: *** [CMakeFiles/cmTC_febfa.dir/build.make:78: CMakeFiles/cmTC_febfa.dir/src.c.o] Error 1
gmake[1]: Leaving directory '/home/peder/GitHub/JANUS-ROV-communicator/src/nodecomx_cpp_py/include/lib/janus-c-3.0.5/bin/CMakeFiles/CMakeTmp'
gmake: *** [Makefile:127: cmTC_febfa/fast] Error 2


Source file was:
#include <signal.h>

int main(void) {
pthread_t x;
int xx;

 int rv = pthread_kill(x, xx);
return 0;
}

Performing C SOURCE FILE Test JANUS_SYS_HAS_PTHREAD_BARRIER failed with the following output:
Change Dir: /home/peder/GitHub/JANUS-ROV-communicator/src/nodecomx_cpp_py/include/lib/janus-c-3.0.5/bin/CMakeFiles/CMakeTmp

Run Build Command(s):/usr/bin/gmake -f Makefile cmTC_225e1/fast && /usr/bin/gmake  -f CMakeFiles/cmTC_225e1.dir/build.make CMakeFiles/cmTC_225e1.dir/build
gmake[1]: Entering directory '/home/peder/GitHub/JANUS-ROV-communicator/src/nodecomx_cpp_py/include/lib/janus-c-3.0.5/bin/CMakeFiles/CMakeTmp'
Building C object CMakeFiles/cmTC_225e1.dir/src.c.o
/usr/bin/cc -DJANUS_SYS_HAS_PTHREAD_BARRIER -I/home/peder/GitHub/JANUS-ROV-communicator/src/nodecomx_cpp_py/include/lib/janus-c-3.0.5/external/libraries/x86-64bit-linux-glibc-gcc113/include -fPIC -std=c99 -Wall -Wshadow -pedantic -o CMakeFiles/cmTC_225e1.dir/src.c.o -c /home/peder/GitHub/JANUS-ROV-communicator/src/nodecomx_cpp_py/include/lib/janus-c-3.0.5/bin/CMakeFiles/CMakeTmp/src.c
/home/peder/GitHub/JANUS-ROV-communicator/src/nodecomx_cpp_py/include/lib/janus-c-3.0.5/bin/CMakeFiles/CMakeTmp/src.c: In function ‘main’:
/home/peder/GitHub/JANUS-ROV-communicator/src/nodecomx_cpp_py/include/lib/janus-c-3.0.5/bin/CMakeFiles/CMakeTmp/src.c:4:1: error: unknown type name ‘pthread_barrier_t’; did you mean ‘pthread_attr_t’?
    4 | pthread_barrier_t x;
      | ^~~~~~~~~~~~~~~~~
      | pthread_attr_t
/home/peder/GitHub/JANUS-ROV-communicator/src/nodecomx_cpp_py/include/lib/janus-c-3.0.5/bin/CMakeFiles/CMakeTmp/src.c:5:1: error: unknown type name ‘pthread_barrierattr_t’; did you mean ‘pthread_mutexattr_t’?
    5 | pthread_barrierattr_t xx;
      | ^~~~~~~~~~~~~~~~~~~~~
      | pthread_mutexattr_t
/home/peder/GitHub/JANUS-ROV-communicator/src/nodecomx_cpp_py/include/lib/janus-c-3.0.5/bin/CMakeFiles/CMakeTmp/src.c:8:11: warning: implicit declaration of function ‘pthread_barrier_init’; did you mean ‘pthread_attr_init’? [-Wimplicit-function-declaration]
    8 |  int rv = pthread_barrier_init(&x, &xx, xxx);
      |           ^~~~~~~~~~~~~~~~~~~~
      |           pthread_attr_init
/home/peder/GitHub/JANUS-ROV-communicator/src/nodecomx_cpp_py/include/lib/janus-c-3.0.5/bin/CMakeFiles/CMakeTmp/src.c:8:6: warning: unused variable ‘rv’ [-Wunused-variable]
    8 |  int rv = pthread_barrier_init(&x, &xx, xxx);
      |      ^~
gmake[1]: *** [CMakeFiles/cmTC_225e1.dir/build.make:78: CMakeFiles/cmTC_225e1.dir/src.c.o] Error 1
gmake[1]: Leaving directory '/home/peder/GitHub/JANUS-ROV-communicator/src/nodecomx_cpp_py/include/lib/janus-c-3.0.5/bin/CMakeFiles/CMakeTmp'
gmake: *** [Makefile:127: cmTC_225e1/fast] Error 2


Source file was:
#include <pthread.h>

int main(void) {
pthread_barrier_t x;
pthread_barrierattr_t xx;
unsigned xxx;

 int rv = pthread_barrier_init(&x, &xx, xxx);
return 0;
}

Performing C SOURCE FILE Test JANUS_SYS_HAS_PTHREAD_RWLOCK failed with the following output:
Change Dir: /home/peder/GitHub/JANUS-ROV-communicator/src/nodecomx_cpp_py/include/lib/janus-c-3.0.5/bin/CMakeFiles/CMakeTmp

Run Build Command(s):/usr/bin/gmake -f Makefile cmTC_835e9/fast && /usr/bin/gmake  -f CMakeFiles/cmTC_835e9.dir/build.make CMakeFiles/cmTC_835e9.dir/build
gmake[1]: Entering directory '/home/peder/GitHub/JANUS-ROV-communicator/src/nodecomx_cpp_py/include/lib/janus-c-3.0.5/bin/CMakeFiles/CMakeTmp'
Building C object CMakeFiles/cmTC_835e9.dir/src.c.o
/usr/bin/cc -DJANUS_SYS_HAS_PTHREAD_RWLOCK -I/home/peder/GitHub/JANUS-ROV-communicator/src/nodecomx_cpp_py/include/lib/janus-c-3.0.5/external/libraries/x86-64bit-linux-glibc-gcc113/include -fPIC -std=c99 -Wall -Wshadow -pedantic -o CMakeFiles/cmTC_835e9.dir/src.c.o -c /home/peder/GitHub/JANUS-ROV-communicator/src/nodecomx_cpp_py/include/lib/janus-c-3.0.5/bin/CMakeFiles/CMakeTmp/src.c
/home/peder/GitHub/JANUS-ROV-communicator/src/nodecomx_cpp_py/include/lib/janus-c-3.0.5/bin/CMakeFiles/CMakeTmp/src.c: In function ‘main’:
/home/peder/GitHub/JANUS-ROV-communicator/src/nodecomx_cpp_py/include/lib/janus-c-3.0.5/bin/CMakeFiles/CMakeTmp/src.c:4:1: error: unknown type name ‘pthread_rwlock_t’; did you mean ‘pthread_cond_t’?
    4 | pthread_rwlock_t x;
      | ^~~~~~~~~~~~~~~~
      | pthread_cond_t
/home/peder/GitHub/JANUS-ROV-communicator/src/nodecomx_cpp_py/include/lib/janus-c-3.0.5/bin/CMakeFiles/CMakeTmp/src.c:5:1: error: unknown type name ‘pthread_rwlockattr_t’; did you mean ‘pthread_condattr_t’?
    5 | pthread_rwlockattr_t xx;
      | ^~~~~~~~~~~~~~~~~~~~
      | pthread_condattr_t
/home/peder/GitHub/JANUS-ROV-communicator/src/nodecomx_cpp_py/include/lib/janus-c-3.0.5/bin/CMakeFiles/CMakeTmp/src.c:7:11: warning: implicit declaration of function ‘pthread_rwlock_init’; did you mean ‘pthread_cond_init’? [-Wimplicit-function-declaration]
    7 |  int rv = pthread_rwlock_init(&x, &xx);
      |           ^~~~~~~~~~~~~~~~~~~
      |           pthread_cond_init
/home/peder/GitHub/JANUS-ROV-communicator/src/nodecomx_cpp_py/include/lib/janus-c-3.0.5/bin/CMakeFiles/CMakeTmp/src.c:7:6: warning: unused variable ‘rv’ [-Wunused-variable]
    7 |  int rv = pthread_rwlock_init(&x, &xx);
      |      ^~
gmake[1]: *** [CMakeFiles/cmTC_835e9.dir/build.make:78: CMakeFiles/cmTC_835e9.dir/src.c.o] Error 1
gmake[1]: Leaving directory '/home/peder/GitHub/JANUS-ROV-communicator/src/nodecomx_cpp_py/include/lib/janus-c-3.0.5/bin/CMakeFiles/CMakeTmp'
gmake: *** [Makefile:127: cmTC_835e9/fast] Error 2


Source file was:
#include <pthread.h>

int main(void) {
pthread_rwlock_t x;
pthread_rwlockattr_t xx;

 int rv = pthread_rwlock_init(&x, &xx);
return 0;
}

Performing C SOURCE FILE Test JANUS_SYS_HAS_PTHREAD_CONDATTR_SETCLOCK failed with the following output:
Change Dir: /home/peder/GitHub/JANUS-ROV-communicator/src/nodecomx_cpp_py/include/lib/janus-c-3.0.5/bin/CMakeFiles/CMakeTmp

Run Build Command(s):/usr/bin/gmake -f Makefile cmTC_39dc8/fast && /usr/bin/gmake  -f CMakeFiles/cmTC_39dc8.dir/build.make CMakeFiles/cmTC_39dc8.dir/build
gmake[1]: Entering directory '/home/peder/GitHub/JANUS-ROV-communicator/src/nodecomx_cpp_py/include/lib/janus-c-3.0.5/bin/CMakeFiles/CMakeTmp'
Building C object CMakeFiles/cmTC_39dc8.dir/src.c.o
/usr/bin/cc -DJANUS_SYS_HAS_PTHREAD_CONDATTR_SETCLOCK -I/home/peder/GitHub/JANUS-ROV-communicator/src/nodecomx_cpp_py/include/lib/janus-c-3.0.5/external/libraries/x86-64bit-linux-glibc-gcc113/include -fPIC -std=c99 -Wall -Wshadow -pedantic -o CMakeFiles/cmTC_39dc8.dir/src.c.o -c /home/peder/GitHub/JANUS-ROV-communicator/src/nodecomx_cpp_py/include/lib/janus-c-3.0.5/bin/CMakeFiles/CMakeTmp/src.c
/home/peder/GitHub/JANUS-ROV-communicator/src/nodecomx_cpp_py/include/lib/janus-c-3.0.5/bin/CMakeFiles/CMakeTmp/src.c: In function ‘main’:
/home/peder/GitHub/JANUS-ROV-communicator/src/nodecomx_cpp_py/include/lib/janus-c-3.0.5/bin/CMakeFiles/CMakeTmp/src.c:5:1: error: unknown type name ‘clockid_t’; did you mean ‘clock_t’?
    5 | clockid_t xx;
      | ^~~~~~~~~
      | clock_t
/home/peder/GitHub/JANUS-ROV-communicator/src/nodecomx_cpp_py/include/lib/janus-c-3.0.5/bin/CMakeFiles/CMakeTmp/src.c:7:11: warning: implicit declaration of function ‘pthread_condattr_setclock’; did you mean ‘pthread_condattr_destroy’? [-Wimplicit-function-declaration]
    7 |  int rv = pthread_condattr_setclock(&x, xx);
      |           ^~~~~~~~~~~~~~~~~~~~~~~~~
      |           pthread_condattr_destroy
/home/peder/GitHub/JANUS-ROV-communicator/src/nodecomx_cpp_py/include/lib/janus-c-3.0.5/bin/CMakeFiles/CMakeTmp/src.c:7:6: warning: unused variable ‘rv’ [-Wunused-variable]
    7 |  int rv = pthread_condattr_setclock(&x, xx);
      |      ^~
gmake[1]: *** [CMakeFiles/cmTC_39dc8.dir/build.make:78: CMakeFiles/cmTC_39dc8.dir/src.c.o] Error 1
gmake[1]: Leaving directory '/home/peder/GitHub/JANUS-ROV-communicator/src/nodecomx_cpp_py/include/lib/janus-c-3.0.5/bin/CMakeFiles/CMakeTmp'
gmake: *** [Makefile:127: cmTC_39dc8/fast] Error 2


Source file was:
#include <pthread.h>

int main(void) {
pthread_condattr_t x;
clockid_t xx;

 int rv = pthread_condattr_setclock(&x, xx);
return 0;
}

Performing C SOURCE FILE Test JANUS_SYS_HAS_SIGACTION failed with the following output:
Change Dir: /home/peder/GitHub/JANUS-ROV-communicator/src/nodecomx_cpp_py/include/lib/janus-c-3.0.5/bin/CMakeFiles/CMakeTmp

Run Build Command(s):/usr/bin/gmake -f Makefile cmTC_b5ae0/fast && /usr/bin/gmake  -f CMakeFiles/cmTC_b5ae0.dir/build.make CMakeFiles/cmTC_b5ae0.dir/build
gmake[1]: Entering directory '/home/peder/GitHub/JANUS-ROV-communicator/src/nodecomx_cpp_py/include/lib/janus-c-3.0.5/bin/CMakeFiles/CMakeTmp'
Building C object CMakeFiles/cmTC_b5ae0.dir/src.c.o
/usr/bin/cc -DJANUS_SYS_HAS_SIGACTION -I/home/peder/GitHub/JANUS-ROV-communicator/src/nodecomx_cpp_py/include/lib/janus-c-3.0.5/external/libraries/x86-64bit-linux-glibc-gcc113/include -fPIC -std=c99 -Wall -Wshadow -pedantic -o CMakeFiles/cmTC_b5ae0.dir/src.c.o -c /home/peder/GitHub/JANUS-ROV-communicator/src/nodecomx_cpp_py/include/lib/janus-c-3.0.5/bin/CMakeFiles/CMakeTmp/src.c
/home/peder/GitHub/JANUS-ROV-communicator/src/nodecomx_cpp_py/include/lib/janus-c-3.0.5/bin/CMakeFiles/CMakeTmp/src.c: In function ‘main’:
/home/peder/GitHub/JANUS-ROV-communicator/src/nodecomx_cpp_py/include/lib/janus-c-3.0.5/bin/CMakeFiles/CMakeTmp/src.c:5:18: error: storage size of ‘xx’ isn’t known
    5 | struct sigaction xx;
      |                  ^~
/home/peder/GitHub/JANUS-ROV-communicator/src/nodecomx_cpp_py/include/lib/janus-c-3.0.5/bin/CMakeFiles/CMakeTmp/src.c:6:18: error: storage size of ‘xxx’ isn’t known
    6 | struct sigaction xxx;
      |                  ^~~
/home/peder/GitHub/JANUS-ROV-communicator/src/nodecomx_cpp_py/include/lib/janus-c-3.0.5/bin/CMakeFiles/CMakeTmp/src.c:8:11: warning: implicit declaration of function ‘sigaction’ [-Wimplicit-function-declaration]
    8 |  int rv = sigaction(x, &xx, &xxx);
      |           ^~~~~~~~~
/home/peder/GitHub/JANUS-ROV-communicator/src/nodecomx_cpp_py/include/lib/janus-c-3.0.5/bin/CMakeFiles/CMakeTmp/src.c:8:6: warning: unused variable ‘rv’ [-Wunused-variable]
    8 |  int rv = sigaction(x, &xx, &xxx);
      |      ^~
/home/peder/GitHub/JANUS-ROV-communicator/src/nodecomx_cpp_py/include/lib/janus-c-3.0.5/bin/CMakeFiles/CMakeTmp/src.c:6:18: warning: unused variable ‘xxx’ [-Wunused-variable]
    6 | struct sigaction xxx;
      |                  ^~~
/home/peder/GitHub/JANUS-ROV-communicator/src/nodecomx_cpp_py/include/lib/janus-c-3.0.5/bin/CMakeFiles/CMakeTmp/src.c:5:18: warning: unused variable ‘xx’ [-Wunused-variable]
    5 | struct sigaction xx;
      |                  ^~
gmake[1]: *** [CMakeFiles/cmTC_b5ae0.dir/build.make:78: CMakeFiles/cmTC_b5ae0.dir/src.c.o] Error 1
gmake[1]: Leaving directory '/home/peder/GitHub/JANUS-ROV-communicator/src/nodecomx_cpp_py/include/lib/janus-c-3.0.5/bin/CMakeFiles/CMakeTmp'
gmake: *** [Makefile:127: cmTC_b5ae0/fast] Error 2


Source file was:
#include <signal.h>

int main(void) {
int x;
struct sigaction xx;
struct sigaction xxx;

 int rv = sigaction(x, &xx, &xxx);
return 0;
}

Performing C SOURCE FILE Test JANUS_SYS_HAS__GETCWD failed with the following output:
Change Dir: /home/peder/GitHub/JANUS-ROV-communicator/src/nodecomx_cpp_py/include/lib/janus-c-3.0.5/bin/CMakeFiles/CMakeTmp

Run Build Command(s):/usr/bin/gmake -f Makefile cmTC_64e9a/fast && /usr/bin/gmake  -f CMakeFiles/cmTC_64e9a.dir/build.make CMakeFiles/cmTC_64e9a.dir/build
gmake[1]: Entering directory '/home/peder/GitHub/JANUS-ROV-communicator/src/nodecomx_cpp_py/include/lib/janus-c-3.0.5/bin/CMakeFiles/CMakeTmp'
Building C object CMakeFiles/cmTC_64e9a.dir/src.c.o
/usr/bin/cc -DJANUS_SYS_HAS__GETCWD -I/home/peder/GitHub/JANUS-ROV-communicator/src/nodecomx_cpp_py/include/lib/janus-c-3.0.5/external/libraries/x86-64bit-linux-glibc-gcc113/include -fPIC -std=c99 -Wall -Wshadow -pedantic -o CMakeFiles/cmTC_64e9a.dir/src.c.o -c /home/peder/GitHub/JANUS-ROV-communicator/src/nodecomx_cpp_py/include/lib/janus-c-3.0.5/bin/CMakeFiles/CMakeTmp/src.c
/home/peder/GitHub/JANUS-ROV-communicator/src/nodecomx_cpp_py/include/lib/janus-c-3.0.5/bin/CMakeFiles/CMakeTmp/src.c: In function ‘main’:
/home/peder/GitHub/JANUS-ROV-communicator/src/nodecomx_cpp_py/include/lib/janus-c-3.0.5/bin/CMakeFiles/CMakeTmp/src.c:6:13: warning: implicit declaration of function ‘_getcwd’ [-Wimplicit-function-declaration]
    6 |  char* rv = _getcwd(&x, xx);
      |             ^~~~~~~
/home/peder/GitHub/JANUS-ROV-communicator/src/nodecomx_cpp_py/include/lib/janus-c-3.0.5/bin/CMakeFiles/CMakeTmp/src.c:6:13: warning: initialization of ‘char *’ from ‘int’ makes pointer from integer without a cast [-Wint-conversion]
/home/peder/GitHub/JANUS-ROV-communicator/src/nodecomx_cpp_py/include/lib/janus-c-3.0.5/bin/CMakeFiles/CMakeTmp/src.c:6:8: warning: unused variable ‘rv’ [-Wunused-variable]
    6 |  char* rv = _getcwd(&x, xx);
      |        ^~
/home/peder/GitHub/JANUS-ROV-communicator/src/nodecomx_cpp_py/include/lib/janus-c-3.0.5/bin/CMakeFiles/CMakeTmp/src.c:6:13: warning: ‘xx’ is used uninitialized [-Wuninitialized]
    6 |  char* rv = _getcwd(&x, xx);
      |             ^~~~~~~~~~~~~~~
Linking C executable cmTC_64e9a
/usr/bin/cmake -E cmake_link_script CMakeFiles/cmTC_64e9a.dir/link.txt --verbose=1
/usr/bin/cc  -fPIC -std=c99 -Wall -Wshadow -pedantic -rdynamic CMakeFiles/cmTC_64e9a.dir/src.c.o -o cmTC_64e9a  -lrt -lpthread -lm -lnsl -ldl 
/usr/bin/ld: CMakeFiles/cmTC_64e9a.dir/src.c.o: in function `main':
src.c:(.text+0x2d): undefined reference to `_getcwd'
collect2: error: ld returned 1 exit status
gmake[1]: *** [CMakeFiles/cmTC_64e9a.dir/build.make:99: cmTC_64e9a] Error 1
gmake[1]: Leaving directory '/home/peder/GitHub/JANUS-ROV-communicator/src/nodecomx_cpp_py/include/lib/janus-c-3.0.5/bin/CMakeFiles/CMakeTmp'
gmake: *** [Makefile:127: cmTC_64e9a/fast] Error 2


Source file was:

int main(void) {
char x;
int xx;

 char* rv = _getcwd(&x, xx);
return 0;
}

Performing C SOURCE FILE Test JANUS_SYS_HAS_FORMAT_MESSAGE failed with the following output:
Change Dir: /home/peder/GitHub/JANUS-ROV-communicator/src/nodecomx_cpp_py/include/lib/janus-c-3.0.5/bin/CMakeFiles/CMakeTmp

Run Build Command(s):/usr/bin/gmake -f Makefile cmTC_606bd/fast && /usr/bin/gmake  -f CMakeFiles/cmTC_606bd.dir/build.make CMakeFiles/cmTC_606bd.dir/build
gmake[1]: Entering directory '/home/peder/GitHub/JANUS-ROV-communicator/src/nodecomx_cpp_py/include/lib/janus-c-3.0.5/bin/CMakeFiles/CMakeTmp'
Building C object CMakeFiles/cmTC_606bd.dir/src.c.o
/usr/bin/cc -DJANUS_SYS_HAS_FORMAT_MESSAGE -I/home/peder/GitHub/JANUS-ROV-communicator/src/nodecomx_cpp_py/include/lib/janus-c-3.0.5/external/libraries/x86-64bit-linux-glibc-gcc113/include -fPIC -std=c99 -Wall -Wshadow -pedantic -o CMakeFiles/cmTC_606bd.dir/src.c.o -c /home/peder/GitHub/JANUS-ROV-communicator/src/nodecomx_cpp_py/include/lib/janus-c-3.0.5/bin/CMakeFiles/CMakeTmp/src.c
/home/peder/GitHub/JANUS-ROV-communicator/src/nodecomx_cpp_py/include/lib/janus-c-3.0.5/bin/CMakeFiles/CMakeTmp/src.c: In function ‘main’:
/home/peder/GitHub/JANUS-ROV-communicator/src/nodecomx_cpp_py/include/lib/janus-c-3.0.5/bin/CMakeFiles/CMakeTmp/src.c:3:1: error: unknown type name ‘DWORD’
    3 | DWORD x;
      | ^~~~~
/home/peder/GitHub/JANUS-ROV-communicator/src/nodecomx_cpp_py/include/lib/janus-c-3.0.5/bin/CMakeFiles/CMakeTmp/src.c:5:1: error: unknown type name ‘DWORD’
    5 | DWORD xxx;
      | ^~~~~
/home/peder/GitHub/JANUS-ROV-communicator/src/nodecomx_cpp_py/include/lib/janus-c-3.0.5/bin/CMakeFiles/CMakeTmp/src.c:6:1: error: unknown type name ‘DWORD’
    6 | DWORD xxxx;
      | ^~~~~
/home/peder/GitHub/JANUS-ROV-communicator/src/nodecomx_cpp_py/include/lib/janus-c-3.0.5/bin/CMakeFiles/CMakeTmp/src.c:8:1: error: unknown type name ‘DWORD’
    8 | DWORD xxxxxx;
      | ^~~~~
/home/peder/GitHub/JANUS-ROV-communicator/src/nodecomx_cpp_py/include/lib/janus-c-3.0.5/bin/CMakeFiles/CMakeTmp/src.c:9:1: error: unknown type name ‘va_list’
    9 | va_list xxxxxxx;
      | ^~~~~~~
/home/peder/GitHub/JANUS-ROV-communicator/src/nodecomx_cpp_py/include/lib/janus-c-3.0.5/bin/CMakeFiles/CMakeTmp/src.c:1:1: note: ‘va_list’ is defined in header ‘<stdarg.h>’; did you forget to ‘#include <stdarg.h>’?
  +++ |+#include <stdarg.h>
    1 | 
/home/peder/GitHub/JANUS-ROV-communicator/src/nodecomx_cpp_py/include/lib/janus-c-3.0.5/bin/CMakeFiles/CMakeTmp/src.c:11:2: error: unknown type name ‘DWORD’
   11 |  DWORD rv = FormatMessage(x, &xx, xxx, xxxx, &xxxxx, xxxxxx, &xxxxxxx);
      |  ^~~~~
/home/peder/GitHub/JANUS-ROV-communicator/src/nodecomx_cpp_py/include/lib/janus-c-3.0.5/bin/CMakeFiles/CMakeTmp/src.c:11:13: warning: implicit declaration of function ‘FormatMessage’ [-Wimplicit-function-declaration]
   11 |  DWORD rv = FormatMessage(x, &xx, xxx, xxxx, &xxxxx, xxxxxx, &xxxxxxx);
      |             ^~~~~~~~~~~~~
/home/peder/GitHub/JANUS-ROV-communicator/src/nodecomx_cpp_py/include/lib/janus-c-3.0.5/bin/CMakeFiles/CMakeTmp/src.c:11:8: warning: unused variable ‘rv’ [-Wunused-variable]
   11 |  DWORD rv = FormatMessage(x, &xx, xxx, xxxx, &xxxxx, xxxxxx, &xxxxxxx);
      |        ^~
gmake[1]: *** [CMakeFiles/cmTC_606bd.dir/build.make:78: CMakeFiles/cmTC_606bd.dir/src.c.o] Error 1
gmake[1]: Leaving directory '/home/peder/GitHub/JANUS-ROV-communicator/src/nodecomx_cpp_py/include/lib/janus-c-3.0.5/bin/CMakeFiles/CMakeTmp'
gmake: *** [Makefile:127: cmTC_606bd/fast] Error 2


Source file was:

int main(void) {
DWORD x;
char xx;
DWORD xxx;
DWORD xxxx;
char xxxxx;
DWORD xxxxxx;
va_list xxxxxxx;

 DWORD rv = FormatMessage(x, &xx, xxx, xxxx, &xxxxx, xxxxxx, &xxxxxxx);
return 0;
}

Performing C SOURCE FILE Test JANUS_SYS_HAS_CLOCK_NANOSLEEP failed with the following output:
Change Dir: /home/peder/GitHub/JANUS-ROV-communicator/src/nodecomx_cpp_py/include/lib/janus-c-3.0.5/bin/CMakeFiles/CMakeTmp

Run Build Command(s):/usr/bin/gmake -f Makefile cmTC_3591f/fast && /usr/bin/gmake  -f CMakeFiles/cmTC_3591f.dir/build.make CMakeFiles/cmTC_3591f.dir/build
gmake[1]: Entering directory '/home/peder/GitHub/JANUS-ROV-communicator/src/nodecomx_cpp_py/include/lib/janus-c-3.0.5/bin/CMakeFiles/CMakeTmp'
Building C object CMakeFiles/cmTC_3591f.dir/src.c.o
/usr/bin/cc -DJANUS_SYS_HAS_CLOCK_NANOSLEEP -I/home/peder/GitHub/JANUS-ROV-communicator/src/nodecomx_cpp_py/include/lib/janus-c-3.0.5/external/libraries/x86-64bit-linux-glibc-gcc113/include -fPIC -std=c99 -Wall -Wshadow -pedantic -o CMakeFiles/cmTC_3591f.dir/src.c.o -c /home/peder/GitHub/JANUS-ROV-communicator/src/nodecomx_cpp_py/include/lib/janus-c-3.0.5/bin/CMakeFiles/CMakeTmp/src.c
/home/peder/GitHub/JANUS-ROV-communicator/src/nodecomx_cpp_py/include/lib/janus-c-3.0.5/bin/CMakeFiles/CMakeTmp/src.c: In function ‘main’:
/home/peder/GitHub/JANUS-ROV-communicator/src/nodecomx_cpp_py/include/lib/janus-c-3.0.5/bin/CMakeFiles/CMakeTmp/src.c:4:1: error: unknown type name ‘clockid_t’; did you mean ‘clock_t’?
    4 | clockid_t x;
      | ^~~~~~~~~
      | clock_t
/home/peder/GitHub/JANUS-ROV-communicator/src/nodecomx_cpp_py/include/lib/janus-c-3.0.5/bin/CMakeFiles/CMakeTmp/src.c:6:17: error: storage size of ‘xxx’ isn’t known
    6 | struct timespec xxx;
      |                 ^~~
/home/peder/GitHub/JANUS-ROV-communicator/src/nodecomx_cpp_py/include/lib/janus-c-3.0.5/bin/CMakeFiles/CMakeTmp/src.c:7:17: error: storage size of ‘xxxx’ isn’t known
    7 | struct timespec xxxx;
      |                 ^~~~
/home/peder/GitHub/JANUS-ROV-communicator/src/nodecomx_cpp_py/include/lib/janus-c-3.0.5/bin/CMakeFiles/CMakeTmp/src.c:9:11: warning: implicit declaration of function ‘clock_nanosleep’ [-Wimplicit-function-declaration]
    9 |  int rv = clock_nanosleep(x, xx, &xxx, &xxxx);
      |           ^~~~~~~~~~~~~~~
/home/peder/GitHub/JANUS-ROV-communicator/src/nodecomx_cpp_py/include/lib/janus-c-3.0.5/bin/CMakeFiles/CMakeTmp/src.c:9:6: warning: unused variable ‘rv’ [-Wunused-variable]
    9 |  int rv = clock_nanosleep(x, xx, &xxx, &xxxx);
      |      ^~
/home/peder/GitHub/JANUS-ROV-communicator/src/nodecomx_cpp_py/include/lib/janus-c-3.0.5/bin/CMakeFiles/CMakeTmp/src.c:7:17: warning: unused variable ‘xxxx’ [-Wunused-variable]
    7 | struct timespec xxxx;
      |                 ^~~~
/home/peder/GitHub/JANUS-ROV-communicator/src/nodecomx_cpp_py/include/lib/janus-c-3.0.5/bin/CMakeFiles/CMakeTmp/src.c:6:17: warning: unused variable ‘xxx’ [-Wunused-variable]
    6 | struct timespec xxx;
      |                 ^~~
gmake[1]: *** [CMakeFiles/cmTC_3591f.dir/build.make:78: CMakeFiles/cmTC_3591f.dir/src.c.o] Error 1
gmake[1]: Leaving directory '/home/peder/GitHub/JANUS-ROV-communicator/src/nodecomx_cpp_py/include/lib/janus-c-3.0.5/bin/CMakeFiles/CMakeTmp'
gmake: *** [Makefile:127: cmTC_3591f/fast] Error 2


Source file was:
#include <time.h>

int main(void) {
clockid_t x;
int xx;
struct timespec xxx;
struct timespec xxxx;

 int rv = clock_nanosleep(x, xx, &xxx, &xxxx);
return 0;
}

Performing C SOURCE FILE Test JANUS_SYS_HAS_NANOSLEEP failed with the following output:
Change Dir: /home/peder/GitHub/JANUS-ROV-communicator/src/nodecomx_cpp_py/include/lib/janus-c-3.0.5/bin/CMakeFiles/CMakeTmp

Run Build Command(s):/usr/bin/gmake -f Makefile cmTC_ba0f4/fast && /usr/bin/gmake  -f CMakeFiles/cmTC_ba0f4.dir/build.make CMakeFiles/cmTC_ba0f4.dir/build
gmake[1]: Entering directory '/home/peder/GitHub/JANUS-ROV-communicator/src/nodecomx_cpp_py/include/lib/janus-c-3.0.5/bin/CMakeFiles/CMakeTmp'
Building C object CMakeFiles/cmTC_ba0f4.dir/src.c.o
/usr/bin/cc -DJANUS_SYS_HAS_NANOSLEEP -I/home/peder/GitHub/JANUS-ROV-communicator/src/nodecomx_cpp_py/include/lib/janus-c-3.0.5/external/libraries/x86-64bit-linux-glibc-gcc113/include -fPIC -std=c99 -Wall -Wshadow -pedantic -o CMakeFiles/cmTC_ba0f4.dir/src.c.o -c /home/peder/GitHub/JANUS-ROV-communicator/src/nodecomx_cpp_py/include/lib/janus-c-3.0.5/bin/CMakeFiles/CMakeTmp/src.c
/home/peder/GitHub/JANUS-ROV-communicator/src/nodecomx_cpp_py/include/lib/janus-c-3.0.5/bin/CMakeFiles/CMakeTmp/src.c: In function ‘main’:
/home/peder/GitHub/JANUS-ROV-communicator/src/nodecomx_cpp_py/include/lib/janus-c-3.0.5/bin/CMakeFiles/CMakeTmp/src.c:4:17: error: storage size of ‘x’ isn’t known
    4 | struct timespec x;
      |                 ^
/home/peder/GitHub/JANUS-ROV-communicator/src/nodecomx_cpp_py/include/lib/janus-c-3.0.5/bin/CMakeFiles/CMakeTmp/src.c:5:17: error: storage size of ‘xx’ isn’t known
    5 | struct timespec xx;
      |                 ^~
/home/peder/GitHub/JANUS-ROV-communicator/src/nodecomx_cpp_py/include/lib/janus-c-3.0.5/bin/CMakeFiles/CMakeTmp/src.c:7:11: warning: implicit declaration of function ‘nanosleep’ [-Wimplicit-function-declaration]
    7 |  int rv = nanosleep(&x, &xx);
      |           ^~~~~~~~~
/home/peder/GitHub/JANUS-ROV-communicator/src/nodecomx_cpp_py/include/lib/janus-c-3.0.5/bin/CMakeFiles/CMakeTmp/src.c:7:6: warning: unused variable ‘rv’ [-Wunused-variable]
    7 |  int rv = nanosleep(&x, &xx);
      |      ^~
/home/peder/GitHub/JANUS-ROV-communicator/src/nodecomx_cpp_py/include/lib/janus-c-3.0.5/bin/CMakeFiles/CMakeTmp/src.c:5:17: warning: unused variable ‘xx’ [-Wunused-variable]
    5 | struct timespec xx;
      |                 ^~
/home/peder/GitHub/JANUS-ROV-communicator/src/nodecomx_cpp_py/include/lib/janus-c-3.0.5/bin/CMakeFiles/CMakeTmp/src.c:4:17: warning: unused variable ‘x’ [-Wunused-variable]
    4 | struct timespec x;
      |                 ^
gmake[1]: *** [CMakeFiles/cmTC_ba0f4.dir/build.make:78: CMakeFiles/cmTC_ba0f4.dir/src.c.o] Error 1
gmake[1]: Leaving directory '/home/peder/GitHub/JANUS-ROV-communicator/src/nodecomx_cpp_py/include/lib/janus-c-3.0.5/bin/CMakeFiles/CMakeTmp'
gmake: *** [Makefile:127: cmTC_ba0f4/fast] Error 2


Source file was:
#include <time.h>

int main(void) {
struct timespec x;
struct timespec xx;

 int rv = nanosleep(&x, &xx);
return 0;
}

Performing C SOURCE FILE Test JANUS_SYS_HAS_CLOCK_GETTIME failed with the following output:
Change Dir: /home/peder/GitHub/JANUS-ROV-communicator/src/nodecomx_cpp_py/include/lib/janus-c-3.0.5/bin/CMakeFiles/CMakeTmp

Run Build Command(s):/usr/bin/gmake -f Makefile cmTC_05d98/fast && /usr/bin/gmake  -f CMakeFiles/cmTC_05d98.dir/build.make CMakeFiles/cmTC_05d98.dir/build
gmake[1]: Entering directory '/home/peder/GitHub/JANUS-ROV-communicator/src/nodecomx_cpp_py/include/lib/janus-c-3.0.5/bin/CMakeFiles/CMakeTmp'
Building C object CMakeFiles/cmTC_05d98.dir/src.c.o
/usr/bin/cc -DJANUS_SYS_HAS_CLOCK_GETTIME -I/home/peder/GitHub/JANUS-ROV-communicator/src/nodecomx_cpp_py/include/lib/janus-c-3.0.5/external/libraries/x86-64bit-linux-glibc-gcc113/include -fPIC -std=c99 -Wall -Wshadow -pedantic -o CMakeFiles/cmTC_05d98.dir/src.c.o -c /home/peder/GitHub/JANUS-ROV-communicator/src/nodecomx_cpp_py/include/lib/janus-c-3.0.5/bin/CMakeFiles/CMakeTmp/src.c
/home/peder/GitHub/JANUS-ROV-communicator/src/nodecomx_cpp_py/include/lib/janus-c-3.0.5/bin/CMakeFiles/CMakeTmp/src.c: In function ‘main’:
/home/peder/GitHub/JANUS-ROV-communicator/src/nodecomx_cpp_py/include/lib/janus-c-3.0.5/bin/CMakeFiles/CMakeTmp/src.c:4:1: error: unknown type name ‘clockid_t’; did you mean ‘clock_t’?
    4 | clockid_t x;
      | ^~~~~~~~~
      | clock_t
/home/peder/GitHub/JANUS-ROV-communicator/src/nodecomx_cpp_py/include/lib/janus-c-3.0.5/bin/CMakeFiles/CMakeTmp/src.c:5:17: error: storage size of ‘xx’ isn’t known
    5 | struct timespec xx;
      |                 ^~
/home/peder/GitHub/JANUS-ROV-communicator/src/nodecomx_cpp_py/include/lib/janus-c-3.0.5/bin/CMakeFiles/CMakeTmp/src.c:7:11: warning: implicit declaration of function ‘clock_gettime’ [-Wimplicit-function-declaration]
    7 |  int rv = clock_gettime(x, &xx);
      |           ^~~~~~~~~~~~~
/home/peder/GitHub/JANUS-ROV-communicator/src/nodecomx_cpp_py/include/lib/janus-c-3.0.5/bin/CMakeFiles/CMakeTmp/src.c:7:6: warning: unused variable ‘rv’ [-Wunused-variable]
    7 |  int rv = clock_gettime(x, &xx);
      |      ^~
/home/peder/GitHub/JANUS-ROV-communicator/src/nodecomx_cpp_py/include/lib/janus-c-3.0.5/bin/CMakeFiles/CMakeTmp/src.c:5:17: warning: unused variable ‘xx’ [-Wunused-variable]
    5 | struct timespec xx;
      |                 ^~
gmake[1]: *** [CMakeFiles/cmTC_05d98.dir/build.make:78: CMakeFiles/cmTC_05d98.dir/src.c.o] Error 1
gmake[1]: Leaving directory '/home/peder/GitHub/JANUS-ROV-communicator/src/nodecomx_cpp_py/include/lib/janus-c-3.0.5/bin/CMakeFiles/CMakeTmp'
gmake: *** [Makefile:127: cmTC_05d98/fast] Error 2


Source file was:
#include <time.h>

int main(void) {
clockid_t x;
struct timespec xx;

 int rv = clock_gettime(x, &xx);
return 0;
}

Performing C SOURCE FILE Test JANUS_SYS_HAS_GET_SYSTEM_TIME_AS_FILE_TIME failed with the following output:
Change Dir: /home/peder/GitHub/JANUS-ROV-communicator/src/nodecomx_cpp_py/include/lib/janus-c-3.0.5/bin/CMakeFiles/CMakeTmp

Run Build Command(s):/usr/bin/gmake -f Makefile cmTC_59592/fast && /usr/bin/gmake  -f CMakeFiles/cmTC_59592.dir/build.make CMakeFiles/cmTC_59592.dir/build
gmake[1]: Entering directory '/home/peder/GitHub/JANUS-ROV-communicator/src/nodecomx_cpp_py/include/lib/janus-c-3.0.5/bin/CMakeFiles/CMakeTmp'
Building C object CMakeFiles/cmTC_59592.dir/src.c.o
/usr/bin/cc -DJANUS_SYS_HAS_GET_SYSTEM_TIME_AS_FILE_TIME -I/home/peder/GitHub/JANUS-ROV-communicator/src/nodecomx_cpp_py/include/lib/janus-c-3.0.5/external/libraries/x86-64bit-linux-glibc-gcc113/include -fPIC -std=c99 -Wall -Wshadow -pedantic -o CMakeFiles/cmTC_59592.dir/src.c.o -c /home/peder/GitHub/JANUS-ROV-communicator/src/nodecomx_cpp_py/include/lib/janus-c-3.0.5/bin/CMakeFiles/CMakeTmp/src.c
/home/peder/GitHub/JANUS-ROV-communicator/src/nodecomx_cpp_py/include/lib/janus-c-3.0.5/bin/CMakeFiles/CMakeTmp/src.c: In function ‘main’:
/home/peder/GitHub/JANUS-ROV-communicator/src/nodecomx_cpp_py/include/lib/janus-c-3.0.5/bin/CMakeFiles/CMakeTmp/src.c:3:1: error: unknown type name ‘FILETIME’
    3 | FILETIME x;
      | ^~~~~~~~
/home/peder/GitHub/JANUS-ROV-communicator/src/nodecomx_cpp_py/include/lib/janus-c-3.0.5/bin/CMakeFiles/CMakeTmp/src.c:5:1: warning: implicit declaration of function ‘GetSystemTimeAsFileTime’ [-Wimplicit-function-declaration]
    5 | GetSystemTimeAsFileTime(&x);
      | ^~~~~~~~~~~~~~~~~~~~~~~
gmake[1]: *** [CMakeFiles/cmTC_59592.dir/build.make:78: CMakeFiles/cmTC_59592.dir/src.c.o] Error 1
gmake[1]: Leaving directory '/home/peder/GitHub/JANUS-ROV-communicator/src/nodecomx_cpp_py/include/lib/janus-c-3.0.5/bin/CMakeFiles/CMakeTmp'
gmake: *** [Makefile:127: cmTC_59592/fast] Error 2


Source file was:

int main(void) {
FILETIME x;

GetSystemTimeAsFileTime(&x);
return 0;
}

Performing C SOURCE FILE Test JANUS_SYS_HAS_GET_LAST_ERROR failed with the following output:
Change Dir: /home/peder/GitHub/JANUS-ROV-communicator/src/nodecomx_cpp_py/include/lib/janus-c-3.0.5/bin/CMakeFiles/CMakeTmp

Run Build Command(s):/usr/bin/gmake -f Makefile cmTC_d8ee2/fast && /usr/bin/gmake  -f CMakeFiles/cmTC_d8ee2.dir/build.make CMakeFiles/cmTC_d8ee2.dir/build
gmake[1]: Entering directory '/home/peder/GitHub/JANUS-ROV-communicator/src/nodecomx_cpp_py/include/lib/janus-c-3.0.5/bin/CMakeFiles/CMakeTmp'
Building C object CMakeFiles/cmTC_d8ee2.dir/src.c.o
/usr/bin/cc -DJANUS_SYS_HAS_GET_LAST_ERROR -I/home/peder/GitHub/JANUS-ROV-communicator/src/nodecomx_cpp_py/include/lib/janus-c-3.0.5/external/libraries/x86-64bit-linux-glibc-gcc113/include -fPIC -std=c99 -Wall -Wshadow -pedantic -o CMakeFiles/cmTC_d8ee2.dir/src.c.o -c /home/peder/GitHub/JANUS-ROV-communicator/src/nodecomx_cpp_py/include/lib/janus-c-3.0.5/bin/CMakeFiles/CMakeTmp/src.c
/home/peder/GitHub/JANUS-ROV-communicator/src/nodecomx_cpp_py/include/lib/janus-c-3.0.5/bin/CMakeFiles/CMakeTmp/src.c: In function ‘main’:
/home/peder/GitHub/JANUS-ROV-communicator/src/nodecomx_cpp_py/include/lib/janus-c-3.0.5/bin/CMakeFiles/CMakeTmp/src.c:4:2: error: unknown type name ‘DWORD’
    4 |  DWORD rv = GetLastError();
      |  ^~~~~
/home/peder/GitHub/JANUS-ROV-communicator/src/nodecomx_cpp_py/include/lib/janus-c-3.0.5/bin/CMakeFiles/CMakeTmp/src.c:4:13: warning: implicit declaration of function ‘GetLastError’ [-Wimplicit-function-declaration]
    4 |  DWORD rv = GetLastError();
      |             ^~~~~~~~~~~~
/home/peder/GitHub/JANUS-ROV-communicator/src/nodecomx_cpp_py/include/lib/janus-c-3.0.5/bin/CMakeFiles/CMakeTmp/src.c:4:8: warning: unused variable ‘rv’ [-Wunused-variable]
    4 |  DWORD rv = GetLastError();
      |        ^~
gmake[1]: *** [CMakeFiles/cmTC_d8ee2.dir/build.make:78: CMakeFiles/cmTC_d8ee2.dir/src.c.o] Error 1
gmake[1]: Leaving directory '/home/peder/GitHub/JANUS-ROV-communicator/src/nodecomx_cpp_py/include/lib/janus-c-3.0.5/bin/CMakeFiles/CMakeTmp'
gmake: *** [Makefile:127: cmTC_d8ee2/fast] Error 2


Source file was:

int main(void) {

 DWORD rv = GetLastError();
return 0;
}

Performing C SOURCE FILE Test JANUS_SYS_HAS_CREATE_WAITABLE_TIMER failed with the following output:
Change Dir: /home/peder/GitHub/JANUS-ROV-communicator/src/nodecomx_cpp_py/include/lib/janus-c-3.0.5/bin/CMakeFiles/CMakeTmp

Run Build Command(s):/usr/bin/gmake -f Makefile cmTC_fc460/fast && /usr/bin/gmake  -f CMakeFiles/cmTC_fc460.dir/build.make CMakeFiles/cmTC_fc460.dir/build
gmake[1]: Entering directory '/home/peder/GitHub/JANUS-ROV-communicator/src/nodecomx_cpp_py/include/lib/janus-c-3.0.5/bin/CMakeFiles/CMakeTmp'
Building C object CMakeFiles/cmTC_fc460.dir/src.c.o
/usr/bin/cc -DJANUS_SYS_HAS_CREATE_WAITABLE_TIMER -I/home/peder/GitHub/JANUS-ROV-communicator/src/nodecomx_cpp_py/include/lib/janus-c-3.0.5/external/libraries/x86-64bit-linux-glibc-gcc113/include -fPIC -std=c99 -Wall -Wshadow -pedantic -o CMakeFiles/cmTC_fc460.dir/src.c.o -c /home/peder/GitHub/JANUS-ROV-communicator/src/nodecomx_cpp_py/include/lib/janus-c-3.0.5/bin/CMakeFiles/CMakeTmp/src.c
/home/peder/GitHub/JANUS-ROV-communicator/src/nodecomx_cpp_py/include/lib/janus-c-3.0.5/bin/CMakeFiles/CMakeTmp/src.c: In function ‘main’:
/home/peder/GitHub/JANUS-ROV-communicator/src/nodecomx_cpp_py/include/lib/janus-c-3.0.5/bin/CMakeFiles/CMakeTmp/src.c:3:1: error: unknown type name ‘SECURITY_ATTRIBUTES’
    3 | SECURITY_ATTRIBUTES x;
      | ^~~~~~~~~~~~~~~~~~~
/home/peder/GitHub/JANUS-ROV-communicator/src/nodecomx_cpp_py/include/lib/janus-c-3.0.5/bin/CMakeFiles/CMakeTmp/src.c:4:1: error: unknown type name ‘BOOL’
    4 | BOOL xx;
      | ^~~~
/home/peder/GitHub/JANUS-ROV-communicator/src/nodecomx_cpp_py/include/lib/janus-c-3.0.5/bin/CMakeFiles/CMakeTmp/src.c:7:2: error: unknown type name ‘HANDLE’
    7 |  HANDLE rv = CreateWaitableTimer(&x, xx, &xxx);
      |  ^~~~~~
/home/peder/GitHub/JANUS-ROV-communicator/src/nodecomx_cpp_py/include/lib/janus-c-3.0.5/bin/CMakeFiles/CMakeTmp/src.c:7:14: warning: implicit declaration of function ‘CreateWaitableTimer’ [-Wimplicit-function-declaration]
    7 |  HANDLE rv = CreateWaitableTimer(&x, xx, &xxx);
      |              ^~~~~~~~~~~~~~~~~~~
/home/peder/GitHub/JANUS-ROV-communicator/src/nodecomx_cpp_py/include/lib/janus-c-3.0.5/bin/CMakeFiles/CMakeTmp/src.c:7:9: warning: unused variable ‘rv’ [-Wunused-variable]
    7 |  HANDLE rv = CreateWaitableTimer(&x, xx, &xxx);
      |         ^~
gmake[1]: *** [CMakeFiles/cmTC_fc460.dir/build.make:78: CMakeFiles/cmTC_fc460.dir/src.c.o] Error 1
gmake[1]: Leaving directory '/home/peder/GitHub/JANUS-ROV-communicator/src/nodecomx_cpp_py/include/lib/janus-c-3.0.5/bin/CMakeFiles/CMakeTmp'
gmake: *** [Makefile:127: cmTC_fc460/fast] Error 2


Source file was:

int main(void) {
SECURITY_ATTRIBUTES x;
BOOL xx;
char xxx;

 HANDLE rv = CreateWaitableTimer(&x, xx, &xxx);
return 0;
}

Performing C SOURCE FILE Test JANUS_SYS_HAS_GET_MODULE_FILE_NAME failed with the following output:
Change Dir: /home/peder/GitHub/JANUS-ROV-communicator/src/nodecomx_cpp_py/include/lib/janus-c-3.0.5/bin/CMakeFiles/CMakeTmp

Run Build Command(s):/usr/bin/gmake -f Makefile cmTC_155f1/fast && /usr/bin/gmake  -f CMakeFiles/cmTC_155f1.dir/build.make CMakeFiles/cmTC_155f1.dir/build
gmake[1]: Entering directory '/home/peder/GitHub/JANUS-ROV-communicator/src/nodecomx_cpp_py/include/lib/janus-c-3.0.5/bin/CMakeFiles/CMakeTmp'
Building C object CMakeFiles/cmTC_155f1.dir/src.c.o
/usr/bin/cc -DJANUS_SYS_HAS_GET_MODULE_FILE_NAME -I/home/peder/GitHub/JANUS-ROV-communicator/src/nodecomx_cpp_py/include/lib/janus-c-3.0.5/external/libraries/x86-64bit-linux-glibc-gcc113/include -fPIC -std=c99 -Wall -Wshadow -pedantic -o CMakeFiles/cmTC_155f1.dir/src.c.o -c /home/peder/GitHub/JANUS-ROV-communicator/src/nodecomx_cpp_py/include/lib/janus-c-3.0.5/bin/CMakeFiles/CMakeTmp/src.c
/home/peder/GitHub/JANUS-ROV-communicator/src/nodecomx_cpp_py/include/lib/janus-c-3.0.5/bin/CMakeFiles/CMakeTmp/src.c: In function ‘main’:
/home/peder/GitHub/JANUS-ROV-communicator/src/nodecomx_cpp_py/include/lib/janus-c-3.0.5/bin/CMakeFiles/CMakeTmp/src.c:3:1: error: unknown type name ‘HMODULE’
    3 | HMODULE x;
      | ^~~~~~~
/home/peder/GitHub/JANUS-ROV-communicator/src/nodecomx_cpp_py/include/lib/janus-c-3.0.5/bin/CMakeFiles/CMakeTmp/src.c:4:1: error: unknown type name ‘LPSTR’
    4 | LPSTR xx;
      | ^~~~~
/home/peder/GitHub/JANUS-ROV-communicator/src/nodecomx_cpp_py/include/lib/janus-c-3.0.5/bin/CMakeFiles/CMakeTmp/src.c:5:1: error: unknown type name ‘DWORD’
    5 | DWORD xxx;
      | ^~~~~
/home/peder/GitHub/JANUS-ROV-communicator/src/nodecomx_cpp_py/include/lib/janus-c-3.0.5/bin/CMakeFiles/CMakeTmp/src.c:7:2: error: unknown type name ‘DWORD’
    7 |  DWORD rv = GetModuleFileName(x, xx, xxx);
      |  ^~~~~
/home/peder/GitHub/JANUS-ROV-communicator/src/nodecomx_cpp_py/include/lib/janus-c-3.0.5/bin/CMakeFiles/CMakeTmp/src.c:7:13: warning: implicit declaration of function ‘GetModuleFileName’ [-Wimplicit-function-declaration]
    7 |  DWORD rv = GetModuleFileName(x, xx, xxx);
      |             ^~~~~~~~~~~~~~~~~
/home/peder/GitHub/JANUS-ROV-communicator/src/nodecomx_cpp_py/include/lib/janus-c-3.0.5/bin/CMakeFiles/CMakeTmp/src.c:7:8: warning: unused variable ‘rv’ [-Wunused-variable]
    7 |  DWORD rv = GetModuleFileName(x, xx, xxx);
      |        ^~
gmake[1]: *** [CMakeFiles/cmTC_155f1.dir/build.make:78: CMakeFiles/cmTC_155f1.dir/src.c.o] Error 1
gmake[1]: Leaving directory '/home/peder/GitHub/JANUS-ROV-communicator/src/nodecomx_cpp_py/include/lib/janus-c-3.0.5/bin/CMakeFiles/CMakeTmp'
gmake: *** [Makefile:127: cmTC_155f1/fast] Error 2


Source file was:

int main(void) {
HMODULE x;
LPSTR xx;
DWORD xxx;

 DWORD rv = GetModuleFileName(x, xx, xxx);
return 0;
}

Performing C SOURCE FILE Test JANUS_SYS_HAS_LOAD_LIBRARY failed with the following output:
Change Dir: /home/peder/GitHub/JANUS-ROV-communicator/src/nodecomx_cpp_py/include/lib/janus-c-3.0.5/bin/CMakeFiles/CMakeTmp

Run Build Command(s):/usr/bin/gmake -f Makefile cmTC_2e05c/fast && /usr/bin/gmake  -f CMakeFiles/cmTC_2e05c.dir/build.make CMakeFiles/cmTC_2e05c.dir/build
gmake[1]: Entering directory '/home/peder/GitHub/JANUS-ROV-communicator/src/nodecomx_cpp_py/include/lib/janus-c-3.0.5/bin/CMakeFiles/CMakeTmp'
Building C object CMakeFiles/cmTC_2e05c.dir/src.c.o
/usr/bin/cc -DJANUS_SYS_HAS_LOAD_LIBRARY -I/home/peder/GitHub/JANUS-ROV-communicator/src/nodecomx_cpp_py/include/lib/janus-c-3.0.5/external/libraries/x86-64bit-linux-glibc-gcc113/include -fPIC -std=c99 -Wall -Wshadow -pedantic -o CMakeFiles/cmTC_2e05c.dir/src.c.o -c /home/peder/GitHub/JANUS-ROV-communicator/src/nodecomx_cpp_py/include/lib/janus-c-3.0.5/bin/CMakeFiles/CMakeTmp/src.c
/home/peder/GitHub/JANUS-ROV-communicator/src/nodecomx_cpp_py/include/lib/janus-c-3.0.5/bin/CMakeFiles/CMakeTmp/src.c: In function ‘main’:
/home/peder/GitHub/JANUS-ROV-communicator/src/nodecomx_cpp_py/include/lib/janus-c-3.0.5/bin/CMakeFiles/CMakeTmp/src.c:5:2: error: unknown type name ‘HMODULE’
    5 |  HMODULE rv = LoadLibrary(&x);
      |  ^~~~~~~
/home/peder/GitHub/JANUS-ROV-communicator/src/nodecomx_cpp_py/include/lib/janus-c-3.0.5/bin/CMakeFiles/CMakeTmp/src.c:5:15: warning: implicit declaration of function ‘LoadLibrary’ [-Wimplicit-function-declaration]
    5 |  HMODULE rv = LoadLibrary(&x);
      |               ^~~~~~~~~~~
/home/peder/GitHub/JANUS-ROV-communicator/src/nodecomx_cpp_py/include/lib/janus-c-3.0.5/bin/CMakeFiles/CMakeTmp/src.c:5:10: warning: unused variable ‘rv’ [-Wunused-variable]
    5 |  HMODULE rv = LoadLibrary(&x);
      |          ^~
gmake[1]: *** [CMakeFiles/cmTC_2e05c.dir/build.make:78: CMakeFiles/cmTC_2e05c.dir/src.c.o] Error 1
gmake[1]: Leaving directory '/home/peder/GitHub/JANUS-ROV-communicator/src/nodecomx_cpp_py/include/lib/janus-c-3.0.5/bin/CMakeFiles/CMakeTmp'
gmake: *** [Makefile:127: cmTC_2e05c/fast] Error 2


Source file was:

int main(void) {
char x;

 HMODULE rv = LoadLibrary(&x);
return 0;
}

Performing C SOURCE FILE Test JANUS_SYS_HAS_TLS_ALLOC failed with the following output:
Change Dir: /home/peder/GitHub/JANUS-ROV-communicator/src/nodecomx_cpp_py/include/lib/janus-c-3.0.5/bin/CMakeFiles/CMakeTmp

Run Build Command(s):/usr/bin/gmake -f Makefile cmTC_4492c/fast && /usr/bin/gmake  -f CMakeFiles/cmTC_4492c.dir/build.make CMakeFiles/cmTC_4492c.dir/build
gmake[1]: Entering directory '/home/peder/GitHub/JANUS-ROV-communicator/src/nodecomx_cpp_py/include/lib/janus-c-3.0.5/bin/CMakeFiles/CMakeTmp'
Building C object CMakeFiles/cmTC_4492c.dir/src.c.o
/usr/bin/cc -DJANUS_SYS_HAS_TLS_ALLOC -I/home/peder/GitHub/JANUS-ROV-communicator/src/nodecomx_cpp_py/include/lib/janus-c-3.0.5/external/libraries/x86-64bit-linux-glibc-gcc113/include -fPIC -std=c99 -Wall -Wshadow -pedantic -o CMakeFiles/cmTC_4492c.dir/src.c.o -c /home/peder/GitHub/JANUS-ROV-communicator/src/nodecomx_cpp_py/include/lib/janus-c-3.0.5/bin/CMakeFiles/CMakeTmp/src.c
/home/peder/GitHub/JANUS-ROV-communicator/src/nodecomx_cpp_py/include/lib/janus-c-3.0.5/bin/CMakeFiles/CMakeTmp/src.c: In function ‘main’:
/home/peder/GitHub/JANUS-ROV-communicator/src/nodecomx_cpp_py/include/lib/janus-c-3.0.5/bin/CMakeFiles/CMakeTmp/src.c:4:2: error: unknown type name ‘DWORD’
    4 |  DWORD rv = TlsAlloc();
      |  ^~~~~
/home/peder/GitHub/JANUS-ROV-communicator/src/nodecomx_cpp_py/include/lib/janus-c-3.0.5/bin/CMakeFiles/CMakeTmp/src.c:4:13: warning: implicit declaration of function ‘TlsAlloc’ [-Wimplicit-function-declaration]
    4 |  DWORD rv = TlsAlloc();
      |             ^~~~~~~~
/home/peder/GitHub/JANUS-ROV-communicator/src/nodecomx_cpp_py/include/lib/janus-c-3.0.5/bin/CMakeFiles/CMakeTmp/src.c:4:8: warning: unused variable ‘rv’ [-Wunused-variable]
    4 |  DWORD rv = TlsAlloc();
      |        ^~
gmake[1]: *** [CMakeFiles/cmTC_4492c.dir/build.make:78: CMakeFiles/cmTC_4492c.dir/src.c.o] Error 1
gmake[1]: Leaving directory '/home/peder/GitHub/JANUS-ROV-communicator/src/nodecomx_cpp_py/include/lib/janus-c-3.0.5/bin/CMakeFiles/CMakeTmp'
gmake: *** [Makefile:127: cmTC_4492c/fast] Error 2


Source file was:

int main(void) {

 DWORD rv = TlsAlloc();
return 0;
}

Performing C SOURCE FILE Test JANUS_SYS_HAS_GETTIMEOFDAY failed with the following output:
Change Dir: /home/peder/GitHub/JANUS-ROV-communicator/src/nodecomx_cpp_py/include/lib/janus-c-3.0.5/bin/CMakeFiles/CMakeTmp

Run Build Command(s):/usr/bin/gmake -f Makefile cmTC_fdefc/fast && /usr/bin/gmake  -f CMakeFiles/cmTC_fdefc.dir/build.make CMakeFiles/cmTC_fdefc.dir/build
gmake[1]: Entering directory '/home/peder/GitHub/JANUS-ROV-communicator/src/nodecomx_cpp_py/include/lib/janus-c-3.0.5/bin/CMakeFiles/CMakeTmp'
Building C object CMakeFiles/cmTC_fdefc.dir/src.c.o
/usr/bin/cc -DJANUS_SYS_HAS_GETTIMEOFDAY -I/home/peder/GitHub/JANUS-ROV-communicator/src/nodecomx_cpp_py/include/lib/janus-c-3.0.5/external/libraries/x86-64bit-linux-glibc-gcc113/include -fPIC -std=c99 -Wall -Wshadow -pedantic -o CMakeFiles/cmTC_fdefc.dir/src.c.o -c /home/peder/GitHub/JANUS-ROV-communicator/src/nodecomx_cpp_py/include/lib/janus-c-3.0.5/bin/CMakeFiles/CMakeTmp/src.c
/home/peder/GitHub/JANUS-ROV-communicator/src/nodecomx_cpp_py/include/lib/janus-c-3.0.5/bin/CMakeFiles/CMakeTmp/src.c: In function ‘main’:
/home/peder/GitHub/JANUS-ROV-communicator/src/nodecomx_cpp_py/include/lib/janus-c-3.0.5/bin/CMakeFiles/CMakeTmp/src.c:5:17: error: storage size of ‘xx’ isn’t known
    5 | struct timezone xx;
      |                 ^~
/home/peder/GitHub/JANUS-ROV-communicator/src/nodecomx_cpp_py/include/lib/janus-c-3.0.5/bin/CMakeFiles/CMakeTmp/src.c:7:6: warning: unused variable ‘rv’ [-Wunused-variable]
    7 |  int rv = gettimeofday(&x, &xx);
      |      ^~
/home/peder/GitHub/JANUS-ROV-communicator/src/nodecomx_cpp_py/include/lib/janus-c-3.0.5/bin/CMakeFiles/CMakeTmp/src.c:5:17: warning: unused variable ‘xx’ [-Wunused-variable]
    5 | struct timezone xx;
      |                 ^~
gmake[1]: *** [CMakeFiles/cmTC_fdefc.dir/build.make:78: CMakeFiles/cmTC_fdefc.dir/src.c.o] Error 1
gmake[1]: Leaving directory '/home/peder/GitHub/JANUS-ROV-communicator/src/nodecomx_cpp_py/include/lib/janus-c-3.0.5/bin/CMakeFiles/CMakeTmp'
gmake: *** [Makefile:127: cmTC_fdefc/fast] Error 2


Source file was:
#include <sys/time.h>

int main(void) {
struct timeval x;
struct timezone xx;

 int rv = gettimeofday(&x, &xx);
return 0;
}

Performing C SOURCE FILE Test JANUS_SYS_HAS_GETADDRINFO failed with the following output:
Change Dir: /home/peder/GitHub/JANUS-ROV-communicator/src/nodecomx_cpp_py/include/lib/janus-c-3.0.5/bin/CMakeFiles/CMakeTmp

Run Build Command(s):/usr/bin/gmake -f Makefile cmTC_b840a/fast && /usr/bin/gmake  -f CMakeFiles/cmTC_b840a.dir/build.make CMakeFiles/cmTC_b840a.dir/build
gmake[1]: Entering directory '/home/peder/GitHub/JANUS-ROV-communicator/src/nodecomx_cpp_py/include/lib/janus-c-3.0.5/bin/CMakeFiles/CMakeTmp'
Building C object CMakeFiles/cmTC_b840a.dir/src.c.o
/usr/bin/cc -DJANUS_SYS_HAS_GETADDRINFO -I/home/peder/GitHub/JANUS-ROV-communicator/src/nodecomx_cpp_py/include/lib/janus-c-3.0.5/external/libraries/x86-64bit-linux-glibc-gcc113/include -fPIC -std=c99 -Wall -Wshadow -pedantic -o CMakeFiles/cmTC_b840a.dir/src.c.o -c /home/peder/GitHub/JANUS-ROV-communicator/src/nodecomx_cpp_py/include/lib/janus-c-3.0.5/bin/CMakeFiles/CMakeTmp/src.c
/home/peder/GitHub/JANUS-ROV-communicator/src/nodecomx_cpp_py/include/lib/janus-c-3.0.5/bin/CMakeFiles/CMakeTmp/src.c: In function ‘main’:
/home/peder/GitHub/JANUS-ROV-communicator/src/nodecomx_cpp_py/include/lib/janus-c-3.0.5/bin/CMakeFiles/CMakeTmp/src.c:8:17: error: storage size of ‘xxx’ isn’t known
    8 | struct addrinfo xxx;
      |                 ^~~
/home/peder/GitHub/JANUS-ROV-communicator/src/nodecomx_cpp_py/include/lib/janus-c-3.0.5/bin/CMakeFiles/CMakeTmp/src.c:11:11: warning: implicit declaration of function ‘getaddrinfo’ [-Wimplicit-function-declaration]
   11 |  int rv = getaddrinfo(&x, &xx, &xxx, &xxxx);
      |           ^~~~~~~~~~~
/home/peder/GitHub/JANUS-ROV-communicator/src/nodecomx_cpp_py/include/lib/janus-c-3.0.5/bin/CMakeFiles/CMakeTmp/src.c:11:6: warning: unused variable ‘rv’ [-Wunused-variable]
   11 |  int rv = getaddrinfo(&x, &xx, &xxx, &xxxx);
      |      ^~
/home/peder/GitHub/JANUS-ROV-communicator/src/nodecomx_cpp_py/include/lib/janus-c-3.0.5/bin/CMakeFiles/CMakeTmp/src.c:8:17: warning: unused variable ‘xxx’ [-Wunused-variable]
    8 | struct addrinfo xxx;
      |                 ^~~
gmake[1]: *** [CMakeFiles/cmTC_b840a.dir/build.make:78: CMakeFiles/cmTC_b840a.dir/src.c.o] Error 1
gmake[1]: Leaving directory '/home/peder/GitHub/JANUS-ROV-communicator/src/nodecomx_cpp_py/include/lib/janus-c-3.0.5/bin/CMakeFiles/CMakeTmp'
gmake: *** [Makefile:127: cmTC_b840a/fast] Error 2


Source file was:
#include <sys/types.h>
#include <sys/socket.h>
#include <netdb.h>

int main(void) {
char x;
char xx;
struct addrinfo xxx;
struct addrinfo* xxxx;

 int rv = getaddrinfo(&x, &xx, &xxx, &xxxx);
return 0;
}

Performing C SOURCE FILE Test JANUS_SYS_HAS_STATFS64_DARWIN_LINUX failed with the following output:
Change Dir: /home/peder/GitHub/JANUS-ROV-communicator/src/nodecomx_cpp_py/include/lib/janus-c-3.0.5/bin/CMakeFiles/CMakeTmp

Run Build Command(s):/usr/bin/gmake -f Makefile cmTC_726c7/fast && /usr/bin/gmake  -f CMakeFiles/cmTC_726c7.dir/build.make CMakeFiles/cmTC_726c7.dir/build
gmake[1]: Entering directory '/home/peder/GitHub/JANUS-ROV-communicator/src/nodecomx_cpp_py/include/lib/janus-c-3.0.5/bin/CMakeFiles/CMakeTmp'
Building C object CMakeFiles/cmTC_726c7.dir/src.c.o
/usr/bin/cc -DJANUS_SYS_HAS_STATFS64_DARWIN_LINUX -I/home/peder/GitHub/JANUS-ROV-communicator/src/nodecomx_cpp_py/include/lib/janus-c-3.0.5/external/libraries/x86-64bit-linux-glibc-gcc113/include -fPIC -std=c99 -Wall -Wshadow -pedantic -o CMakeFiles/cmTC_726c7.dir/src.c.o -c /home/peder/GitHub/JANUS-ROV-communicator/src/nodecomx_cpp_py/include/lib/janus-c-3.0.5/bin/CMakeFiles/CMakeTmp/src.c
/home/peder/GitHub/JANUS-ROV-communicator/src/nodecomx_cpp_py/include/lib/janus-c-3.0.5/bin/CMakeFiles/CMakeTmp/src.c: In function ‘main’:
/home/peder/GitHub/JANUS-ROV-communicator/src/nodecomx_cpp_py/include/lib/janus-c-3.0.5/bin/CMakeFiles/CMakeTmp/src.c:7:17: error: storage size of ‘xx’ isn’t known
    7 | struct statfs64 xx;
      |                 ^~
/home/peder/GitHub/JANUS-ROV-communicator/src/nodecomx_cpp_py/include/lib/janus-c-3.0.5/bin/CMakeFiles/CMakeTmp/src.c:9:11: warning: implicit declaration of function ‘statfs64’; did you mean ‘statfs’? [-Wimplicit-function-declaration]
    9 |  int rv = statfs64(&x, &xx);
      |           ^~~~~~~~
      |           statfs
/home/peder/GitHub/JANUS-ROV-communicator/src/nodecomx_cpp_py/include/lib/janus-c-3.0.5/bin/CMakeFiles/CMakeTmp/src.c:9:6: warning: unused variable ‘rv’ [-Wunused-variable]
    9 |  int rv = statfs64(&x, &xx);
      |      ^~
/home/peder/GitHub/JANUS-ROV-communicator/src/nodecomx_cpp_py/include/lib/janus-c-3.0.5/bin/CMakeFiles/CMakeTmp/src.c:7:17: warning: unused variable ‘xx’ [-Wunused-variable]
    7 | struct statfs64 xx;
      |                 ^~
gmake[1]: *** [CMakeFiles/cmTC_726c7.dir/build.make:78: CMakeFiles/cmTC_726c7.dir/src.c.o] Error 1
gmake[1]: Leaving directory '/home/peder/GitHub/JANUS-ROV-communicator/src/nodecomx_cpp_py/include/lib/janus-c-3.0.5/bin/CMakeFiles/CMakeTmp'
gmake: *** [Makefile:127: cmTC_726c7/fast] Error 2


Source file was:
#include <sys/param.h>
#include <sys/mount.h>
#include <sys/vfs.h>

int main(void) {
char x;
struct statfs64 xx;

 int rv = statfs64(&x, &xx);
return 0;
}

Performing C SOURCE FILE Test JANUS_SYS_HAS_CREATE_DIRECTORY failed with the following output:
Change Dir: /home/peder/GitHub/JANUS-ROV-communicator/src/nodecomx_cpp_py/include/lib/janus-c-3.0.5/bin/CMakeFiles/CMakeTmp

Run Build Command(s):/usr/bin/gmake -f Makefile cmTC_49399/fast && /usr/bin/gmake  -f CMakeFiles/cmTC_49399.dir/build.make CMakeFiles/cmTC_49399.dir/build
gmake[1]: Entering directory '/home/peder/GitHub/JANUS-ROV-communicator/src/nodecomx_cpp_py/include/lib/janus-c-3.0.5/bin/CMakeFiles/CMakeTmp'
Building C object CMakeFiles/cmTC_49399.dir/src.c.o
/usr/bin/cc -DJANUS_SYS_HAS_CREATE_DIRECTORY -I/home/peder/GitHub/JANUS-ROV-communicator/src/nodecomx_cpp_py/include/lib/janus-c-3.0.5/external/libraries/x86-64bit-linux-glibc-gcc113/include -fPIC -std=c99 -Wall -Wshadow -pedantic -o CMakeFiles/cmTC_49399.dir/src.c.o -c /home/peder/GitHub/JANUS-ROV-communicator/src/nodecomx_cpp_py/include/lib/janus-c-3.0.5/bin/CMakeFiles/CMakeTmp/src.c
/home/peder/GitHub/JANUS-ROV-communicator/src/nodecomx_cpp_py/include/lib/janus-c-3.0.5/bin/CMakeFiles/CMakeTmp/src.c: In function ‘main’:
/home/peder/GitHub/JANUS-ROV-communicator/src/nodecomx_cpp_py/include/lib/janus-c-3.0.5/bin/CMakeFiles/CMakeTmp/src.c:3:1: error: unknown type name ‘LPCTSTR’
    3 | LPCTSTR x;
      | ^~~~~~~
/home/peder/GitHub/JANUS-ROV-communicator/src/nodecomx_cpp_py/include/lib/janus-c-3.0.5/bin/CMakeFiles/CMakeTmp/src.c:4:1: error: unknown type name ‘LPSECURITY_ATTRIBUTES’
    4 | LPSECURITY_ATTRIBUTES xx;
      | ^~~~~~~~~~~~~~~~~~~~~
/home/peder/GitHub/JANUS-ROV-communicator/src/nodecomx_cpp_py/include/lib/janus-c-3.0.5/bin/CMakeFiles/CMakeTmp/src.c:6:2: error: unknown type name ‘BOOL’
    6 |  BOOL rv = CreateDirectory(x, xx);
      |  ^~~~
/home/peder/GitHub/JANUS-ROV-communicator/src/nodecomx_cpp_py/include/lib/janus-c-3.0.5/bin/CMakeFiles/CMakeTmp/src.c:6:12: warning: implicit declaration of function ‘CreateDirectory’ [-Wimplicit-function-declaration]
    6 |  BOOL rv = CreateDirectory(x, xx);
      |            ^~~~~~~~~~~~~~~
/home/peder/GitHub/JANUS-ROV-communicator/src/nodecomx_cpp_py/include/lib/janus-c-3.0.5/bin/CMakeFiles/CMakeTmp/src.c:6:7: warning: unused variable ‘rv’ [-Wunused-variable]
    6 |  BOOL rv = CreateDirectory(x, xx);
      |       ^~
gmake[1]: *** [CMakeFiles/cmTC_49399.dir/build.make:78: CMakeFiles/cmTC_49399.dir/src.c.o] Error 1
gmake[1]: Leaving directory '/home/peder/GitHub/JANUS-ROV-communicator/src/nodecomx_cpp_py/include/lib/janus-c-3.0.5/bin/CMakeFiles/CMakeTmp'
gmake: *** [Makefile:127: cmTC_49399/fast] Error 2


Source file was:

int main(void) {
LPCTSTR x;
LPSECURITY_ATTRIBUTES xx;

 BOOL rv = CreateDirectory(x, xx);
return 0;
}

Performing C SOURCE FILE Test JANUS_SYS_HAS_SETTIMEOFDAY failed with the following output:
Change Dir: /home/peder/GitHub/JANUS-ROV-communicator/src/nodecomx_cpp_py/include/lib/janus-c-3.0.5/bin/CMakeFiles/CMakeTmp

Run Build Command(s):/usr/bin/gmake -f Makefile cmTC_16cd2/fast && /usr/bin/gmake  -f CMakeFiles/cmTC_16cd2.dir/build.make CMakeFiles/cmTC_16cd2.dir/build
gmake[1]: Entering directory '/home/peder/GitHub/JANUS-ROV-communicator/src/nodecomx_cpp_py/include/lib/janus-c-3.0.5/bin/CMakeFiles/CMakeTmp'
Building C object CMakeFiles/cmTC_16cd2.dir/src.c.o
/usr/bin/cc -DJANUS_SYS_HAS_SETTIMEOFDAY -I/home/peder/GitHub/JANUS-ROV-communicator/src/nodecomx_cpp_py/include/lib/janus-c-3.0.5/external/libraries/x86-64bit-linux-glibc-gcc113/include -fPIC -std=c99 -Wall -Wshadow -pedantic -o CMakeFiles/cmTC_16cd2.dir/src.c.o -c /home/peder/GitHub/JANUS-ROV-communicator/src/nodecomx_cpp_py/include/lib/janus-c-3.0.5/bin/CMakeFiles/CMakeTmp/src.c
/home/peder/GitHub/JANUS-ROV-communicator/src/nodecomx_cpp_py/include/lib/janus-c-3.0.5/bin/CMakeFiles/CMakeTmp/src.c: In function ‘main’:
/home/peder/GitHub/JANUS-ROV-communicator/src/nodecomx_cpp_py/include/lib/janus-c-3.0.5/bin/CMakeFiles/CMakeTmp/src.c:5:17: error: storage size of ‘xx’ isn’t known
    5 | struct timezone xx;
      |                 ^~
/home/peder/GitHub/JANUS-ROV-communicator/src/nodecomx_cpp_py/include/lib/janus-c-3.0.5/bin/CMakeFiles/CMakeTmp/src.c:7:11: warning: implicit declaration of function ‘settimeofday’; did you mean ‘gettimeofday’? [-Wimplicit-function-declaration]
    7 |  int rv = settimeofday(&x, &xx);
      |           ^~~~~~~~~~~~
      |           gettimeofday
/home/peder/GitHub/JANUS-ROV-communicator/src/nodecomx_cpp_py/include/lib/janus-c-3.0.5/bin/CMakeFiles/CMakeTmp/src.c:7:6: warning: unused variable ‘rv’ [-Wunused-variable]
    7 |  int rv = settimeofday(&x, &xx);
      |      ^~
/home/peder/GitHub/JANUS-ROV-communicator/src/nodecomx_cpp_py/include/lib/janus-c-3.0.5/bin/CMakeFiles/CMakeTmp/src.c:5:17: warning: unused variable ‘xx’ [-Wunused-variable]
    5 | struct timezone xx;
      |                 ^~
gmake[1]: *** [CMakeFiles/cmTC_16cd2.dir/build.make:78: CMakeFiles/cmTC_16cd2.dir/src.c.o] Error 1
gmake[1]: Leaving directory '/home/peder/GitHub/JANUS-ROV-communicator/src/nodecomx_cpp_py/include/lib/janus-c-3.0.5/bin/CMakeFiles/CMakeTmp'
gmake: *** [Makefile:127: cmTC_16cd2/fast] Error 2


Source file was:
#include <sys/time.h>

int main(void) {
struct timeval x;
struct timezone xx;

 int rv = settimeofday(&x, &xx);
return 0;
}

Performing C SOURCE FILE Test JANUS_SYS_HAS_WSA_STARTUP failed with the following output:
Change Dir: /home/peder/GitHub/JANUS-ROV-communicator/src/nodecomx_cpp_py/include/lib/janus-c-3.0.5/bin/CMakeFiles/CMakeTmp

Run Build Command(s):/usr/bin/gmake -f Makefile cmTC_eb618/fast && /usr/bin/gmake  -f CMakeFiles/cmTC_eb618.dir/build.make CMakeFiles/cmTC_eb618.dir/build
gmake[1]: Entering directory '/home/peder/GitHub/JANUS-ROV-communicator/src/nodecomx_cpp_py/include/lib/janus-c-3.0.5/bin/CMakeFiles/CMakeTmp'
Building C object CMakeFiles/cmTC_eb618.dir/src.c.o
/usr/bin/cc -DJANUS_SYS_HAS_WSA_STARTUP -I/home/peder/GitHub/JANUS-ROV-communicator/src/nodecomx_cpp_py/include/lib/janus-c-3.0.5/external/libraries/x86-64bit-linux-glibc-gcc113/include -fPIC -std=c99 -Wall -Wshadow -pedantic -o CMakeFiles/cmTC_eb618.dir/src.c.o -c /home/peder/GitHub/JANUS-ROV-communicator/src/nodecomx_cpp_py/include/lib/janus-c-3.0.5/bin/CMakeFiles/CMakeTmp/src.c
/home/peder/GitHub/JANUS-ROV-communicator/src/nodecomx_cpp_py/include/lib/janus-c-3.0.5/bin/CMakeFiles/CMakeTmp/src.c: In function ‘main’:
/home/peder/GitHub/JANUS-ROV-communicator/src/nodecomx_cpp_py/include/lib/janus-c-3.0.5/bin/CMakeFiles/CMakeTmp/src.c:3:1: error: unknown type name ‘WORD’
    3 | WORD x;
      | ^~~~
/home/peder/GitHub/JANUS-ROV-communicator/src/nodecomx_cpp_py/include/lib/janus-c-3.0.5/bin/CMakeFiles/CMakeTmp/src.c:4:1: error: unknown type name ‘WSADATA’
    4 | WSADATA xx;
      | ^~~~~~~
/home/peder/GitHub/JANUS-ROV-communicator/src/nodecomx_cpp_py/include/lib/janus-c-3.0.5/bin/CMakeFiles/CMakeTmp/src.c:6:11: warning: implicit declaration of function ‘WSAStartup’ [-Wimplicit-function-declaration]
    6 |  int rv = WSAStartup(x, &xx);
      |           ^~~~~~~~~~
/home/peder/GitHub/JANUS-ROV-communicator/src/nodecomx_cpp_py/include/lib/janus-c-3.0.5/bin/CMakeFiles/CMakeTmp/src.c:6:6: warning: unused variable ‘rv’ [-Wunused-variable]
    6 |  int rv = WSAStartup(x, &xx);
      |      ^~
gmake[1]: *** [CMakeFiles/cmTC_eb618.dir/build.make:78: CMakeFiles/cmTC_eb618.dir/src.c.o] Error 1
gmake[1]: Leaving directory '/home/peder/GitHub/JANUS-ROV-communicator/src/nodecomx_cpp_py/include/lib/janus-c-3.0.5/bin/CMakeFiles/CMakeTmp'
gmake: *** [Makefile:127: cmTC_eb618/fast] Error 2


Source file was:

int main(void) {
WORD x;
WSADATA xx;

 int rv = WSAStartup(x, &xx);
return 0;
}

Performing C SOURCE FILE Test JANUS_SYS_HAS_WSA_CLEANUP failed with the following output:
Change Dir: /home/peder/GitHub/JANUS-ROV-communicator/src/nodecomx_cpp_py/include/lib/janus-c-3.0.5/bin/CMakeFiles/CMakeTmp

Run Build Command(s):/usr/bin/gmake -f Makefile cmTC_ce760/fast && /usr/bin/gmake  -f CMakeFiles/cmTC_ce760.dir/build.make CMakeFiles/cmTC_ce760.dir/build
gmake[1]: Entering directory '/home/peder/GitHub/JANUS-ROV-communicator/src/nodecomx_cpp_py/include/lib/janus-c-3.0.5/bin/CMakeFiles/CMakeTmp'
Building C object CMakeFiles/cmTC_ce760.dir/src.c.o
/usr/bin/cc -DJANUS_SYS_HAS_WSA_CLEANUP -I/home/peder/GitHub/JANUS-ROV-communicator/src/nodecomx_cpp_py/include/lib/janus-c-3.0.5/external/libraries/x86-64bit-linux-glibc-gcc113/include -fPIC -std=c99 -Wall -Wshadow -pedantic -o CMakeFiles/cmTC_ce760.dir/src.c.o -c /home/peder/GitHub/JANUS-ROV-communicator/src/nodecomx_cpp_py/include/lib/janus-c-3.0.5/bin/CMakeFiles/CMakeTmp/src.c
/home/peder/GitHub/JANUS-ROV-communicator/src/nodecomx_cpp_py/include/lib/janus-c-3.0.5/bin/CMakeFiles/CMakeTmp/src.c: In function ‘main’:
/home/peder/GitHub/JANUS-ROV-communicator/src/nodecomx_cpp_py/include/lib/janus-c-3.0.5/bin/CMakeFiles/CMakeTmp/src.c:4:11: warning: implicit declaration of function ‘WSACleanup’ [-Wimplicit-function-declaration]
    4 |  int rv = WSACleanup();
      |           ^~~~~~~~~~
/home/peder/GitHub/JANUS-ROV-communicator/src/nodecomx_cpp_py/include/lib/janus-c-3.0.5/bin/CMakeFiles/CMakeTmp/src.c:4:6: warning: unused variable ‘rv’ [-Wunused-variable]
    4 |  int rv = WSACleanup();
      |      ^~
Linking C executable cmTC_ce760
/usr/bin/cmake -E cmake_link_script CMakeFiles/cmTC_ce760.dir/link.txt --verbose=1
/usr/bin/cc  -fPIC -std=c99 -Wall -Wshadow -pedantic -rdynamic CMakeFiles/cmTC_ce760.dir/src.c.o -o cmTC_ce760  -lrt -lpthread -lm -lnsl -ldl 
/usr/bin/ld: CMakeFiles/cmTC_ce760.dir/src.c.o: in function `main':
src.c:(.text+0x12): undefined reference to `WSACleanup'
collect2: error: ld returned 1 exit status
gmake[1]: *** [CMakeFiles/cmTC_ce760.dir/build.make:99: cmTC_ce760] Error 1
gmake[1]: Leaving directory '/home/peder/GitHub/JANUS-ROV-communicator/src/nodecomx_cpp_py/include/lib/janus-c-3.0.5/bin/CMakeFiles/CMakeTmp'
gmake: *** [Makefile:127: cmTC_ce760/fast] Error 2


Source file was:

int main(void) {

 int rv = WSACleanup();
return 0;
}

Performing C SOURCE FILE Test JANUS_SYS_HAS_WSA_STRING_TO_ADDRESS failed with the following output:
Change Dir: /home/peder/GitHub/JANUS-ROV-communicator/src/nodecomx_cpp_py/include/lib/janus-c-3.0.5/bin/CMakeFiles/CMakeTmp

Run Build Command(s):/usr/bin/gmake -f Makefile cmTC_b5b64/fast && /usr/bin/gmake  -f CMakeFiles/cmTC_b5b64.dir/build.make CMakeFiles/cmTC_b5b64.dir/build
gmake[1]: Entering directory '/home/peder/GitHub/JANUS-ROV-communicator/src/nodecomx_cpp_py/include/lib/janus-c-3.0.5/bin/CMakeFiles/CMakeTmp'
Building C object CMakeFiles/cmTC_b5b64.dir/src.c.o
/usr/bin/cc -DJANUS_SYS_HAS_WSA_STRING_TO_ADDRESS -I/home/peder/GitHub/JANUS-ROV-communicator/src/nodecomx_cpp_py/include/lib/janus-c-3.0.5/external/libraries/x86-64bit-linux-glibc-gcc113/include -fPIC -std=c99 -Wall -Wshadow -pedantic -o CMakeFiles/cmTC_b5b64.dir/src.c.o -c /home/peder/GitHub/JANUS-ROV-communicator/src/nodecomx_cpp_py/include/lib/janus-c-3.0.5/bin/CMakeFiles/CMakeTmp/src.c
/home/peder/GitHub/JANUS-ROV-communicator/src/nodecomx_cpp_py/include/lib/janus-c-3.0.5/bin/CMakeFiles/CMakeTmp/src.c: In function ‘main’:
/home/peder/GitHub/JANUS-ROV-communicator/src/nodecomx_cpp_py/include/lib/janus-c-3.0.5/bin/CMakeFiles/CMakeTmp/src.c:5:1: error: unknown type name ‘WSAPROTOCOL_INFO’
    5 | WSAPROTOCOL_INFO xxx;
      | ^~~~~~~~~~~~~~~~
/home/peder/GitHub/JANUS-ROV-communicator/src/nodecomx_cpp_py/include/lib/janus-c-3.0.5/bin/CMakeFiles/CMakeTmp/src.c:6:1: error: unknown type name ‘SOCKADDR’
    6 | SOCKADDR xxxx;
      | ^~~~~~~~
/home/peder/GitHub/JANUS-ROV-communicator/src/nodecomx_cpp_py/include/lib/janus-c-3.0.5/bin/CMakeFiles/CMakeTmp/src.c:9:11: warning: implicit declaration of function ‘WSAStringToAddress’ [-Wimplicit-function-declaration]
    9 |  int rv = WSAStringToAddress(&x, xx, &xxx, &xxxx, &xxxxx);
      |           ^~~~~~~~~~~~~~~~~~
/home/peder/GitHub/JANUS-ROV-communicator/src/nodecomx_cpp_py/include/lib/janus-c-3.0.5/bin/CMakeFiles/CMakeTmp/src.c:9:6: warning: unused variable ‘rv’ [-Wunused-variable]
    9 |  int rv = WSAStringToAddress(&x, xx, &xxx, &xxxx, &xxxxx);
      |      ^~
gmake[1]: *** [CMakeFiles/cmTC_b5b64.dir/build.make:78: CMakeFiles/cmTC_b5b64.dir/src.c.o] Error 1
gmake[1]: Leaving directory '/home/peder/GitHub/JANUS-ROV-communicator/src/nodecomx_cpp_py/include/lib/janus-c-3.0.5/bin/CMakeFiles/CMakeTmp'
gmake: *** [Makefile:127: cmTC_b5b64/fast] Error 2


Source file was:

int main(void) {
char x;
int xx;
WSAPROTOCOL_INFO xxx;
SOCKADDR xxxx;
int xxxxx;

 int rv = WSAStringToAddress(&x, xx, &xxx, &xxxx, &xxxxx);
return 0;
}

Performing C SOURCE FILE Test JANUS_SYS_HAS_WSA_IOCTL failed with the following output:
Change Dir: /home/peder/GitHub/JANUS-ROV-communicator/src/nodecomx_cpp_py/include/lib/janus-c-3.0.5/bin/CMakeFiles/CMakeTmp

Run Build Command(s):/usr/bin/gmake -f Makefile cmTC_190db/fast && /usr/bin/gmake  -f CMakeFiles/cmTC_190db.dir/build.make CMakeFiles/cmTC_190db.dir/build
gmake[1]: Entering directory '/home/peder/GitHub/JANUS-ROV-communicator/src/nodecomx_cpp_py/include/lib/janus-c-3.0.5/bin/CMakeFiles/CMakeTmp'
Building C object CMakeFiles/cmTC_190db.dir/src.c.o
/usr/bin/cc -DJANUS_SYS_HAS_WSA_IOCTL -I/home/peder/GitHub/JANUS-ROV-communicator/src/nodecomx_cpp_py/include/lib/janus-c-3.0.5/external/libraries/x86-64bit-linux-glibc-gcc113/include -fPIC -std=c99 -Wall -Wshadow -pedantic -o CMakeFiles/cmTC_190db.dir/src.c.o -c /home/peder/GitHub/JANUS-ROV-communicator/src/nodecomx_cpp_py/include/lib/janus-c-3.0.5/bin/CMakeFiles/CMakeTmp/src.c
/home/peder/GitHub/JANUS-ROV-communicator/src/nodecomx_cpp_py/include/lib/janus-c-3.0.5/bin/CMakeFiles/CMakeTmp/src.c: In function ‘main’:
/home/peder/GitHub/JANUS-ROV-communicator/src/nodecomx_cpp_py/include/lib/janus-c-3.0.5/bin/CMakeFiles/CMakeTmp/src.c:3:1: error: unknown type name ‘SOCKET’
    3 | SOCKET x;
      | ^~~~~~
/home/peder/GitHub/JANUS-ROV-communicator/src/nodecomx_cpp_py/include/lib/janus-c-3.0.5/bin/CMakeFiles/CMakeTmp/src.c:4:1: error: unknown type name ‘DWORD’
    4 | DWORD xx;
      | ^~~~~
/home/peder/GitHub/JANUS-ROV-communicator/src/nodecomx_cpp_py/include/lib/janus-c-3.0.5/bin/CMakeFiles/CMakeTmp/src.c:6:1: error: unknown type name ‘DWORD’
    6 | DWORD xxxx;
      | ^~~~~
/home/peder/GitHub/JANUS-ROV-communicator/src/nodecomx_cpp_py/include/lib/janus-c-3.0.5/bin/CMakeFiles/CMakeTmp/src.c:8:1: error: unknown type name ‘DWORD’
    8 | DWORD xxxxxx;
      | ^~~~~
/home/peder/GitHub/JANUS-ROV-communicator/src/nodecomx_cpp_py/include/lib/janus-c-3.0.5/bin/CMakeFiles/CMakeTmp/src.c:9:1: error: unknown type name ‘LPDWORD’
    9 | LPDWORD xxxxxxx;
      | ^~~~~~~
/home/peder/GitHub/JANUS-ROV-communicator/src/nodecomx_cpp_py/include/lib/janus-c-3.0.5/bin/CMakeFiles/CMakeTmp/src.c:10:1: error: unknown type name ‘LPWSAOVERLAPPED’
   10 | LPWSAOVERLAPPED xxxxxxxx;
      | ^~~~~~~~~~~~~~~
/home/peder/GitHub/JANUS-ROV-communicator/src/nodecomx_cpp_py/include/lib/janus-c-3.0.5/bin/CMakeFiles/CMakeTmp/src.c:11:1: error: unknown type name ‘LPWSAOVERLAPPED_COMPLETION_ROUTINE’
   11 | LPWSAOVERLAPPED_COMPLETION_ROUTINE xxxxxxxxx;
      | ^~~~~~~~~~~~~~~~~~~~~~~~~~~~~~~~~~
/home/peder/GitHub/JANUS-ROV-communicator/src/nodecomx_cpp_py/include/lib/janus-c-3.0.5/bin/CMakeFiles/CMakeTmp/src.c:13:11: warning: implicit declaration of function ‘WSAIoctl’ [-Wimplicit-function-declaration]
   13 |  int rv = WSAIoctl(x, xx, &xxx, xxxx, &xxxxx, xxxxxx, xxxxxxx, xxxxxxxx, xxxxxxxxx);
      |           ^~~~~~~~
/home/peder/GitHub/JANUS-ROV-communicator/src/nodecomx_cpp_py/include/lib/janus-c-3.0.5/bin/CMakeFiles/CMakeTmp/src.c:13:6: warning: unused variable ‘rv’ [-Wunused-variable]
   13 |  int rv = WSAIoctl(x, xx, &xxx, xxxx, &xxxxx, xxxxxx, xxxxxxx, xxxxxxxx, xxxxxxxxx);
      |      ^~
gmake[1]: *** [CMakeFiles/cmTC_190db.dir/build.make:78: CMakeFiles/cmTC_190db.dir/src.c.o] Error 1
gmake[1]: Leaving directory '/home/peder/GitHub/JANUS-ROV-communicator/src/nodecomx_cpp_py/include/lib/janus-c-3.0.5/bin/CMakeFiles/CMakeTmp'
gmake: *** [Makefile:127: cmTC_190db/fast] Error 2


Source file was:

int main(void) {
SOCKET x;
DWORD xx;
char xxx;
DWORD xxxx;
char xxxxx;
DWORD xxxxxx;
LPDWORD xxxxxxx;
LPWSAOVERLAPPED xxxxxxxx;
LPWSAOVERLAPPED_COMPLETION_ROUTINE xxxxxxxxx;

 int rv = WSAIoctl(x, xx, &xxx, xxxx, &xxxxx, xxxxxx, xxxxxxx, xxxxxxxx, xxxxxxxxx);
return 0;
}

Performing C SOURCE FILE Test JANUS_SYS_HAS_GNU_STRERROR_R failed with the following output:
Change Dir: /home/peder/GitHub/JANUS-ROV-communicator/src/nodecomx_cpp_py/include/lib/janus-c-3.0.5/bin/CMakeFiles/CMakeTmp

Run Build Command(s):/usr/bin/gmake -f Makefile cmTC_7f7ec/fast && /usr/bin/gmake  -f CMakeFiles/cmTC_7f7ec.dir/build.make CMakeFiles/cmTC_7f7ec.dir/build
gmake[1]: Entering directory '/home/peder/GitHub/JANUS-ROV-communicator/src/nodecomx_cpp_py/include/lib/janus-c-3.0.5/bin/CMakeFiles/CMakeTmp'
Building C object CMakeFiles/cmTC_7f7ec.dir/src.c.o
/usr/bin/cc -DJANUS_SYS_HAS_GNU_STRERROR_R -I/home/peder/GitHub/JANUS-ROV-communicator/src/nodecomx_cpp_py/include/lib/janus-c-3.0.5/external/libraries/x86-64bit-linux-glibc-gcc113/include -fPIC -std=c99 -Wall -Wshadow -pedantic -o CMakeFiles/cmTC_7f7ec.dir/src.c.o -c /home/peder/GitHub/JANUS-ROV-communicator/src/nodecomx_cpp_py/include/lib/janus-c-3.0.5/bin/CMakeFiles/CMakeTmp/src.c
/home/peder/GitHub/JANUS-ROV-communicator/src/nodecomx_cpp_py/include/lib/janus-c-3.0.5/bin/CMakeFiles/CMakeTmp/src.c: In function ‘main’:
/home/peder/GitHub/JANUS-ROV-communicator/src/nodecomx_cpp_py/include/lib/janus-c-3.0.5/bin/CMakeFiles/CMakeTmp/src.c:5:1: error: unknown type name ‘size_t’
    5 | size_t xxx;
      | ^~~~~~
/home/peder/GitHub/JANUS-ROV-communicator/src/nodecomx_cpp_py/include/lib/janus-c-3.0.5/bin/CMakeFiles/CMakeTmp/src.c:1:1: note: ‘size_t’ is defined in header ‘<stddef.h>’; did you forget to ‘#include <stddef.h>’?
  +++ |+#include <stddef.h>
    1 | 
/home/peder/GitHub/JANUS-ROV-communicator/src/nodecomx_cpp_py/include/lib/janus-c-3.0.5/bin/CMakeFiles/CMakeTmp/src.c:7:13: warning: implicit declaration of function ‘strerror_r’ [-Wimplicit-function-declaration]
    7 |  char* rv = strerror_r(x, &xx, xxx);
      |             ^~~~~~~~~~
/home/peder/GitHub/JANUS-ROV-communicator/src/nodecomx_cpp_py/include/lib/janus-c-3.0.5/bin/CMakeFiles/CMakeTmp/src.c:7:13: warning: initialization of ‘char *’ from ‘int’ makes pointer from integer without a cast [-Wint-conversion]
/home/peder/GitHub/JANUS-ROV-communicator/src/nodecomx_cpp_py/include/lib/janus-c-3.0.5/bin/CMakeFiles/CMakeTmp/src.c:7:8: warning: unused variable ‘rv’ [-Wunused-variable]
    7 |  char* rv = strerror_r(x, &xx, xxx);
      |        ^~
gmake[1]: *** [CMakeFiles/cmTC_7f7ec.dir/build.make:78: CMakeFiles/cmTC_7f7ec.dir/src.c.o] Error 1
gmake[1]: Leaving directory '/home/peder/GitHub/JANUS-ROV-communicator/src/nodecomx_cpp_py/include/lib/janus-c-3.0.5/bin/CMakeFiles/CMakeTmp'
gmake: *** [Makefile:127: cmTC_7f7ec/fast] Error 2


Source file was:

int main(void) {
int x;
char xx;
size_t xxx;

 char* rv = strerror_r(x, &xx, xxx);
return 0;
}

Performing C SOURCE FILE Test JANUS_SYS_HAS_POSIX_STRERROR_R failed with the following output:
Change Dir: /home/peder/GitHub/JANUS-ROV-communicator/src/nodecomx_cpp_py/include/lib/janus-c-3.0.5/bin/CMakeFiles/CMakeTmp

Run Build Command(s):/usr/bin/gmake -f Makefile cmTC_ea0d5/fast && /usr/bin/gmake  -f CMakeFiles/cmTC_ea0d5.dir/build.make CMakeFiles/cmTC_ea0d5.dir/build
gmake[1]: Entering directory '/home/peder/GitHub/JANUS-ROV-communicator/src/nodecomx_cpp_py/include/lib/janus-c-3.0.5/bin/CMakeFiles/CMakeTmp'
Building C object CMakeFiles/cmTC_ea0d5.dir/src.c.o
/usr/bin/cc -DJANUS_SYS_HAS_POSIX_STRERROR_R -I/home/peder/GitHub/JANUS-ROV-communicator/src/nodecomx_cpp_py/include/lib/janus-c-3.0.5/external/libraries/x86-64bit-linux-glibc-gcc113/include -fPIC -std=c99 -Wall -Wshadow -pedantic -o CMakeFiles/cmTC_ea0d5.dir/src.c.o -c /home/peder/GitHub/JANUS-ROV-communicator/src/nodecomx_cpp_py/include/lib/janus-c-3.0.5/bin/CMakeFiles/CMakeTmp/src.c
/home/peder/GitHub/JANUS-ROV-communicator/src/nodecomx_cpp_py/include/lib/janus-c-3.0.5/bin/CMakeFiles/CMakeTmp/src.c: In function ‘main’:
/home/peder/GitHub/JANUS-ROV-communicator/src/nodecomx_cpp_py/include/lib/janus-c-3.0.5/bin/CMakeFiles/CMakeTmp/src.c:5:1: error: unknown type name ‘size_t’
    5 | size_t xxx;
      | ^~~~~~
/home/peder/GitHub/JANUS-ROV-communicator/src/nodecomx_cpp_py/include/lib/janus-c-3.0.5/bin/CMakeFiles/CMakeTmp/src.c:1:1: note: ‘size_t’ is defined in header ‘<stddef.h>’; did you forget to ‘#include <stddef.h>’?
  +++ |+#include <stddef.h>
    1 | 
/home/peder/GitHub/JANUS-ROV-communicator/src/nodecomx_cpp_py/include/lib/janus-c-3.0.5/bin/CMakeFiles/CMakeTmp/src.c:7:11: warning: implicit declaration of function ‘strerror_r’ [-Wimplicit-function-declaration]
    7 |  int rv = strerror_r(x, &xx, xxx);
      |           ^~~~~~~~~~
/home/peder/GitHub/JANUS-ROV-communicator/src/nodecomx_cpp_py/include/lib/janus-c-3.0.5/bin/CMakeFiles/CMakeTmp/src.c:7:6: warning: unused variable ‘rv’ [-Wunused-variable]
    7 |  int rv = strerror_r(x, &xx, xxx);
      |      ^~
gmake[1]: *** [CMakeFiles/cmTC_ea0d5.dir/build.make:78: CMakeFiles/cmTC_ea0d5.dir/src.c.o] Error 1
gmake[1]: Leaving directory '/home/peder/GitHub/JANUS-ROV-communicator/src/nodecomx_cpp_py/include/lib/janus-c-3.0.5/bin/CMakeFiles/CMakeTmp'
gmake: *** [Makefile:127: cmTC_ea0d5/fast] Error 2


Source file was:

int main(void) {
int x;
char xx;
size_t xxx;

 int rv = strerror_r(x, &xx, xxx);
return 0;
}

Performing C SOURCE FILE Test JANUS_SYS_HAS_CREATE_FILE failed with the following output:
Change Dir: /home/peder/GitHub/JANUS-ROV-communicator/src/nodecomx_cpp_py/include/lib/janus-c-3.0.5/bin/CMakeFiles/CMakeTmp

Run Build Command(s):/usr/bin/gmake -f Makefile cmTC_bcde1/fast && /usr/bin/gmake  -f CMakeFiles/cmTC_bcde1.dir/build.make CMakeFiles/cmTC_bcde1.dir/build
gmake[1]: Entering directory '/home/peder/GitHub/JANUS-ROV-communicator/src/nodecomx_cpp_py/include/lib/janus-c-3.0.5/bin/CMakeFiles/CMakeTmp'
Building C object CMakeFiles/cmTC_bcde1.dir/src.c.o
/usr/bin/cc -DJANUS_SYS_HAS_CREATE_FILE -I/home/peder/GitHub/JANUS-ROV-communicator/src/nodecomx_cpp_py/include/lib/janus-c-3.0.5/external/libraries/x86-64bit-linux-glibc-gcc113/include -fPIC -std=c99 -Wall -Wshadow -pedantic -o CMakeFiles/cmTC_bcde1.dir/src.c.o -c /home/peder/GitHub/JANUS-ROV-communicator/src/nodecomx_cpp_py/include/lib/janus-c-3.0.5/bin/CMakeFiles/CMakeTmp/src.c
/home/peder/GitHub/JANUS-ROV-communicator/src/nodecomx_cpp_py/include/lib/janus-c-3.0.5/bin/CMakeFiles/CMakeTmp/src.c: In function ‘main’:
/home/peder/GitHub/JANUS-ROV-communicator/src/nodecomx_cpp_py/include/lib/janus-c-3.0.5/bin/CMakeFiles/CMakeTmp/src.c:3:1: error: unknown type name ‘LPCSTR’
    3 | LPCSTR x;
      | ^~~~~~
/home/peder/GitHub/JANUS-ROV-communicator/src/nodecomx_cpp_py/include/lib/janus-c-3.0.5/bin/CMakeFiles/CMakeTmp/src.c:4:1: error: unknown type name ‘DWORD’
    4 | DWORD xx;
      | ^~~~~
/home/peder/GitHub/JANUS-ROV-communicator/src/nodecomx_cpp_py/include/lib/janus-c-3.0.5/bin/CMakeFiles/CMakeTmp/src.c:5:1: error: unknown type name ‘DWORD’
    5 | DWORD xxx;
      | ^~~~~
/home/peder/GitHub/JANUS-ROV-communicator/src/nodecomx_cpp_py/include/lib/janus-c-3.0.5/bin/CMakeFiles/CMakeTmp/src.c:6:1: error: unknown type name ‘SECURITY_ATTRIBUTES’
    6 | SECURITY_ATTRIBUTES xxxx;
      | ^~~~~~~~~~~~~~~~~~~
/home/peder/GitHub/JANUS-ROV-communicator/src/nodecomx_cpp_py/include/lib/janus-c-3.0.5/bin/CMakeFiles/CMakeTmp/src.c:7:1: error: unknown type name ‘DWORD’
    7 | DWORD xxxxx;
      | ^~~~~
/home/peder/GitHub/JANUS-ROV-communicator/src/nodecomx_cpp_py/include/lib/janus-c-3.0.5/bin/CMakeFiles/CMakeTmp/src.c:8:1: error: unknown type name ‘DWORD’
    8 | DWORD xxxxxx;
      | ^~~~~
/home/peder/GitHub/JANUS-ROV-communicator/src/nodecomx_cpp_py/include/lib/janus-c-3.0.5/bin/CMakeFiles/CMakeTmp/src.c:9:1: error: unknown type name ‘HANDLE’
    9 | HANDLE xxxxxxx;
      | ^~~~~~
/home/peder/GitHub/JANUS-ROV-communicator/src/nodecomx_cpp_py/include/lib/janus-c-3.0.5/bin/CMakeFiles/CMakeTmp/src.c:11:2: error: unknown type name ‘HANDLE’
   11 |  HANDLE rv = CreateFile(x, xx, xxx, &xxxx, xxxxx, xxxxxx, xxxxxxx);
      |  ^~~~~~
/home/peder/GitHub/JANUS-ROV-communicator/src/nodecomx_cpp_py/include/lib/janus-c-3.0.5/bin/CMakeFiles/CMakeTmp/src.c:11:14: warning: implicit declaration of function ‘CreateFile’ [-Wimplicit-function-declaration]
   11 |  HANDLE rv = CreateFile(x, xx, xxx, &xxxx, xxxxx, xxxxxx, xxxxxxx);
      |              ^~~~~~~~~~
/home/peder/GitHub/JANUS-ROV-communicator/src/nodecomx_cpp_py/include/lib/janus-c-3.0.5/bin/CMakeFiles/CMakeTmp/src.c:11:9: warning: unused variable ‘rv’ [-Wunused-variable]
   11 |  HANDLE rv = CreateFile(x, xx, xxx, &xxxx, xxxxx, xxxxxx, xxxxxxx);
      |         ^~
gmake[1]: *** [CMakeFiles/cmTC_bcde1.dir/build.make:78: CMakeFiles/cmTC_bcde1.dir/src.c.o] Error 1
gmake[1]: Leaving directory '/home/peder/GitHub/JANUS-ROV-communicator/src/nodecomx_cpp_py/include/lib/janus-c-3.0.5/bin/CMakeFiles/CMakeTmp'
gmake: *** [Makefile:127: cmTC_bcde1/fast] Error 2


Source file was:

int main(void) {
LPCSTR x;
DWORD xx;
DWORD xxx;
SECURITY_ATTRIBUTES xxxx;
DWORD xxxxx;
DWORD xxxxxx;
HANDLE xxxxxxx;

 HANDLE rv = CreateFile(x, xx, xxx, &xxxx, xxxxx, xxxxxx, xxxxxxx);
return 0;
}

Performing C SOURCE FILE Test JANUS_SYS_HAS_READ_FILE failed with the following output:
Change Dir: /home/peder/GitHub/JANUS-ROV-communicator/src/nodecomx_cpp_py/include/lib/janus-c-3.0.5/bin/CMakeFiles/CMakeTmp

Run Build Command(s):/usr/bin/gmake -f Makefile cmTC_ab27e/fast && /usr/bin/gmake  -f CMakeFiles/cmTC_ab27e.dir/build.make CMakeFiles/cmTC_ab27e.dir/build
gmake[1]: Entering directory '/home/peder/GitHub/JANUS-ROV-communicator/src/nodecomx_cpp_py/include/lib/janus-c-3.0.5/bin/CMakeFiles/CMakeTmp'
Building C object CMakeFiles/cmTC_ab27e.dir/src.c.o
/usr/bin/cc -DJANUS_SYS_HAS_READ_FILE -I/home/peder/GitHub/JANUS-ROV-communicator/src/nodecomx_cpp_py/include/lib/janus-c-3.0.5/external/libraries/x86-64bit-linux-glibc-gcc113/include -fPIC -std=c99 -Wall -Wshadow -pedantic -o CMakeFiles/cmTC_ab27e.dir/src.c.o -c /home/peder/GitHub/JANUS-ROV-communicator/src/nodecomx_cpp_py/include/lib/janus-c-3.0.5/bin/CMakeFiles/CMakeTmp/src.c
/home/peder/GitHub/JANUS-ROV-communicator/src/nodecomx_cpp_py/include/lib/janus-c-3.0.5/bin/CMakeFiles/CMakeTmp/src.c: In function ‘main’:
/home/peder/GitHub/JANUS-ROV-communicator/src/nodecomx_cpp_py/include/lib/janus-c-3.0.5/bin/CMakeFiles/CMakeTmp/src.c:3:1: error: unknown type name ‘HANDLE’
    3 | HANDLE x;
      | ^~~~~~
/home/peder/GitHub/JANUS-ROV-communicator/src/nodecomx_cpp_py/include/lib/janus-c-3.0.5/bin/CMakeFiles/CMakeTmp/src.c:4:1: error: unknown type name ‘LPVOID’
    4 | LPVOID xx;
      | ^~~~~~
/home/peder/GitHub/JANUS-ROV-communicator/src/nodecomx_cpp_py/include/lib/janus-c-3.0.5/bin/CMakeFiles/CMakeTmp/src.c:5:1: error: unknown type name ‘DWORD’
    5 | DWORD xxx;
      | ^~~~~
/home/peder/GitHub/JANUS-ROV-communicator/src/nodecomx_cpp_py/include/lib/janus-c-3.0.5/bin/CMakeFiles/CMakeTmp/src.c:6:1: error: unknown type name ‘DWORD’
    6 | DWORD xxxx;
      | ^~~~~
/home/peder/GitHub/JANUS-ROV-communicator/src/nodecomx_cpp_py/include/lib/janus-c-3.0.5/bin/CMakeFiles/CMakeTmp/src.c:7:1: error: unknown type name ‘OVERLAPPED’
    7 | OVERLAPPED xxxxx;
      | ^~~~~~~~~~
/home/peder/GitHub/JANUS-ROV-communicator/src/nodecomx_cpp_py/include/lib/janus-c-3.0.5/bin/CMakeFiles/CMakeTmp/src.c:9:2: error: unknown type name ‘BOOL’
    9 |  BOOL rv = ReadFile(x, xx, xxx, &xxxx, &xxxxx);
      |  ^~~~
/home/peder/GitHub/JANUS-ROV-communicator/src/nodecomx_cpp_py/include/lib/janus-c-3.0.5/bin/CMakeFiles/CMakeTmp/src.c:9:12: warning: implicit declaration of function ‘ReadFile’ [-Wimplicit-function-declaration]
    9 |  BOOL rv = ReadFile(x, xx, xxx, &xxxx, &xxxxx);
      |            ^~~~~~~~
/home/peder/GitHub/JANUS-ROV-communicator/src/nodecomx_cpp_py/include/lib/janus-c-3.0.5/bin/CMakeFiles/CMakeTmp/src.c:9:7: warning: unused variable ‘rv’ [-Wunused-variable]
    9 |  BOOL rv = ReadFile(x, xx, xxx, &xxxx, &xxxxx);
      |       ^~
gmake[1]: *** [CMakeFiles/cmTC_ab27e.dir/build.make:78: CMakeFiles/cmTC_ab27e.dir/src.c.o] Error 1
gmake[1]: Leaving directory '/home/peder/GitHub/JANUS-ROV-communicator/src/nodecomx_cpp_py/include/lib/janus-c-3.0.5/bin/CMakeFiles/CMakeTmp'
gmake: *** [Makefile:127: cmTC_ab27e/fast] Error 2


Source file was:

int main(void) {
HANDLE x;
LPVOID xx;
DWORD xxx;
DWORD xxxx;
OVERLAPPED xxxxx;

 BOOL rv = ReadFile(x, xx, xxx, &xxxx, &xxxxx);
return 0;
}

Performing C SOURCE FILE Test JANUS_SYS_HAS_WRITE_FILE failed with the following output:
Change Dir: /home/peder/GitHub/JANUS-ROV-communicator/src/nodecomx_cpp_py/include/lib/janus-c-3.0.5/bin/CMakeFiles/CMakeTmp

Run Build Command(s):/usr/bin/gmake -f Makefile cmTC_eab10/fast && /usr/bin/gmake  -f CMakeFiles/cmTC_eab10.dir/build.make CMakeFiles/cmTC_eab10.dir/build
gmake[1]: Entering directory '/home/peder/GitHub/JANUS-ROV-communicator/src/nodecomx_cpp_py/include/lib/janus-c-3.0.5/bin/CMakeFiles/CMakeTmp'
Building C object CMakeFiles/cmTC_eab10.dir/src.c.o
/usr/bin/cc -DJANUS_SYS_HAS_WRITE_FILE -I/home/peder/GitHub/JANUS-ROV-communicator/src/nodecomx_cpp_py/include/lib/janus-c-3.0.5/external/libraries/x86-64bit-linux-glibc-gcc113/include -fPIC -std=c99 -Wall -Wshadow -pedantic -o CMakeFiles/cmTC_eab10.dir/src.c.o -c /home/peder/GitHub/JANUS-ROV-communicator/src/nodecomx_cpp_py/include/lib/janus-c-3.0.5/bin/CMakeFiles/CMakeTmp/src.c
/home/peder/GitHub/JANUS-ROV-communicator/src/nodecomx_cpp_py/include/lib/janus-c-3.0.5/bin/CMakeFiles/CMakeTmp/src.c: In function ‘main’:
/home/peder/GitHub/JANUS-ROV-communicator/src/nodecomx_cpp_py/include/lib/janus-c-3.0.5/bin/CMakeFiles/CMakeTmp/src.c:3:1: error: unknown type name ‘HANDLE’
    3 | HANDLE x;
      | ^~~~~~
/home/peder/GitHub/JANUS-ROV-communicator/src/nodecomx_cpp_py/include/lib/janus-c-3.0.5/bin/CMakeFiles/CMakeTmp/src.c:4:1: error: unknown type name ‘LPCVOID’
    4 | LPCVOID xx;
      | ^~~~~~~
/home/peder/GitHub/JANUS-ROV-communicator/src/nodecomx_cpp_py/include/lib/janus-c-3.0.5/bin/CMakeFiles/CMakeTmp/src.c:5:1: error: unknown type name ‘DWORD’
    5 | DWORD xxx;
      | ^~~~~
/home/peder/GitHub/JANUS-ROV-communicator/src/nodecomx_cpp_py/include/lib/janus-c-3.0.5/bin/CMakeFiles/CMakeTmp/src.c:6:1: error: unknown type name ‘DWORD’
    6 | DWORD xxxx;
      | ^~~~~
/home/peder/GitHub/JANUS-ROV-communicator/src/nodecomx_cpp_py/include/lib/janus-c-3.0.5/bin/CMakeFiles/CMakeTmp/src.c:7:1: error: unknown type name ‘OVERLAPPED’
    7 | OVERLAPPED xxxxx;
      | ^~~~~~~~~~
/home/peder/GitHub/JANUS-ROV-communicator/src/nodecomx_cpp_py/include/lib/janus-c-3.0.5/bin/CMakeFiles/CMakeTmp/src.c:9:2: error: unknown type name ‘BOOL’
    9 |  BOOL rv = WriteFile(x, xx, xxx, &xxxx, &xxxxx);
      |  ^~~~
/home/peder/GitHub/JANUS-ROV-communicator/src/nodecomx_cpp_py/include/lib/janus-c-3.0.5/bin/CMakeFiles/CMakeTmp/src.c:9:12: warning: implicit declaration of function ‘WriteFile’ [-Wimplicit-function-declaration]
    9 |  BOOL rv = WriteFile(x, xx, xxx, &xxxx, &xxxxx);
      |            ^~~~~~~~~
/home/peder/GitHub/JANUS-ROV-communicator/src/nodecomx_cpp_py/include/lib/janus-c-3.0.5/bin/CMakeFiles/CMakeTmp/src.c:9:7: warning: unused variable ‘rv’ [-Wunused-variable]
    9 |  BOOL rv = WriteFile(x, xx, xxx, &xxxx, &xxxxx);
      |       ^~
gmake[1]: *** [CMakeFiles/cmTC_eab10.dir/build.make:78: CMakeFiles/cmTC_eab10.dir/src.c.o] Error 1
gmake[1]: Leaving directory '/home/peder/GitHub/JANUS-ROV-communicator/src/nodecomx_cpp_py/include/lib/janus-c-3.0.5/bin/CMakeFiles/CMakeTmp'
gmake: *** [Makefile:127: cmTC_eab10/fast] Error 2


Source file was:

int main(void) {
HANDLE x;
LPCVOID xx;
DWORD xxx;
DWORD xxxx;
OVERLAPPED xxxxx;

 BOOL rv = WriteFile(x, xx, xxx, &xxxx, &xxxxx);
return 0;
}

Performing C SOURCE FILE Test JANUS_SYS_HAS_GET_OVERLAPPED_RESULT failed with the following output:
Change Dir: /home/peder/GitHub/JANUS-ROV-communicator/src/nodecomx_cpp_py/include/lib/janus-c-3.0.5/bin/CMakeFiles/CMakeTmp

Run Build Command(s):/usr/bin/gmake -f Makefile cmTC_3096f/fast && /usr/bin/gmake  -f CMakeFiles/cmTC_3096f.dir/build.make CMakeFiles/cmTC_3096f.dir/build
gmake[1]: Entering directory '/home/peder/GitHub/JANUS-ROV-communicator/src/nodecomx_cpp_py/include/lib/janus-c-3.0.5/bin/CMakeFiles/CMakeTmp'
Building C object CMakeFiles/cmTC_3096f.dir/src.c.o
/usr/bin/cc -DJANUS_SYS_HAS_GET_OVERLAPPED_RESULT -I/home/peder/GitHub/JANUS-ROV-communicator/src/nodecomx_cpp_py/include/lib/janus-c-3.0.5/external/libraries/x86-64bit-linux-glibc-gcc113/include -fPIC -std=c99 -Wall -Wshadow -pedantic -o CMakeFiles/cmTC_3096f.dir/src.c.o -c /home/peder/GitHub/JANUS-ROV-communicator/src/nodecomx_cpp_py/include/lib/janus-c-3.0.5/bin/CMakeFiles/CMakeTmp/src.c
/home/peder/GitHub/JANUS-ROV-communicator/src/nodecomx_cpp_py/include/lib/janus-c-3.0.5/bin/CMakeFiles/CMakeTmp/src.c: In function ‘main’:
/home/peder/GitHub/JANUS-ROV-communicator/src/nodecomx_cpp_py/include/lib/janus-c-3.0.5/bin/CMakeFiles/CMakeTmp/src.c:3:1: error: unknown type name ‘HANDLE’
    3 | HANDLE x;
      | ^~~~~~
/home/peder/GitHub/JANUS-ROV-communicator/src/nodecomx_cpp_py/include/lib/janus-c-3.0.5/bin/CMakeFiles/CMakeTmp/src.c:4:1: error: unknown type name ‘OVERLAPPED’
    4 | OVERLAPPED xx;
      | ^~~~~~~~~~
/home/peder/GitHub/JANUS-ROV-communicator/src/nodecomx_cpp_py/include/lib/janus-c-3.0.5/bin/CMakeFiles/CMakeTmp/src.c:5:1: error: unknown type name ‘DWORD’
    5 | DWORD xxx;
      | ^~~~~
/home/peder/GitHub/JANUS-ROV-communicator/src/nodecomx_cpp_py/include/lib/janus-c-3.0.5/bin/CMakeFiles/CMakeTmp/src.c:6:1: error: unknown type name ‘BOOL’
    6 | BOOL xxxx;
      | ^~~~
/home/peder/GitHub/JANUS-ROV-communicator/src/nodecomx_cpp_py/include/lib/janus-c-3.0.5/bin/CMakeFiles/CMakeTmp/src.c:8:2: error: unknown type name ‘BOOL’
    8 |  BOOL rv = GetOverlappedResult(x, &xx, &xxx, xxxx);
      |  ^~~~
/home/peder/GitHub/JANUS-ROV-communicator/src/nodecomx_cpp_py/include/lib/janus-c-3.0.5/bin/CMakeFiles/CMakeTmp/src.c:8:12: warning: implicit declaration of function ‘GetOverlappedResult’ [-Wimplicit-function-declaration]
    8 |  BOOL rv = GetOverlappedResult(x, &xx, &xxx, xxxx);
      |            ^~~~~~~~~~~~~~~~~~~
/home/peder/GitHub/JANUS-ROV-communicator/src/nodecomx_cpp_py/include/lib/janus-c-3.0.5/bin/CMakeFiles/CMakeTmp/src.c:8:7: warning: unused variable ‘rv’ [-Wunused-variable]
    8 |  BOOL rv = GetOverlappedResult(x, &xx, &xxx, xxxx);
      |       ^~
gmake[1]: *** [CMakeFiles/cmTC_3096f.dir/build.make:78: CMakeFiles/cmTC_3096f.dir/src.c.o] Error 1
gmake[1]: Leaving directory '/home/peder/GitHub/JANUS-ROV-communicator/src/nodecomx_cpp_py/include/lib/janus-c-3.0.5/bin/CMakeFiles/CMakeTmp'
gmake: *** [Makefile:127: cmTC_3096f/fast] Error 2


Source file was:

int main(void) {
HANDLE x;
OVERLAPPED xx;
DWORD xxx;
BOOL xxxx;

 BOOL rv = GetOverlappedResult(x, &xx, &xxx, xxxx);
return 0;
}

Performing C SOURCE FILE Test JANUS_SYS_HAS_SET_COMM_STATE failed with the following output:
Change Dir: /home/peder/GitHub/JANUS-ROV-communicator/src/nodecomx_cpp_py/include/lib/janus-c-3.0.5/bin/CMakeFiles/CMakeTmp

Run Build Command(s):/usr/bin/gmake -f Makefile cmTC_77dc3/fast && /usr/bin/gmake  -f CMakeFiles/cmTC_77dc3.dir/build.make CMakeFiles/cmTC_77dc3.dir/build
gmake[1]: Entering directory '/home/peder/GitHub/JANUS-ROV-communicator/src/nodecomx_cpp_py/include/lib/janus-c-3.0.5/bin/CMakeFiles/CMakeTmp'
Building C object CMakeFiles/cmTC_77dc3.dir/src.c.o
/usr/bin/cc -DJANUS_SYS_HAS_SET_COMM_STATE -I/home/peder/GitHub/JANUS-ROV-communicator/src/nodecomx_cpp_py/include/lib/janus-c-3.0.5/external/libraries/x86-64bit-linux-glibc-gcc113/include -fPIC -std=c99 -Wall -Wshadow -pedantic -o CMakeFiles/cmTC_77dc3.dir/src.c.o -c /home/peder/GitHub/JANUS-ROV-communicator/src/nodecomx_cpp_py/include/lib/janus-c-3.0.5/bin/CMakeFiles/CMakeTmp/src.c
/home/peder/GitHub/JANUS-ROV-communicator/src/nodecomx_cpp_py/include/lib/janus-c-3.0.5/bin/CMakeFiles/CMakeTmp/src.c: In function ‘main’:
/home/peder/GitHub/JANUS-ROV-communicator/src/nodecomx_cpp_py/include/lib/janus-c-3.0.5/bin/CMakeFiles/CMakeTmp/src.c:3:1: error: unknown type name ‘HANDLE’
    3 | HANDLE x;
      | ^~~~~~
/home/peder/GitHub/JANUS-ROV-communicator/src/nodecomx_cpp_py/include/lib/janus-c-3.0.5/bin/CMakeFiles/CMakeTmp/src.c:4:1: error: unknown type name ‘DCB’
    4 | DCB xx;
      | ^~~
/home/peder/GitHub/JANUS-ROV-communicator/src/nodecomx_cpp_py/include/lib/janus-c-3.0.5/bin/CMakeFiles/CMakeTmp/src.c:6:2: error: unknown type name ‘BOOL’
    6 |  BOOL rv = SetCommState(x, &xx);
      |  ^~~~
/home/peder/GitHub/JANUS-ROV-communicator/src/nodecomx_cpp_py/include/lib/janus-c-3.0.5/bin/CMakeFiles/CMakeTmp/src.c:6:12: warning: implicit declaration of function ‘SetCommState’ [-Wimplicit-function-declaration]
    6 |  BOOL rv = SetCommState(x, &xx);
      |            ^~~~~~~~~~~~
/home/peder/GitHub/JANUS-ROV-communicator/src/nodecomx_cpp_py/include/lib/janus-c-3.0.5/bin/CMakeFiles/CMakeTmp/src.c:6:7: warning: unused variable ‘rv’ [-Wunused-variable]
    6 |  BOOL rv = SetCommState(x, &xx);
      |       ^~
gmake[1]: *** [CMakeFiles/cmTC_77dc3.dir/build.make:78: CMakeFiles/cmTC_77dc3.dir/src.c.o] Error 1
gmake[1]: Leaving directory '/home/peder/GitHub/JANUS-ROV-communicator/src/nodecomx_cpp_py/include/lib/janus-c-3.0.5/bin/CMakeFiles/CMakeTmp'
gmake: *** [Makefile:127: cmTC_77dc3/fast] Error 2


Source file was:

int main(void) {
HANDLE x;
DCB xx;

 BOOL rv = SetCommState(x, &xx);
return 0;
}

Performing C SOURCE FILE Test JANUS_SYS_HAS_GET_COMM_STATE failed with the following output:
Change Dir: /home/peder/GitHub/JANUS-ROV-communicator/src/nodecomx_cpp_py/include/lib/janus-c-3.0.5/bin/CMakeFiles/CMakeTmp

Run Build Command(s):/usr/bin/gmake -f Makefile cmTC_f9348/fast && /usr/bin/gmake  -f CMakeFiles/cmTC_f9348.dir/build.make CMakeFiles/cmTC_f9348.dir/build
gmake[1]: Entering directory '/home/peder/GitHub/JANUS-ROV-communicator/src/nodecomx_cpp_py/include/lib/janus-c-3.0.5/bin/CMakeFiles/CMakeTmp'
Building C object CMakeFiles/cmTC_f9348.dir/src.c.o
/usr/bin/cc -DJANUS_SYS_HAS_GET_COMM_STATE -I/home/peder/GitHub/JANUS-ROV-communicator/src/nodecomx_cpp_py/include/lib/janus-c-3.0.5/external/libraries/x86-64bit-linux-glibc-gcc113/include -fPIC -std=c99 -Wall -Wshadow -pedantic -o CMakeFiles/cmTC_f9348.dir/src.c.o -c /home/peder/GitHub/JANUS-ROV-communicator/src/nodecomx_cpp_py/include/lib/janus-c-3.0.5/bin/CMakeFiles/CMakeTmp/src.c
/home/peder/GitHub/JANUS-ROV-communicator/src/nodecomx_cpp_py/include/lib/janus-c-3.0.5/bin/CMakeFiles/CMakeTmp/src.c: In function ‘main’:
/home/peder/GitHub/JANUS-ROV-communicator/src/nodecomx_cpp_py/include/lib/janus-c-3.0.5/bin/CMakeFiles/CMakeTmp/src.c:3:1: error: unknown type name ‘HANDLE’
    3 | HANDLE x;
      | ^~~~~~
/home/peder/GitHub/JANUS-ROV-communicator/src/nodecomx_cpp_py/include/lib/janus-c-3.0.5/bin/CMakeFiles/CMakeTmp/src.c:4:1: error: unknown type name ‘DCB’
    4 | DCB xx;
      | ^~~
/home/peder/GitHub/JANUS-ROV-communicator/src/nodecomx_cpp_py/include/lib/janus-c-3.0.5/bin/CMakeFiles/CMakeTmp/src.c:6:2: error: unknown type name ‘BOOL’
    6 |  BOOL rv = GetCommState(x, &xx);
      |  ^~~~
/home/peder/GitHub/JANUS-ROV-communicator/src/nodecomx_cpp_py/include/lib/janus-c-3.0.5/bin/CMakeFiles/CMakeTmp/src.c:6:12: warning: implicit declaration of function ‘GetCommState’ [-Wimplicit-function-declaration]
    6 |  BOOL rv = GetCommState(x, &xx);
      |            ^~~~~~~~~~~~
/home/peder/GitHub/JANUS-ROV-communicator/src/nodecomx_cpp_py/include/lib/janus-c-3.0.5/bin/CMakeFiles/CMakeTmp/src.c:6:7: warning: unused variable ‘rv’ [-Wunused-variable]
    6 |  BOOL rv = GetCommState(x, &xx);
      |       ^~
gmake[1]: *** [CMakeFiles/cmTC_f9348.dir/build.make:78: CMakeFiles/cmTC_f9348.dir/src.c.o] Error 1
gmake[1]: Leaving directory '/home/peder/GitHub/JANUS-ROV-communicator/src/nodecomx_cpp_py/include/lib/janus-c-3.0.5/bin/CMakeFiles/CMakeTmp'
gmake: *** [Makefile:127: cmTC_f9348/fast] Error 2


Source file was:

int main(void) {
HANDLE x;
DCB xx;

 BOOL rv = GetCommState(x, &xx);
return 0;
}

Performing C SOURCE FILE Test JANUS_SYS_HAS_SET_COMM_MASK failed with the following output:
Change Dir: /home/peder/GitHub/JANUS-ROV-communicator/src/nodecomx_cpp_py/include/lib/janus-c-3.0.5/bin/CMakeFiles/CMakeTmp

Run Build Command(s):/usr/bin/gmake -f Makefile cmTC_b411d/fast && /usr/bin/gmake  -f CMakeFiles/cmTC_b411d.dir/build.make CMakeFiles/cmTC_b411d.dir/build
gmake[1]: Entering directory '/home/peder/GitHub/JANUS-ROV-communicator/src/nodecomx_cpp_py/include/lib/janus-c-3.0.5/bin/CMakeFiles/CMakeTmp'
Building C object CMakeFiles/cmTC_b411d.dir/src.c.o
/usr/bin/cc -DJANUS_SYS_HAS_SET_COMM_MASK -I/home/peder/GitHub/JANUS-ROV-communicator/src/nodecomx_cpp_py/include/lib/janus-c-3.0.5/external/libraries/x86-64bit-linux-glibc-gcc113/include -fPIC -std=c99 -Wall -Wshadow -pedantic -o CMakeFiles/cmTC_b411d.dir/src.c.o -c /home/peder/GitHub/JANUS-ROV-communicator/src/nodecomx_cpp_py/include/lib/janus-c-3.0.5/bin/CMakeFiles/CMakeTmp/src.c
/home/peder/GitHub/JANUS-ROV-communicator/src/nodecomx_cpp_py/include/lib/janus-c-3.0.5/bin/CMakeFiles/CMakeTmp/src.c: In function ‘main’:
/home/peder/GitHub/JANUS-ROV-communicator/src/nodecomx_cpp_py/include/lib/janus-c-3.0.5/bin/CMakeFiles/CMakeTmp/src.c:3:1: error: unknown type name ‘HANDLE’
    3 | HANDLE x;
      | ^~~~~~
/home/peder/GitHub/JANUS-ROV-communicator/src/nodecomx_cpp_py/include/lib/janus-c-3.0.5/bin/CMakeFiles/CMakeTmp/src.c:4:1: error: unknown type name ‘DWORD’
    4 | DWORD xx;
      | ^~~~~
/home/peder/GitHub/JANUS-ROV-communicator/src/nodecomx_cpp_py/include/lib/janus-c-3.0.5/bin/CMakeFiles/CMakeTmp/src.c:6:2: error: unknown type name ‘BOOL’
    6 |  BOOL rv = SetCommMask(x, xx);
      |  ^~~~
/home/peder/GitHub/JANUS-ROV-communicator/src/nodecomx_cpp_py/include/lib/janus-c-3.0.5/bin/CMakeFiles/CMakeTmp/src.c:6:12: warning: implicit declaration of function ‘SetCommMask’ [-Wimplicit-function-declaration]
    6 |  BOOL rv = SetCommMask(x, xx);
      |            ^~~~~~~~~~~
/home/peder/GitHub/JANUS-ROV-communicator/src/nodecomx_cpp_py/include/lib/janus-c-3.0.5/bin/CMakeFiles/CMakeTmp/src.c:6:7: warning: unused variable ‘rv’ [-Wunused-variable]
    6 |  BOOL rv = SetCommMask(x, xx);
      |       ^~
gmake[1]: *** [CMakeFiles/cmTC_b411d.dir/build.make:78: CMakeFiles/cmTC_b411d.dir/src.c.o] Error 1
gmake[1]: Leaving directory '/home/peder/GitHub/JANUS-ROV-communicator/src/nodecomx_cpp_py/include/lib/janus-c-3.0.5/bin/CMakeFiles/CMakeTmp'
gmake: *** [Makefile:127: cmTC_b411d/fast] Error 2


Source file was:

int main(void) {
HANDLE x;
DWORD xx;

 BOOL rv = SetCommMask(x, xx);
return 0;
}

Performing C SOURCE FILE Test JANUS_SYS_HAS_PURGE_COMM failed with the following output:
Change Dir: /home/peder/GitHub/JANUS-ROV-communicator/src/nodecomx_cpp_py/include/lib/janus-c-3.0.5/bin/CMakeFiles/CMakeTmp

Run Build Command(s):/usr/bin/gmake -f Makefile cmTC_7f5f9/fast && /usr/bin/gmake  -f CMakeFiles/cmTC_7f5f9.dir/build.make CMakeFiles/cmTC_7f5f9.dir/build
gmake[1]: Entering directory '/home/peder/GitHub/JANUS-ROV-communicator/src/nodecomx_cpp_py/include/lib/janus-c-3.0.5/bin/CMakeFiles/CMakeTmp'
Building C object CMakeFiles/cmTC_7f5f9.dir/src.c.o
/usr/bin/cc -DJANUS_SYS_HAS_PURGE_COMM -I/home/peder/GitHub/JANUS-ROV-communicator/src/nodecomx_cpp_py/include/lib/janus-c-3.0.5/external/libraries/x86-64bit-linux-glibc-gcc113/include -fPIC -std=c99 -Wall -Wshadow -pedantic -o CMakeFiles/cmTC_7f5f9.dir/src.c.o -c /home/peder/GitHub/JANUS-ROV-communicator/src/nodecomx_cpp_py/include/lib/janus-c-3.0.5/bin/CMakeFiles/CMakeTmp/src.c
/home/peder/GitHub/JANUS-ROV-communicator/src/nodecomx_cpp_py/include/lib/janus-c-3.0.5/bin/CMakeFiles/CMakeTmp/src.c: In function ‘main’:
/home/peder/GitHub/JANUS-ROV-communicator/src/nodecomx_cpp_py/include/lib/janus-c-3.0.5/bin/CMakeFiles/CMakeTmp/src.c:3:1: error: unknown type name ‘HANDLE’
    3 | HANDLE x;
      | ^~~~~~
/home/peder/GitHub/JANUS-ROV-communicator/src/nodecomx_cpp_py/include/lib/janus-c-3.0.5/bin/CMakeFiles/CMakeTmp/src.c:4:1: error: unknown type name ‘DWORD’
    4 | DWORD xx;
      | ^~~~~
/home/peder/GitHub/JANUS-ROV-communicator/src/nodecomx_cpp_py/include/lib/janus-c-3.0.5/bin/CMakeFiles/CMakeTmp/src.c:6:2: error: unknown type name ‘BOOL’
    6 |  BOOL rv = PurgeComm(x, xx);
      |  ^~~~
/home/peder/GitHub/JANUS-ROV-communicator/src/nodecomx_cpp_py/include/lib/janus-c-3.0.5/bin/CMakeFiles/CMakeTmp/src.c:6:12: warning: implicit declaration of function ‘PurgeComm’ [-Wimplicit-function-declaration]
    6 |  BOOL rv = PurgeComm(x, xx);
      |            ^~~~~~~~~
/home/peder/GitHub/JANUS-ROV-communicator/src/nodecomx_cpp_py/include/lib/janus-c-3.0.5/bin/CMakeFiles/CMakeTmp/src.c:6:7: warning: unused variable ‘rv’ [-Wunused-variable]
    6 |  BOOL rv = PurgeComm(x, xx);
      |       ^~
gmake[1]: *** [CMakeFiles/cmTC_7f5f9.dir/build.make:78: CMakeFiles/cmTC_7f5f9.dir/src.c.o] Error 1
gmake[1]: Leaving directory '/home/peder/GitHub/JANUS-ROV-communicator/src/nodecomx_cpp_py/include/lib/janus-c-3.0.5/bin/CMakeFiles/CMakeTmp'
gmake: *** [Makefile:127: cmTC_7f5f9/fast] Error 2


Source file was:

int main(void) {
HANDLE x;
DWORD xx;

 BOOL rv = PurgeComm(x, xx);
return 0;
}

Performing C SOURCE FILE Test JANUS_SYS_HAS_WAIT_COMM_EVENT failed with the following output:
Change Dir: /home/peder/GitHub/JANUS-ROV-communicator/src/nodecomx_cpp_py/include/lib/janus-c-3.0.5/bin/CMakeFiles/CMakeTmp

Run Build Command(s):/usr/bin/gmake -f Makefile cmTC_26e26/fast && /usr/bin/gmake  -f CMakeFiles/cmTC_26e26.dir/build.make CMakeFiles/cmTC_26e26.dir/build
gmake[1]: Entering directory '/home/peder/GitHub/JANUS-ROV-communicator/src/nodecomx_cpp_py/include/lib/janus-c-3.0.5/bin/CMakeFiles/CMakeTmp'
Building C object CMakeFiles/cmTC_26e26.dir/src.c.o
/usr/bin/cc -DJANUS_SYS_HAS_WAIT_COMM_EVENT -I/home/peder/GitHub/JANUS-ROV-communicator/src/nodecomx_cpp_py/include/lib/janus-c-3.0.5/external/libraries/x86-64bit-linux-glibc-gcc113/include -fPIC -std=c99 -Wall -Wshadow -pedantic -o CMakeFiles/cmTC_26e26.dir/src.c.o -c /home/peder/GitHub/JANUS-ROV-communicator/src/nodecomx_cpp_py/include/lib/janus-c-3.0.5/bin/CMakeFiles/CMakeTmp/src.c
/home/peder/GitHub/JANUS-ROV-communicator/src/nodecomx_cpp_py/include/lib/janus-c-3.0.5/bin/CMakeFiles/CMakeTmp/src.c: In function ‘main’:
/home/peder/GitHub/JANUS-ROV-communicator/src/nodecomx_cpp_py/include/lib/janus-c-3.0.5/bin/CMakeFiles/CMakeTmp/src.c:3:1: error: unknown type name ‘HANDLE’
    3 | HANDLE x;
      | ^~~~~~
/home/peder/GitHub/JANUS-ROV-communicator/src/nodecomx_cpp_py/include/lib/janus-c-3.0.5/bin/CMakeFiles/CMakeTmp/src.c:4:1: error: unknown type name ‘DWORD’
    4 | DWORD xx;
      | ^~~~~
/home/peder/GitHub/JANUS-ROV-communicator/src/nodecomx_cpp_py/include/lib/janus-c-3.0.5/bin/CMakeFiles/CMakeTmp/src.c:5:1: error: unknown type name ‘OVERLAPPED’
    5 | OVERLAPPED xxx;
      | ^~~~~~~~~~
/home/peder/GitHub/JANUS-ROV-communicator/src/nodecomx_cpp_py/include/lib/janus-c-3.0.5/bin/CMakeFiles/CMakeTmp/src.c:7:2: error: unknown type name ‘BOOL’
    7 |  BOOL rv = WaitCommEvent(x, &xx, &xxx);
      |  ^~~~
/home/peder/GitHub/JANUS-ROV-communicator/src/nodecomx_cpp_py/include/lib/janus-c-3.0.5/bin/CMakeFiles/CMakeTmp/src.c:7:12: warning: implicit declaration of function ‘WaitCommEvent’ [-Wimplicit-function-declaration]
    7 |  BOOL rv = WaitCommEvent(x, &xx, &xxx);
      |            ^~~~~~~~~~~~~
/home/peder/GitHub/JANUS-ROV-communicator/src/nodecomx_cpp_py/include/lib/janus-c-3.0.5/bin/CMakeFiles/CMakeTmp/src.c:7:7: warning: unused variable ‘rv’ [-Wunused-variable]
    7 |  BOOL rv = WaitCommEvent(x, &xx, &xxx);
      |       ^~
gmake[1]: *** [CMakeFiles/cmTC_26e26.dir/build.make:78: CMakeFiles/cmTC_26e26.dir/src.c.o] Error 1
gmake[1]: Leaving directory '/home/peder/GitHub/JANUS-ROV-communicator/src/nodecomx_cpp_py/include/lib/janus-c-3.0.5/bin/CMakeFiles/CMakeTmp'
gmake: *** [Makefile:127: cmTC_26e26/fast] Error 2


Source file was:

int main(void) {
HANDLE x;
DWORD xx;
OVERLAPPED xxx;

 BOOL rv = WaitCommEvent(x, &xx, &xxx);
return 0;
}

Performing C SOURCE FILE Test JANUS_SYS_HAS_SET_COMM_BREAK failed with the following output:
Change Dir: /home/peder/GitHub/JANUS-ROV-communicator/src/nodecomx_cpp_py/include/lib/janus-c-3.0.5/bin/CMakeFiles/CMakeTmp

Run Build Command(s):/usr/bin/gmake -f Makefile cmTC_73d6e/fast && /usr/bin/gmake  -f CMakeFiles/cmTC_73d6e.dir/build.make CMakeFiles/cmTC_73d6e.dir/build
gmake[1]: Entering directory '/home/peder/GitHub/JANUS-ROV-communicator/src/nodecomx_cpp_py/include/lib/janus-c-3.0.5/bin/CMakeFiles/CMakeTmp'
Building C object CMakeFiles/cmTC_73d6e.dir/src.c.o
/usr/bin/cc -DJANUS_SYS_HAS_SET_COMM_BREAK -I/home/peder/GitHub/JANUS-ROV-communicator/src/nodecomx_cpp_py/include/lib/janus-c-3.0.5/external/libraries/x86-64bit-linux-glibc-gcc113/include -fPIC -std=c99 -Wall -Wshadow -pedantic -o CMakeFiles/cmTC_73d6e.dir/src.c.o -c /home/peder/GitHub/JANUS-ROV-communicator/src/nodecomx_cpp_py/include/lib/janus-c-3.0.5/bin/CMakeFiles/CMakeTmp/src.c
/home/peder/GitHub/JANUS-ROV-communicator/src/nodecomx_cpp_py/include/lib/janus-c-3.0.5/bin/CMakeFiles/CMakeTmp/src.c: In function ‘main’:
/home/peder/GitHub/JANUS-ROV-communicator/src/nodecomx_cpp_py/include/lib/janus-c-3.0.5/bin/CMakeFiles/CMakeTmp/src.c:3:1: error: unknown type name ‘HANDLE’
    3 | HANDLE x;
      | ^~~~~~
/home/peder/GitHub/JANUS-ROV-communicator/src/nodecomx_cpp_py/include/lib/janus-c-3.0.5/bin/CMakeFiles/CMakeTmp/src.c:5:2: error: unknown type name ‘BOOL’
    5 |  BOOL rv = SetCommBreak(x);
      |  ^~~~
/home/peder/GitHub/JANUS-ROV-communicator/src/nodecomx_cpp_py/include/lib/janus-c-3.0.5/bin/CMakeFiles/CMakeTmp/src.c:5:12: warning: implicit declaration of function ‘SetCommBreak’ [-Wimplicit-function-declaration]
    5 |  BOOL rv = SetCommBreak(x);
      |            ^~~~~~~~~~~~
/home/peder/GitHub/JANUS-ROV-communicator/src/nodecomx_cpp_py/include/lib/janus-c-3.0.5/bin/CMakeFiles/CMakeTmp/src.c:5:7: warning: unused variable ‘rv’ [-Wunused-variable]
    5 |  BOOL rv = SetCommBreak(x);
      |       ^~
gmake[1]: *** [CMakeFiles/cmTC_73d6e.dir/build.make:78: CMakeFiles/cmTC_73d6e.dir/src.c.o] Error 1
gmake[1]: Leaving directory '/home/peder/GitHub/JANUS-ROV-communicator/src/nodecomx_cpp_py/include/lib/janus-c-3.0.5/bin/CMakeFiles/CMakeTmp'
gmake: *** [Makefile:127: cmTC_73d6e/fast] Error 2


Source file was:

int main(void) {
HANDLE x;

 BOOL rv = SetCommBreak(x);
return 0;
}

Performing C SOURCE FILE Test JANUS_SYS_HAS_CLEAR_COMM_BREAK failed with the following output:
Change Dir: /home/peder/GitHub/JANUS-ROV-communicator/src/nodecomx_cpp_py/include/lib/janus-c-3.0.5/bin/CMakeFiles/CMakeTmp

Run Build Command(s):/usr/bin/gmake -f Makefile cmTC_101c5/fast && /usr/bin/gmake  -f CMakeFiles/cmTC_101c5.dir/build.make CMakeFiles/cmTC_101c5.dir/build
gmake[1]: Entering directory '/home/peder/GitHub/JANUS-ROV-communicator/src/nodecomx_cpp_py/include/lib/janus-c-3.0.5/bin/CMakeFiles/CMakeTmp'
Building C object CMakeFiles/cmTC_101c5.dir/src.c.o
/usr/bin/cc -DJANUS_SYS_HAS_CLEAR_COMM_BREAK -I/home/peder/GitHub/JANUS-ROV-communicator/src/nodecomx_cpp_py/include/lib/janus-c-3.0.5/external/libraries/x86-64bit-linux-glibc-gcc113/include -fPIC -std=c99 -Wall -Wshadow -pedantic -o CMakeFiles/cmTC_101c5.dir/src.c.o -c /home/peder/GitHub/JANUS-ROV-communicator/src/nodecomx_cpp_py/include/lib/janus-c-3.0.5/bin/CMakeFiles/CMakeTmp/src.c
/home/peder/GitHub/JANUS-ROV-communicator/src/nodecomx_cpp_py/include/lib/janus-c-3.0.5/bin/CMakeFiles/CMakeTmp/src.c: In function ‘main’:
/home/peder/GitHub/JANUS-ROV-communicator/src/nodecomx_cpp_py/include/lib/janus-c-3.0.5/bin/CMakeFiles/CMakeTmp/src.c:3:1: error: unknown type name ‘HANDLE’
    3 | HANDLE x;
      | ^~~~~~
/home/peder/GitHub/JANUS-ROV-communicator/src/nodecomx_cpp_py/include/lib/janus-c-3.0.5/bin/CMakeFiles/CMakeTmp/src.c:5:2: error: unknown type name ‘BOOL’
    5 |  BOOL rv = ClearCommBreak(x);
      |  ^~~~
/home/peder/GitHub/JANUS-ROV-communicator/src/nodecomx_cpp_py/include/lib/janus-c-3.0.5/bin/CMakeFiles/CMakeTmp/src.c:5:12: warning: implicit declaration of function ‘ClearCommBreak’ [-Wimplicit-function-declaration]
    5 |  BOOL rv = ClearCommBreak(x);
      |            ^~~~~~~~~~~~~~
/home/peder/GitHub/JANUS-ROV-communicator/src/nodecomx_cpp_py/include/lib/janus-c-3.0.5/bin/CMakeFiles/CMakeTmp/src.c:5:7: warning: unused variable ‘rv’ [-Wunused-variable]
    5 |  BOOL rv = ClearCommBreak(x);
      |       ^~
gmake[1]: *** [CMakeFiles/cmTC_101c5.dir/build.make:78: CMakeFiles/cmTC_101c5.dir/src.c.o] Error 1
gmake[1]: Leaving directory '/home/peder/GitHub/JANUS-ROV-communicator/src/nodecomx_cpp_py/include/lib/janus-c-3.0.5/bin/CMakeFiles/CMakeTmp'
gmake: *** [Makefile:127: cmTC_101c5/fast] Error 2


Source file was:

int main(void) {
HANDLE x;

 BOOL rv = ClearCommBreak(x);
return 0;
}

Performing C SOURCE FILE Test JANUS_SYS_HAS_CLEAR_COMM_ERROR failed with the following output:
Change Dir: /home/peder/GitHub/JANUS-ROV-communicator/src/nodecomx_cpp_py/include/lib/janus-c-3.0.5/bin/CMakeFiles/CMakeTmp

Run Build Command(s):/usr/bin/gmake -f Makefile cmTC_ab1e3/fast && /usr/bin/gmake  -f CMakeFiles/cmTC_ab1e3.dir/build.make CMakeFiles/cmTC_ab1e3.dir/build
gmake[1]: Entering directory '/home/peder/GitHub/JANUS-ROV-communicator/src/nodecomx_cpp_py/include/lib/janus-c-3.0.5/bin/CMakeFiles/CMakeTmp'
Building C object CMakeFiles/cmTC_ab1e3.dir/src.c.o
/usr/bin/cc -DJANUS_SYS_HAS_CLEAR_COMM_ERROR -I/home/peder/GitHub/JANUS-ROV-communicator/src/nodecomx_cpp_py/include/lib/janus-c-3.0.5/external/libraries/x86-64bit-linux-glibc-gcc113/include -fPIC -std=c99 -Wall -Wshadow -pedantic -o CMakeFiles/cmTC_ab1e3.dir/src.c.o -c /home/peder/GitHub/JANUS-ROV-communicator/src/nodecomx_cpp_py/include/lib/janus-c-3.0.5/bin/CMakeFiles/CMakeTmp/src.c
/home/peder/GitHub/JANUS-ROV-communicator/src/nodecomx_cpp_py/include/lib/janus-c-3.0.5/bin/CMakeFiles/CMakeTmp/src.c: In function ‘main’:
/home/peder/GitHub/JANUS-ROV-communicator/src/nodecomx_cpp_py/include/lib/janus-c-3.0.5/bin/CMakeFiles/CMakeTmp/src.c:3:1: error: unknown type name ‘HANDLE’
    3 | HANDLE x;
      | ^~~~~~
/home/peder/GitHub/JANUS-ROV-communicator/src/nodecomx_cpp_py/include/lib/janus-c-3.0.5/bin/CMakeFiles/CMakeTmp/src.c:4:1: error: unknown type name ‘DWORD’
    4 | DWORD xx;
      | ^~~~~
/home/peder/GitHub/JANUS-ROV-communicator/src/nodecomx_cpp_py/include/lib/janus-c-3.0.5/bin/CMakeFiles/CMakeTmp/src.c:5:1: error: unknown type name ‘COMSTAT’
    5 | COMSTAT xxx;
      | ^~~~~~~
/home/peder/GitHub/JANUS-ROV-communicator/src/nodecomx_cpp_py/include/lib/janus-c-3.0.5/bin/CMakeFiles/CMakeTmp/src.c:7:2: error: unknown type name ‘BOOL’
    7 |  BOOL rv = ClearCommError(x, &xx, &xxx);
      |  ^~~~
/home/peder/GitHub/JANUS-ROV-communicator/src/nodecomx_cpp_py/include/lib/janus-c-3.0.5/bin/CMakeFiles/CMakeTmp/src.c:7:12: warning: implicit declaration of function ‘ClearCommError’ [-Wimplicit-function-declaration]
    7 |  BOOL rv = ClearCommError(x, &xx, &xxx);
      |            ^~~~~~~~~~~~~~
/home/peder/GitHub/JANUS-ROV-communicator/src/nodecomx_cpp_py/include/lib/janus-c-3.0.5/bin/CMakeFiles/CMakeTmp/src.c:7:7: warning: unused variable ‘rv’ [-Wunused-variable]
    7 |  BOOL rv = ClearCommError(x, &xx, &xxx);
      |       ^~
gmake[1]: *** [CMakeFiles/cmTC_ab1e3.dir/build.make:78: CMakeFiles/cmTC_ab1e3.dir/src.c.o] Error 1
gmake[1]: Leaving directory '/home/peder/GitHub/JANUS-ROV-communicator/src/nodecomx_cpp_py/include/lib/janus-c-3.0.5/bin/CMakeFiles/CMakeTmp'
gmake: *** [Makefile:127: cmTC_ab1e3/fast] Error 2


Source file was:

int main(void) {
HANDLE x;
DWORD xx;
COMSTAT xxx;

 BOOL rv = ClearCommError(x, &xx, &xxx);
return 0;
}

Performing C SOURCE FILE Test JANUS_SYS_HAS_WAIT_FOR_SINGLE_OBJECT failed with the following output:
Change Dir: /home/peder/GitHub/JANUS-ROV-communicator/src/nodecomx_cpp_py/include/lib/janus-c-3.0.5/bin/CMakeFiles/CMakeTmp

Run Build Command(s):/usr/bin/gmake -f Makefile cmTC_fef72/fast && /usr/bin/gmake  -f CMakeFiles/cmTC_fef72.dir/build.make CMakeFiles/cmTC_fef72.dir/build
gmake[1]: Entering directory '/home/peder/GitHub/JANUS-ROV-communicator/src/nodecomx_cpp_py/include/lib/janus-c-3.0.5/bin/CMakeFiles/CMakeTmp'
Building C object CMakeFiles/cmTC_fef72.dir/src.c.o
/usr/bin/cc -DJANUS_SYS_HAS_WAIT_FOR_SINGLE_OBJECT -I/home/peder/GitHub/JANUS-ROV-communicator/src/nodecomx_cpp_py/include/lib/janus-c-3.0.5/external/libraries/x86-64bit-linux-glibc-gcc113/include -fPIC -std=c99 -Wall -Wshadow -pedantic -o CMakeFiles/cmTC_fef72.dir/src.c.o -c /home/peder/GitHub/JANUS-ROV-communicator/src/nodecomx_cpp_py/include/lib/janus-c-3.0.5/bin/CMakeFiles/CMakeTmp/src.c
/home/peder/GitHub/JANUS-ROV-communicator/src/nodecomx_cpp_py/include/lib/janus-c-3.0.5/bin/CMakeFiles/CMakeTmp/src.c: In function ‘main’:
/home/peder/GitHub/JANUS-ROV-communicator/src/nodecomx_cpp_py/include/lib/janus-c-3.0.5/bin/CMakeFiles/CMakeTmp/src.c:3:1: error: unknown type name ‘HANDLE’
    3 | HANDLE x;
      | ^~~~~~
/home/peder/GitHub/JANUS-ROV-communicator/src/nodecomx_cpp_py/include/lib/janus-c-3.0.5/bin/CMakeFiles/CMakeTmp/src.c:4:1: error: unknown type name ‘DWORD’
    4 | DWORD xx;
      | ^~~~~
/home/peder/GitHub/JANUS-ROV-communicator/src/nodecomx_cpp_py/include/lib/janus-c-3.0.5/bin/CMakeFiles/CMakeTmp/src.c:6:2: error: unknown type name ‘DWORD’
    6 |  DWORD rv = WaitForSingleObject(x, xx);
      |  ^~~~~
/home/peder/GitHub/JANUS-ROV-communicator/src/nodecomx_cpp_py/include/lib/janus-c-3.0.5/bin/CMakeFiles/CMakeTmp/src.c:6:13: warning: implicit declaration of function ‘WaitForSingleObject’ [-Wimplicit-function-declaration]
    6 |  DWORD rv = WaitForSingleObject(x, xx);
      |             ^~~~~~~~~~~~~~~~~~~
/home/peder/GitHub/JANUS-ROV-communicator/src/nodecomx_cpp_py/include/lib/janus-c-3.0.5/bin/CMakeFiles/CMakeTmp/src.c:6:8: warning: unused variable ‘rv’ [-Wunused-variable]
    6 |  DWORD rv = WaitForSingleObject(x, xx);
      |        ^~
gmake[1]: *** [CMakeFiles/cmTC_fef72.dir/build.make:78: CMakeFiles/cmTC_fef72.dir/src.c.o] Error 1
gmake[1]: Leaving directory '/home/peder/GitHub/JANUS-ROV-communicator/src/nodecomx_cpp_py/include/lib/janus-c-3.0.5/bin/CMakeFiles/CMakeTmp'
gmake: *** [Makefile:127: cmTC_fef72/fast] Error 2


Source file was:

int main(void) {
HANDLE x;
DWORD xx;

 DWORD rv = WaitForSingleObject(x, xx);
return 0;
}

Performing C SOURCE FILE Test JANUS_SYS_HAS_CREATE_EVENT failed with the following output:
Change Dir: /home/peder/GitHub/JANUS-ROV-communicator/src/nodecomx_cpp_py/include/lib/janus-c-3.0.5/bin/CMakeFiles/CMakeTmp

Run Build Command(s):/usr/bin/gmake -f Makefile cmTC_fb3a7/fast && /usr/bin/gmake  -f CMakeFiles/cmTC_fb3a7.dir/build.make CMakeFiles/cmTC_fb3a7.dir/build
gmake[1]: Entering directory '/home/peder/GitHub/JANUS-ROV-communicator/src/nodecomx_cpp_py/include/lib/janus-c-3.0.5/bin/CMakeFiles/CMakeTmp'
Building C object CMakeFiles/cmTC_fb3a7.dir/src.c.o
/usr/bin/cc -DJANUS_SYS_HAS_CREATE_EVENT -I/home/peder/GitHub/JANUS-ROV-communicator/src/nodecomx_cpp_py/include/lib/janus-c-3.0.5/external/libraries/x86-64bit-linux-glibc-gcc113/include -fPIC -std=c99 -Wall -Wshadow -pedantic -o CMakeFiles/cmTC_fb3a7.dir/src.c.o -c /home/peder/GitHub/JANUS-ROV-communicator/src/nodecomx_cpp_py/include/lib/janus-c-3.0.5/bin/CMakeFiles/CMakeTmp/src.c
/home/peder/GitHub/JANUS-ROV-communicator/src/nodecomx_cpp_py/include/lib/janus-c-3.0.5/bin/CMakeFiles/CMakeTmp/src.c: In function ‘main’:
/home/peder/GitHub/JANUS-ROV-communicator/src/nodecomx_cpp_py/include/lib/janus-c-3.0.5/bin/CMakeFiles/CMakeTmp/src.c:3:1: error: unknown type name ‘SECURITY_ATTRIBUTES’
    3 | SECURITY_ATTRIBUTES x;
      | ^~~~~~~~~~~~~~~~~~~
/home/peder/GitHub/JANUS-ROV-communicator/src/nodecomx_cpp_py/include/lib/janus-c-3.0.5/bin/CMakeFiles/CMakeTmp/src.c:4:1: error: unknown type name ‘BOOL’
    4 | BOOL xx;
      | ^~~~
/home/peder/GitHub/JANUS-ROV-communicator/src/nodecomx_cpp_py/include/lib/janus-c-3.0.5/bin/CMakeFiles/CMakeTmp/src.c:5:1: error: unknown type name ‘BOOL’
    5 | BOOL xxx;
      | ^~~~
/home/peder/GitHub/JANUS-ROV-communicator/src/nodecomx_cpp_py/include/lib/janus-c-3.0.5/bin/CMakeFiles/CMakeTmp/src.c:6:1: error: unknown type name ‘LPCSTR’
    6 | LPCSTR xxxx;
      | ^~~~~~
/home/peder/GitHub/JANUS-ROV-communicator/src/nodecomx_cpp_py/include/lib/janus-c-3.0.5/bin/CMakeFiles/CMakeTmp/src.c:8:2: error: unknown type name ‘HANDLE’
    8 |  HANDLE rv = CreateEvent(&x, xx, xxx, xxxx);
      |  ^~~~~~
/home/peder/GitHub/JANUS-ROV-communicator/src/nodecomx_cpp_py/include/lib/janus-c-3.0.5/bin/CMakeFiles/CMakeTmp/src.c:8:14: warning: implicit declaration of function ‘CreateEvent’ [-Wimplicit-function-declaration]
    8 |  HANDLE rv = CreateEvent(&x, xx, xxx, xxxx);
      |              ^~~~~~~~~~~
/home/peder/GitHub/JANUS-ROV-communicator/src/nodecomx_cpp_py/include/lib/janus-c-3.0.5/bin/CMakeFiles/CMakeTmp/src.c:8:9: warning: unused variable ‘rv’ [-Wunused-variable]
    8 |  HANDLE rv = CreateEvent(&x, xx, xxx, xxxx);
      |         ^~
gmake[1]: *** [CMakeFiles/cmTC_fb3a7.dir/build.make:78: CMakeFiles/cmTC_fb3a7.dir/src.c.o] Error 1
gmake[1]: Leaving directory '/home/peder/GitHub/JANUS-ROV-communicator/src/nodecomx_cpp_py/include/lib/janus-c-3.0.5/bin/CMakeFiles/CMakeTmp'
gmake: *** [Makefile:127: cmTC_fb3a7/fast] Error 2


Source file was:

int main(void) {
SECURITY_ATTRIBUTES x;
BOOL xx;
BOOL xxx;
LPCSTR xxxx;

 HANDLE rv = CreateEvent(&x, xx, xxx, xxxx);
return 0;
}

Performing C SOURCE FILE Test JANUS_SYS_HAS_FORK failed with the following output:
Change Dir: /home/peder/GitHub/JANUS-ROV-communicator/src/nodecomx_cpp_py/include/lib/janus-c-3.0.5/bin/CMakeFiles/CMakeTmp

Run Build Command(s):/usr/bin/gmake -f Makefile cmTC_f99e0/fast && /usr/bin/gmake  -f CMakeFiles/cmTC_f99e0.dir/build.make CMakeFiles/cmTC_f99e0.dir/build
gmake[1]: Entering directory '/home/peder/GitHub/JANUS-ROV-communicator/src/nodecomx_cpp_py/include/lib/janus-c-3.0.5/bin/CMakeFiles/CMakeTmp'
Building C object CMakeFiles/cmTC_f99e0.dir/src.c.o
/usr/bin/cc -DJANUS_SYS_HAS_FORK -I/home/peder/GitHub/JANUS-ROV-communicator/src/nodecomx_cpp_py/include/lib/janus-c-3.0.5/external/libraries/x86-64bit-linux-glibc-gcc113/include -fPIC -std=c99 -Wall -Wshadow -pedantic -o CMakeFiles/cmTC_f99e0.dir/src.c.o -c /home/peder/GitHub/JANUS-ROV-communicator/src/nodecomx_cpp_py/include/lib/janus-c-3.0.5/bin/CMakeFiles/CMakeTmp/src.c
/home/peder/GitHub/JANUS-ROV-communicator/src/nodecomx_cpp_py/include/lib/janus-c-3.0.5/bin/CMakeFiles/CMakeTmp/src.c: In function ‘main’:
/home/peder/GitHub/JANUS-ROV-communicator/src/nodecomx_cpp_py/include/lib/janus-c-3.0.5/bin/CMakeFiles/CMakeTmp/src.c:5:2: error: unknown type name ‘pid_t’
    5 |  pid_t rv = fork();
      |  ^~~~~
/home/peder/GitHub/JANUS-ROV-communicator/src/nodecomx_cpp_py/include/lib/janus-c-3.0.5/bin/CMakeFiles/CMakeTmp/src.c:5:8: warning: unused variable ‘rv’ [-Wunused-variable]
    5 |  pid_t rv = fork();
      |        ^~
gmake[1]: *** [CMakeFiles/cmTC_f99e0.dir/build.make:78: CMakeFiles/cmTC_f99e0.dir/src.c.o] Error 1
gmake[1]: Leaving directory '/home/peder/GitHub/JANUS-ROV-communicator/src/nodecomx_cpp_py/include/lib/janus-c-3.0.5/bin/CMakeFiles/CMakeTmp'
gmake: *** [Makefile:127: cmTC_f99e0/fast] Error 2


Source file was:
#include <unistd.h>

int main(void) {

 pid_t rv = fork();
return 0;
}

Performing C SOURCE FILE Test JANUS_SYS_HAS__ALLOCA failed with the following output:
Change Dir: /home/peder/GitHub/JANUS-ROV-communicator/src/nodecomx_cpp_py/include/lib/janus-c-3.0.5/bin/CMakeFiles/CMakeTmp

Run Build Command(s):/usr/bin/gmake -f Makefile cmTC_85c1d/fast && /usr/bin/gmake  -f CMakeFiles/cmTC_85c1d.dir/build.make CMakeFiles/cmTC_85c1d.dir/build
gmake[1]: Entering directory '/home/peder/GitHub/JANUS-ROV-communicator/src/nodecomx_cpp_py/include/lib/janus-c-3.0.5/bin/CMakeFiles/CMakeTmp'
Building C object CMakeFiles/cmTC_85c1d.dir/src.c.o
/usr/bin/cc -DJANUS_SYS_HAS__ALLOCA -I/home/peder/GitHub/JANUS-ROV-communicator/src/nodecomx_cpp_py/include/lib/janus-c-3.0.5/external/libraries/x86-64bit-linux-glibc-gcc113/include -fPIC -std=c99 -Wall -Wshadow -pedantic -o CMakeFiles/cmTC_85c1d.dir/src.c.o -c /home/peder/GitHub/JANUS-ROV-communicator/src/nodecomx_cpp_py/include/lib/janus-c-3.0.5/bin/CMakeFiles/CMakeTmp/src.c
/home/peder/GitHub/JANUS-ROV-communicator/src/nodecomx_cpp_py/include/lib/janus-c-3.0.5/bin/CMakeFiles/CMakeTmp/src.c: In function ‘main’:
/home/peder/GitHub/JANUS-ROV-communicator/src/nodecomx_cpp_py/include/lib/janus-c-3.0.5/bin/CMakeFiles/CMakeTmp/src.c:3:1: error: unknown type name ‘size_t’
    3 | size_t x;
      | ^~~~~~
/home/peder/GitHub/JANUS-ROV-communicator/src/nodecomx_cpp_py/include/lib/janus-c-3.0.5/bin/CMakeFiles/CMakeTmp/src.c:1:1: note: ‘size_t’ is defined in header ‘<stddef.h>’; did you forget to ‘#include <stddef.h>’?
  +++ |+#include <stddef.h>
    1 | 
/home/peder/GitHub/JANUS-ROV-communicator/src/nodecomx_cpp_py/include/lib/janus-c-3.0.5/bin/CMakeFiles/CMakeTmp/src.c:5:13: warning: implicit declaration of function ‘_alloca’ [-Wimplicit-function-declaration]
    5 |  void* rv = _alloca(x);
      |             ^~~~~~~
/home/peder/GitHub/JANUS-ROV-communicator/src/nodecomx_cpp_py/include/lib/janus-c-3.0.5/bin/CMakeFiles/CMakeTmp/src.c:5:13: warning: initialization of ‘void *’ from ‘int’ makes pointer from integer without a cast [-Wint-conversion]
/home/peder/GitHub/JANUS-ROV-communicator/src/nodecomx_cpp_py/include/lib/janus-c-3.0.5/bin/CMakeFiles/CMakeTmp/src.c:5:8: warning: unused variable ‘rv’ [-Wunused-variable]
    5 |  void* rv = _alloca(x);
      |        ^~
gmake[1]: *** [CMakeFiles/cmTC_85c1d.dir/build.make:78: CMakeFiles/cmTC_85c1d.dir/src.c.o] Error 1
gmake[1]: Leaving directory '/home/peder/GitHub/JANUS-ROV-communicator/src/nodecomx_cpp_py/include/lib/janus-c-3.0.5/bin/CMakeFiles/CMakeTmp'
gmake: *** [Makefile:127: cmTC_85c1d/fast] Error 2


Source file was:

int main(void) {
size_t x;

 void* rv = _alloca(x);
return 0;
}

Performing C SOURCE FILE Test JANUS_SYS_HAS_CRITICAL_SECTION failed with the following output:
Change Dir: /home/peder/GitHub/JANUS-ROV-communicator/src/nodecomx_cpp_py/include/lib/janus-c-3.0.5/bin/CMakeFiles/CMakeTmp

Run Build Command(s):/usr/bin/gmake -f Makefile cmTC_ef1dc/fast && /usr/bin/gmake  -f CMakeFiles/cmTC_ef1dc.dir/build.make CMakeFiles/cmTC_ef1dc.dir/build
gmake[1]: Entering directory '/home/peder/GitHub/JANUS-ROV-communicator/src/nodecomx_cpp_py/include/lib/janus-c-3.0.5/bin/CMakeFiles/CMakeTmp'
Building C object CMakeFiles/cmTC_ef1dc.dir/src.c.o
/usr/bin/cc -DJANUS_SYS_HAS_CRITICAL_SECTION -I/home/peder/GitHub/JANUS-ROV-communicator/src/nodecomx_cpp_py/include/lib/janus-c-3.0.5/external/libraries/x86-64bit-linux-glibc-gcc113/include -fPIC -std=c99 -Wall -Wshadow -pedantic -o CMakeFiles/cmTC_ef1dc.dir/src.c.o -c /home/peder/GitHub/JANUS-ROV-communicator/src/nodecomx_cpp_py/include/lib/janus-c-3.0.5/bin/CMakeFiles/CMakeTmp/src.c
/home/peder/GitHub/JANUS-ROV-communicator/src/nodecomx_cpp_py/include/lib/janus-c-3.0.5/bin/CMakeFiles/CMakeTmp/src.c: In function ‘main’:
/home/peder/GitHub/JANUS-ROV-communicator/src/nodecomx_cpp_py/include/lib/janus-c-3.0.5/bin/CMakeFiles/CMakeTmp/src.c:2:18: error: unknown type name ‘CRITICAL_SECTION’
    2 | int main(void) { CRITICAL_SECTION x; return 0;}
      |                  ^~~~~~~~~~~~~~~~
/home/peder/GitHub/JANUS-ROV-communicator/src/nodecomx_cpp_py/include/lib/janus-c-3.0.5/bin/CMakeFiles/CMakeTmp/src.c:2:35: warning: unused variable ‘x’ [-Wunused-variable]
    2 | int main(void) { CRITICAL_SECTION x; return 0;}
      |                                   ^
gmake[1]: *** [CMakeFiles/cmTC_ef1dc.dir/build.make:78: CMakeFiles/cmTC_ef1dc.dir/src.c.o] Error 1
gmake[1]: Leaving directory '/home/peder/GitHub/JANUS-ROV-communicator/src/nodecomx_cpp_py/include/lib/janus-c-3.0.5/bin/CMakeFiles/CMakeTmp'
gmake: *** [Makefile:127: cmTC_ef1dc/fast] Error 2


Source file was:

int main(void) { CRITICAL_SECTION x; return 0;}

Performing C SOURCE FILE Test JANUS_SYS_HAS_STD_TR1_SHARED_PTR failed with the following output:
Change Dir: /home/peder/GitHub/JANUS-ROV-communicator/src/nodecomx_cpp_py/include/lib/janus-c-3.0.5/bin/CMakeFiles/CMakeTmp

Run Build Command(s):/usr/bin/gmake -f Makefile cmTC_56134/fast && /usr/bin/gmake  -f CMakeFiles/cmTC_56134.dir/build.make CMakeFiles/cmTC_56134.dir/build
gmake[1]: Entering directory '/home/peder/GitHub/JANUS-ROV-communicator/src/nodecomx_cpp_py/include/lib/janus-c-3.0.5/bin/CMakeFiles/CMakeTmp'
Building C object CMakeFiles/cmTC_56134.dir/src.c.o
/usr/bin/cc -DJANUS_SYS_HAS_STD_TR1_SHARED_PTR -I/home/peder/GitHub/JANUS-ROV-communicator/src/nodecomx_cpp_py/include/lib/janus-c-3.0.5/external/libraries/x86-64bit-linux-glibc-gcc113/include -fPIC -std=c99 -Wall -Wshadow -pedantic -o CMakeFiles/cmTC_56134.dir/src.c.o -c /home/peder/GitHub/JANUS-ROV-communicator/src/nodecomx_cpp_py/include/lib/janus-c-3.0.5/bin/CMakeFiles/CMakeTmp/src.c
/home/peder/GitHub/JANUS-ROV-communicator/src/nodecomx_cpp_py/include/lib/janus-c-3.0.5/bin/CMakeFiles/CMakeTmp/src.c: In function ‘main’:
/home/peder/GitHub/JANUS-ROV-communicator/src/nodecomx_cpp_py/include/lib/janus-c-3.0.5/bin/CMakeFiles/CMakeTmp/src.c:2:22: error: expected expression before ‘:’ token
    2 | int main(void) { std::tr1::shared_ptr<int> x; return 0;}
      |                      ^
/home/peder/GitHub/JANUS-ROV-communicator/src/nodecomx_cpp_py/include/lib/janus-c-3.0.5/bin/CMakeFiles/CMakeTmp/src.c:2:18: warning: label ‘std’ defined but not used [-Wunused-label]
    2 | int main(void) { std::tr1::shared_ptr<int> x; return 0;}
      |                  ^~~
gmake[1]: *** [CMakeFiles/cmTC_56134.dir/build.make:78: CMakeFiles/cmTC_56134.dir/src.c.o] Error 1
gmake[1]: Leaving directory '/home/peder/GitHub/JANUS-ROV-communicator/src/nodecomx_cpp_py/include/lib/janus-c-3.0.5/bin/CMakeFiles/CMakeTmp'
gmake: *** [Makefile:127: cmTC_56134/fast] Error 2


Source file was:

int main(void) { std::tr1::shared_ptr<int> x; return 0;}

Determining if the function FLAC__stream_encoder_process exists in the FLAC failed with the following output:
Change Dir: /home/peder/GitHub/JANUS-ROV-communicator/src/nodecomx_cpp_py/include/lib/janus-c-3.0.5/bin/CMakeFiles/CMakeTmp

Run Build Command(s):/usr/bin/gmake -f Makefile cmTC_12cda/fast && /usr/bin/gmake  -f CMakeFiles/cmTC_12cda.dir/build.make CMakeFiles/cmTC_12cda.dir/build
gmake[1]: Entering directory '/home/peder/GitHub/JANUS-ROV-communicator/src/nodecomx_cpp_py/include/lib/janus-c-3.0.5/bin/CMakeFiles/CMakeTmp'
Building C object CMakeFiles/cmTC_12cda.dir/CheckFunctionExists.c.o
/usr/bin/cc   -fPIC -DCHECK_FUNCTION_EXISTS=FLAC__stream_encoder_process -std=c99 -Wall -Wshadow -pedantic -o CMakeFiles/cmTC_12cda.dir/CheckFunctionExists.c.o -c /usr/share/cmake-3.22/Modules/CheckFunctionExists.c
Linking C executable cmTC_12cda
/usr/bin/cmake -E cmake_link_script CMakeFiles/cmTC_12cda.dir/link.txt --verbose=1
/usr/bin/cc  -fPIC -DCHECK_FUNCTION_EXISTS=FLAC__stream_encoder_process -std=c99 -Wall -Wshadow -pedantic -rdynamic CMakeFiles/cmTC_12cda.dir/CheckFunctionExists.c.o -o cmTC_12cda  -lFLAC -lrt -lpthread -lm -lnsl -ldl -lasound 
/usr/bin/ld: cannot find -lFLAC: No such file or directory
collect2: error: ld returned 1 exit status
gmake[1]: *** [CMakeFiles/cmTC_12cda.dir/build.make:99: cmTC_12cda] Error 1
gmake[1]: Leaving directory '/home/peder/GitHub/JANUS-ROV-communicator/src/nodecomx_cpp_py/include/lib/janus-c-3.0.5/bin/CMakeFiles/CMakeTmp'
gmake: *** [Makefile:127: cmTC_12cda/fast] Error 2



Performing C SOURCE FILE Test JANUS_SYS_HAS_FLAC_ALL_H failed with the following output:
Change Dir: /home/peder/GitHub/JANUS-ROV-communicator/src/nodecomx_cpp_py/include/lib/janus-c-3.0.5/bin/CMakeFiles/CMakeTmp

Run Build Command(s):/usr/bin/gmake -f Makefile cmTC_8d212/fast && /usr/bin/gmake  -f CMakeFiles/cmTC_8d212.dir/build.make CMakeFiles/cmTC_8d212.dir/build
gmake[1]: Entering directory '/home/peder/GitHub/JANUS-ROV-communicator/src/nodecomx_cpp_py/include/lib/janus-c-3.0.5/bin/CMakeFiles/CMakeTmp'
Building C object CMakeFiles/cmTC_8d212.dir/src.c.o
/usr/bin/cc -DJANUS_SYS_HAS_FLAC_ALL_H -I/home/peder/GitHub/JANUS-ROV-communicator/src/nodecomx_cpp_py/include/lib/janus-c-3.0.5/external/libraries/x86-64bit-linux-glibc-gcc113/include -fPIC -std=c99 -Wall -Wshadow -pedantic -o CMakeFiles/cmTC_8d212.dir/src.c.o -c /home/peder/GitHub/JANUS-ROV-communicator/src/nodecomx_cpp_py/include/lib/janus-c-3.0.5/bin/CMakeFiles/CMakeTmp/src.c
/home/peder/GitHub/JANUS-ROV-communicator/src/nodecomx_cpp_py/include/lib/janus-c-3.0.5/bin/CMakeFiles/CMakeTmp/src.c:2:10: fatal error: FLAC/all.h: No such file or directory
    2 | #include <FLAC/all.h>
      |          ^~~~~~~~~~~~
compilation terminated.
gmake[1]: *** [CMakeFiles/cmTC_8d212.dir/build.make:78: CMakeFiles/cmTC_8d212.dir/src.c.o] Error 1
gmake[1]: Leaving directory '/home/peder/GitHub/JANUS-ROV-communicator/src/nodecomx_cpp_py/include/lib/janus-c-3.0.5/bin/CMakeFiles/CMakeTmp'
gmake: *** [Makefile:127: cmTC_8d212/fast] Error 2


Source file was:

#include <FLAC/all.h>
int main(void){ return 0; }

